Converting notebook to script
Setting up python version and conda shell
Activating conda environment
Running simulation
Loading/Installing Package => Begin


Installing pickle5
Defaulting to user installation because normal site-packages is not writeable
Requirement already satisfied: pickle5 in /wsu/home/gy/gy40/gy4065/.local/lib/python3.9/site-packages (0.0.11)
Installed pickle5


########################################################################
Checking the running platforms

Python version: 3.9.16
OS: Linux
OS version: 5.15.80-200.el7.x86_64
running on Colab: False
Dataset Directory Path: /wsu/home/gy/gy40/gy4065/hm.jetscapeml.data/
Simulation Results Path: /wsu/home/gy/gy40/gy4065/hm.jetscapeml.data/simulation_results/
Dataset Directory Path: /wsu/home/gy/gy40/gy4065/hm.jetscapeml.data/
Simulation Directory Path: /wsu/home/gy/gy40/gy4065/hm.jetscapeml.data/simulation_results/
########################################################################


Loading/Installing Package => End


Tokenized Arguments:

Tokenized Values:
y_class_label_items: ['MMAT', 'MLBT']
alpha_s_items: [0.2, 0.3, 0.4]
q0_items: [1.5, 2.0, 2.5]
Building required params for the loading the dataset file
dataset_file_name: /wsu/home/gy/gy40/gy4065/hm.jetscapeml.data/simulation_results/jet_ml_benchmark_config_01_to_09_alpha_0.2_0.3_0.4_q0_1.5_2.0_2.5_MMAT_MLBT_size_1000_shuffled.pkl
dataset.x: <class 'numpy.ndarray'> 1024000 (1000, 32, 32)
dataset.y: <class 'numpy.ndarray'> 3000 (1000, 3)
dataset.x: <class 'numpy.ndarray'> 1024000 (1000, 32, 32)
dataset.y: <class 'numpy.ndarray'> 3000 (1000, 3)
dataset y_train values:
 [[[0.        0.        0.        ... 0.        0.0295267 0.       ]
  [0.        0.        0.        ... 0.        0.        0.       ]
  [0.        0.        0.        ... 0.        0.        0.       ]
  ...
  [0.        0.        0.        ... 0.        0.        0.       ]
  [0.        0.        0.        ... 0.        0.        0.       ]
  [0.        0.        0.        ... 0.        0.        0.       ]]

 [[0.        0.        0.        ... 0.        0.        0.0857442]
  [0.0729852 0.        0.        ... 0.        0.        0.       ]
  [0.        0.        0.        ... 0.        0.        0.       ]
  ...
  [0.        0.        0.        ... 0.        0.        0.       ]
  [0.        0.        0.        ... 0.        0.        0.       ]
  [0.        0.        0.        ... 0.        0.        0.       ]]

 [[0.0886838 0.        0.        ... 0.        0.        0.       ]
  [0.        0.        0.        ... 0.        0.        0.       ]
  [0.        0.        0.        ... 0.        0.        0.       ]
  ...
  [0.        0.        0.        ... 0.        0.        0.       ]
  [0.        0.        0.        ... 0.        0.        0.       ]
  [0.        0.        0.        ... 0.        0.        0.0506899]]

 ...

 [[0.        0.        0.        ... 0.        0.        0.       ]
  [0.        0.        0.        ... 0.        0.        0.       ]
  [0.        0.        0.        ... 0.        0.        0.       ]
  ...
  [0.        0.        0.        ... 0.        0.        0.       ]
  [0.        0.        0.        ... 0.        0.        0.       ]
  [0.        0.        0.307198  ... 0.        0.        0.       ]]

 [[0.        0.        0.        ... 0.        0.        0.       ]
  [0.        0.        0.        ... 0.        0.        0.       ]
  [0.        0.        0.        ... 0.        0.        0.       ]
  ...
  [0.        0.        0.        ... 0.        0.        0.       ]
  [0.        0.        0.        ... 0.        0.        0.       ]
  [0.        0.        0.        ... 0.        0.        0.       ]]

 [[0.        0.        0.        ... 0.        0.        0.       ]
  [0.        0.        0.        ... 0.        0.        0.       ]
  [0.        0.        0.        ... 0.        0.        0.       ]
  ...
  [0.        0.        0.        ... 0.        0.        0.       ]
  [0.        0.        0.        ... 0.        0.        0.       ]
  [0.        0.        0.        ... 0.        0.        2.05216  ]]]
dataset y_test values:
 [['MLBT' '0.4' '2.5']
 ['MLBT' '0.2' '2.5']
 ['MMAT' '0.4' '1']
 ['MMAT' '0.4' '1']
 ['MMAT' '0.3' '1']
 ['MMAT' '0.4' '1']
 ['MMAT' '0.3' '1']
 ['MLBT' '0.4' '2.5']
 ['MLBT' '0.4' '2.0']]
Installing PointNet
Defaulting to user installation because normal site-packages is not writeable
Requirement already satisfied: PointNet in /wsu/home/gy/gy40/gy4065/.local/lib/python3.9/site-packages (0.1.1)
Requirement already satisfied: torch>=1.10 in /wsu/home/gy/gy40/gy4065/.local/lib/python3.9/site-packages (from PointNet) (2.1.1)
Requirement already satisfied: einops>=0.6.1 in /wsu/home/gy/gy40/gy4065/.local/lib/python3.9/site-packages (from PointNet) (0.7.0)
Requirement already satisfied: taichi>=1.6.0 in /wsu/home/gy/gy40/gy4065/.local/lib/python3.9/site-packages (from PointNet) (1.6.0)
Requirement already satisfied: numpy in /wsu/el7/pre-compiled/python/3.7/envs/tensorflow-gpu-v2.8/lib/python3.9/site-packages (from taichi>=1.6.0->PointNet) (1.25.0)
Requirement already satisfied: colorama in /wsu/home/gy/gy40/gy4065/.local/lib/python3.9/site-packages (from taichi>=1.6.0->PointNet) (0.4.6)
Requirement already satisfied: dill in /wsu/home/gy/gy40/gy4065/.local/lib/python3.9/site-packages (from taichi>=1.6.0->PointNet) (0.3.7)
Requirement already satisfied: rich in /wsu/home/gy/gy40/gy4065/.local/lib/python3.9/site-packages (from taichi>=1.6.0->PointNet) (13.7.0)
Requirement already satisfied: filelock in /wsu/home/gy/gy40/gy4065/.local/lib/python3.9/site-packages (from torch>=1.10->PointNet) (3.13.1)
Requirement already satisfied: typing-extensions in /wsu/el7/pre-compiled/python/3.7/envs/tensorflow-gpu-v2.8/lib/python3.9/site-packages (from torch>=1.10->PointNet) (4.6.3)
Requirement already satisfied: sympy in /wsu/home/gy/gy40/gy4065/.local/lib/python3.9/site-packages (from torch>=1.10->PointNet) (1.12)
Requirement already satisfied: networkx in /wsu/el7/pre-compiled/python/3.7/envs/tensorflow-gpu-v2.8/lib/python3.9/site-packages (from torch>=1.10->PointNet) (3.1)
Requirement already satisfied: jinja2 in /wsu/home/gy/gy40/gy4065/.local/lib/python3.9/site-packages (from torch>=1.10->PointNet) (3.1.2)
Requirement already satisfied: fsspec in /wsu/home/gy/gy40/gy4065/.local/lib/python3.9/site-packages (from torch>=1.10->PointNet) (2023.10.0)
Requirement already satisfied: nvidia-cuda-nvrtc-cu12==12.1.105 in /wsu/home/gy/gy40/gy4065/.local/lib/python3.9/site-packages (from torch>=1.10->PointNet) (12.1.105)
Requirement already satisfied: nvidia-cuda-runtime-cu12==12.1.105 in /wsu/home/gy/gy40/gy4065/.local/lib/python3.9/site-packages (from torch>=1.10->PointNet) (12.1.105)
Requirement already satisfied: nvidia-cuda-cupti-cu12==12.1.105 in /wsu/home/gy/gy40/gy4065/.local/lib/python3.9/site-packages (from torch>=1.10->PointNet) (12.1.105)
Requirement already satisfied: nvidia-cudnn-cu12==8.9.2.26 in /wsu/home/gy/gy40/gy4065/.local/lib/python3.9/site-packages (from torch>=1.10->PointNet) (8.9.2.26)
Requirement already satisfied: nvidia-cublas-cu12==12.1.3.1 in /wsu/home/gy/gy40/gy4065/.local/lib/python3.9/site-packages (from torch>=1.10->PointNet) (12.1.3.1)
Requirement already satisfied: nvidia-cufft-cu12==11.0.2.54 in /wsu/home/gy/gy40/gy4065/.local/lib/python3.9/site-packages (from torch>=1.10->PointNet) (11.0.2.54)
Requirement already satisfied: nvidia-curand-cu12==10.3.2.106 in /wsu/home/gy/gy40/gy4065/.local/lib/python3.9/site-packages (from torch>=1.10->PointNet) (10.3.2.106)
Requirement already satisfied: nvidia-cusolver-cu12==11.4.5.107 in /wsu/home/gy/gy40/gy4065/.local/lib/python3.9/site-packages (from torch>=1.10->PointNet) (11.4.5.107)
Requirement already satisfied: nvidia-cusparse-cu12==12.1.0.106 in /wsu/home/gy/gy40/gy4065/.local/lib/python3.9/site-packages (from torch>=1.10->PointNet) (12.1.0.106)
Requirement already satisfied: nvidia-nccl-cu12==2.18.1 in /wsu/home/gy/gy40/gy4065/.local/lib/python3.9/site-packages (from torch>=1.10->PointNet) (2.18.1)
Requirement already satisfied: nvidia-nvtx-cu12==12.1.105 in /wsu/home/gy/gy40/gy4065/.local/lib/python3.9/site-packages (from torch>=1.10->PointNet) (12.1.105)
Requirement already satisfied: triton==2.1.0 in /wsu/home/gy/gy40/gy4065/.local/lib/python3.9/site-packages (from torch>=1.10->PointNet) (2.1.0)
Requirement already satisfied: nvidia-nvjitlink-cu12 in /wsu/home/gy/gy40/gy4065/.local/lib/python3.9/site-packages (from nvidia-cusolver-cu12==11.4.5.107->torch>=1.10->PointNet) (12.3.101)
Requirement already satisfied: MarkupSafe>=2.0 in /wsu/el7/pre-compiled/python/3.7/envs/tensorflow-gpu-v2.8/lib/python3.9/site-packages (from jinja2->torch>=1.10->PointNet) (2.1.3)
Requirement already satisfied: markdown-it-py>=2.2.0 in /wsu/home/gy/gy40/gy4065/.local/lib/python3.9/site-packages (from rich->taichi>=1.6.0->PointNet) (3.0.0)
Requirement already satisfied: pygments<3.0.0,>=2.13.0 in /wsu/el7/pre-compiled/python/3.7/envs/tensorflow-gpu-v2.8/lib/python3.9/site-packages (from rich->taichi>=1.6.0->PointNet) (2.15.1)
Requirement already satisfied: mpmath>=0.19 in /wsu/home/gy/gy40/gy4065/.local/lib/python3.9/site-packages (from sympy->torch>=1.10->PointNet) (1.3.0)
Requirement already satisfied: mdurl~=0.1 in /wsu/home/gy/gy40/gy4065/.local/lib/python3.9/site-packages (from markdown-it-py>=2.2.0->rich->taichi>=1.6.0->PointNet) (0.1.2)
Installed PointNet

