[NbConvertApp] Converting notebook jetscape-ml-tensorflow-cnn.ipynb to script
[NbConvertApp] Writing 40703 bytes to jetscape-ml-tensorflow-cnn.py
2022-03-16 22:24:08.806899: I tensorflow/stream_executor/platform/default/dso_loader.cc:44] Successfully opened dynamic library libcuda.so.1
2022-03-16 22:24:08.844890: I tensorflow/core/common_runtime/gpu/gpu_device.cc:1555] Found device 0 with properties: 
pciBusID: 0000:1e:00.0 name: Tesla V100-SXM2-16GB computeCapability: 7.0
coreClock: 1.53GHz coreCount: 80 deviceMemorySize: 15.78GiB deviceMemoryBandwidth: 836.37GiB/s
2022-03-16 22:24:08.845222: I tensorflow/stream_executor/platform/default/dso_loader.cc:44] Successfully opened dynamic library libcudart.so.10.1
2022-03-16 22:24:08.847781: I tensorflow/stream_executor/platform/default/dso_loader.cc:44] Successfully opened dynamic library libcublas.so.10
2022-03-16 22:24:08.850515: I tensorflow/stream_executor/platform/default/dso_loader.cc:44] Successfully opened dynamic library libcufft.so.10
2022-03-16 22:24:08.850888: I tensorflow/stream_executor/platform/default/dso_loader.cc:44] Successfully opened dynamic library libcurand.so.10
2022-03-16 22:24:08.853415: I tensorflow/stream_executor/platform/default/dso_loader.cc:44] Successfully opened dynamic library libcusolver.so.10
2022-03-16 22:24:08.854304: I tensorflow/stream_executor/platform/default/dso_loader.cc:44] Successfully opened dynamic library libcusparse.so.10
2022-03-16 22:24:08.859125: I tensorflow/stream_executor/platform/default/dso_loader.cc:44] Successfully opened dynamic library libcudnn.so.7
2022-03-16 22:24:08.859926: I tensorflow/core/common_runtime/gpu/gpu_device.cc:1697] Adding visible gpu devices: 0
2022-03-16 22:24:08.860224: I tensorflow/core/platform/cpu_feature_guard.cc:142] Your CPU supports instructions that this TensorFlow binary was not compiled to use: SSE4.1 SSE4.2 AVX AVX2 AVX512F FMA
2022-03-16 22:24:08.868420: I tensorflow/core/platform/profile_utils/cpu_utils.cc:94] CPU Frequency: 2400000000 Hz
2022-03-16 22:24:08.869662: I tensorflow/compiler/xla/service/service.cc:168] XLA service 0x5556a6461710 initialized for platform Host (this does not guarantee that XLA will be used). Devices:
2022-03-16 22:24:08.869689: I tensorflow/compiler/xla/service/service.cc:176]   StreamExecutor device (0): Host, Default Version
2022-03-16 22:24:08.870182: I tensorflow/core/common_runtime/gpu/gpu_device.cc:1555] Found device 0 with properties: 
pciBusID: 0000:1e:00.0 name: Tesla V100-SXM2-16GB computeCapability: 7.0
coreClock: 1.53GHz coreCount: 80 deviceMemorySize: 15.78GiB deviceMemoryBandwidth: 836.37GiB/s
2022-03-16 22:24:08.870218: I tensorflow/stream_executor/platform/default/dso_loader.cc:44] Successfully opened dynamic library libcudart.so.10.1
2022-03-16 22:24:08.870232: I tensorflow/stream_executor/platform/default/dso_loader.cc:44] Successfully opened dynamic library libcublas.so.10
2022-03-16 22:24:08.870245: I tensorflow/stream_executor/platform/default/dso_loader.cc:44] Successfully opened dynamic library libcufft.so.10
2022-03-16 22:24:08.870257: I tensorflow/stream_executor/platform/default/dso_loader.cc:44] Successfully opened dynamic library libcurand.so.10
2022-03-16 22:24:08.870269: I tensorflow/stream_executor/platform/default/dso_loader.cc:44] Successfully opened dynamic library libcusolver.so.10
2022-03-16 22:24:08.870281: I tensorflow/stream_executor/platform/default/dso_loader.cc:44] Successfully opened dynamic library libcusparse.so.10
2022-03-16 22:24:08.870293: I tensorflow/stream_executor/platform/default/dso_loader.cc:44] Successfully opened dynamic library libcudnn.so.7
2022-03-16 22:24:08.870853: I tensorflow/core/common_runtime/gpu/gpu_device.cc:1697] Adding visible gpu devices: 0
2022-03-16 22:24:08.870886: I tensorflow/stream_executor/platform/default/dso_loader.cc:44] Successfully opened dynamic library libcudart.so.10.1
2022-03-16 22:24:08.995457: I tensorflow/core/common_runtime/gpu/gpu_device.cc:1096] Device interconnect StreamExecutor with strength 1 edge matrix:
2022-03-16 22:24:08.995513: I tensorflow/core/common_runtime/gpu/gpu_device.cc:1102]      0 
2022-03-16 22:24:08.995532: I tensorflow/core/common_runtime/gpu/gpu_device.cc:1115] 0:   N 
2022-03-16 22:24:08.996990: I tensorflow/core/common_runtime/gpu/gpu_device.cc:1241] Created TensorFlow device (/job:localhost/replica:0/task:0/device:GPU:0 with 15061 MB memory) -> physical GPU (device: 0, name: Tesla V100-SXM2-16GB, pci bus id: 0000:1e:00.0, compute capability: 7.0)
2022-03-16 22:24:08.999197: I tensorflow/compiler/xla/service/service.cc:168] XLA service 0x5556a6d3c5c0 initialized for platform CUDA (this does not guarantee that XLA will be used). Devices:
2022-03-16 22:24:08.999222: I tensorflow/compiler/xla/service/service.cc:176]   StreamExecutor device (0): Tesla V100-SXM2-16GB, Compute Capability 7.0
2022-03-16 22:24:11.572736: I tensorflow/stream_executor/platform/default/dso_loader.cc:44] Successfully opened dynamic library libcublas.so.10
2022-03-16 22:24:11.851049: I tensorflow/stream_executor/platform/default/dso_loader.cc:44] Successfully opened dynamic library libcudnn.so.7
2022-03-16 22:24:12.919652: W tensorflow/stream_executor/gpu/redzone_allocator.cc:312] Not found: ./bin/ptxas not found
Relying on driver to perform ptx compilation. This message will be only logged once.
