Converting notebook to script
Setting up python version and conda shell
Activating conda environment
Running dataset step-9-all-config-cocatenate-shuffler
Defaulting to user installation because normal site-packages is not writeable
Requirement already satisfied: pickle5 in /wsu/home/gy/gy40/gy4065/.local/lib/python3.7/site-packages (0.0.12)
Defaulting to user installation because normal site-packages is not writeable
Requirement already satisfied: pickle5 in /wsu/home/gy/gy40/gy4065/.local/lib/python3.7/site-packages (0.0.12)
Loading/Installing Package => Begin


Installing pickle5
Installed pickle5


########################################################################
Checking the running platforms

Installing pickle5
Installed pickle5

Python version: 3.7.3
OS: Linux
OS version: 5.15.80-200.el7.x86_64
running on Colab: False
Dataset Directory Path: /wsu/home/gy/gy40/gy4065/hm.jetscapeml.data/
Simulation Results Path: /wsu/home/gy/gy40/gy4065/hm.jetscapeml.data/simulation_results/
Dataset Directory Path: /wsu/home/gy/gy40/gy4065/hm.jetscapeml.data/
Simulation Directory Path: /wsu/home/gy/gy40/gy4065/hm.jetscapeml.data/simulation_results/
########################################################################


Loading/Installing Package => End


Tokenized Arguments:

Tokenized Values:
Building required params for the loading/saving the dataset file
Loading all config dataset
dataset.x_train: <class 'numpy.ndarray'> 9953270784 (9719991, 32, 32)
dataset.x_test: <class 'numpy.ndarray'> 1105920000 (1080000, 32, 32)
dataset.y_train: <class 'numpy.ndarray'> 29159973 (9719991, 3)
dataset.y_test: <class 'numpy.ndarray'> 3240000 (1080000, 3)
dataset y_train values:
 [['MMAT' '0.2' '1']
 ['MMAT' '0.2' '1']
 ['MLBT' '0.2' '1.5']
 ['MLBT' '0.2' '1.5']
 ['MMAT' '0.2' '1']
 ['MLBT' '0.2' '1.5']
 ['MLBT' '0.2' '1.5']
 ['MMAT' '0.2' '1']
 ['MLBT' '0.2' '1.5']
 ['MMAT' '0.2' '1']
 ['MMAT' '0.2' '1']
 ['MLBT' '0.2' '1.5']
 ['MMAT' '0.2' '1']
 ['MMAT' '0.2' '1']
 ['MLBT' '0.2' '1.5']
 ['MMAT' '0.2' '1']
 ['MMAT' '0.2' '1']
 ['MMAT' '0.2' '1']
 ['MMAT' '0.2' '1']
 ['MLBT' '0.2' '1.5']
 ['MMAT' '0.2' '1']
 ['MLBT' '0.2' '1.5']
 ['MLBT' '0.2' '1.5']
 ['MLBT' '0.2' '1.5']
 ['MLBT' '0.2' '1.5']
 ['MLBT' '0.2' '1.5']
 ['MLBT' '0.2' '1.5']
 ['MMAT' '0.2' '1']
 ['MMAT' '0.2' '1']
 ['MMAT' '0.2' '1']
 ['MMAT' '0.2' '1']
 ['MMAT' '0.2' '1']
 ['MLBT' '0.2' '1.5']
 ['MLBT' '0.2' '1.5']
 ['MLBT' '0.2' '1.5']
 ['MLBT' '0.2' '1.5']
 ['MLBT' '0.2' '1.5']
 ['MMAT' '0.2' '1']
 ['MLBT' '0.2' '1.5']
 ['MLBT' '0.2' '1.5']
 ['MMAT' '0.2' '1']
 ['MLBT' '0.2' '1.5']
 ['MMAT' '0.2' '1']
 ['MMAT' '0.2' '1']
 ['MMAT' '0.2' '1']
 ['MLBT' '0.2' '1.5']
 ['MLBT' '0.2' '1.5']
 ['MMAT' '0.2' '1']
 ['MLBT' '0.2' '1.5']
 ['MMAT' '0.2' '1']
 ['MLBT' '0.2' '1.5']
 ['MLBT' '0.2' '1.5']
 ['MLBT' '0.2' '1.5']
 ['MMAT' '0.2' '1']
 ['MMAT' '0.2' '1']
 ['MLBT' '0.2' '1.5']
 ['MMAT' '0.2' '1']
 ['MMAT' '0.2' '1']
 ['MMAT' '0.2' '1']
 ['MMAT' '0.2' '1']
 ['MLBT' '0.2' '1.5']
 ['MMAT' '0.2' '1']
 ['MLBT' '0.2' '1.5']
 ['MLBT' '0.2' '1.5']
 ['MLBT' '0.2' '1.5']
 ['MLBT' '0.2' '1.5']
 ['MMAT' '0.2' '1']
 ['MLBT' '0.2' '1.5']
 ['MLBT' '0.2' '1.5']
 ['MMAT' '0.2' '1']
 ['MLBT' '0.2' '1.5']
 ['MLBT' '0.2' '1.5']
 ['MLBT' '0.2' '1.5']
 ['MLBT' '0.2' '1.5']
 ['MMAT' '0.2' '1']
 ['MLBT' '0.2' '1.5']
 ['MLBT' '0.2' '1.5']
 ['MLBT' '0.2' '1.5']
 ['MMAT' '0.2' '1']
 ['MMAT' '0.2' '1']
 ['MLBT' '0.2' '1.5']
 ['MMAT' '0.2' '1']
 ['MLBT' '0.2' '1.5']
 ['MLBT' '0.2' '1.5']
 ['MMAT' '0.2' '1']
 ['MLBT' '0.2' '1.5']
 ['MLBT' '0.2' '1.5']
 ['MMAT' '0.2' '1']
 ['MMAT' '0.2' '1']
 ['MMAT' '0.2' '1']
 ['MLBT' '0.2' '1.5']
 ['MMAT' '0.2' '1']
 ['MLBT' '0.2' '1.5']
 ['MLBT' '0.2' '1.5']
 ['MLBT' '0.2' '1.5']
 ['MLBT' '0.2' '1.5']
 ['MLBT' '0.2' '1.5']
 ['MMAT' '0.2' '1']
 ['MMAT' '0.2' '1']]
dataset y_test values:
 [['MMAT' '0.2' '1']
 ['MMAT' '0.2' '1']
 ['MMAT' '0.2' '1']
 ['MMAT' '0.2' '1']
 ['MMAT' '0.2' '1']
 ['MMAT' '0.2' '1']
 ['MMAT' '0.2' '1']
 ['MMAT' '0.2' '1']
 ['MMAT' '0.2' '1']]
Loading all config shuffled dataset
dataset.x_train: <class 'numpy.ndarray'> 9953270784 (9719991, 32, 32)
dataset.x_test: <class 'numpy.ndarray'> 1105920000 (1080000, 32, 32)
dataset.y_train: <class 'numpy.ndarray'> 29159973 (9719991, 3)
dataset.y_test: <class 'numpy.ndarray'> 3240000 (1080000, 3)
shuffled_dataset y_train values:
 [['MMAT' '0.2' '1']
 ['MMAT' '0.2' '1']
 ['MLBT' '0.2' '1.5']
 ['MLBT' '0.2' '1.5']
 ['MMAT' '0.2' '1']
 ['MLBT' '0.2' '1.5']
 ['MLBT' '0.2' '1.5']
 ['MMAT' '0.2' '1']
 ['MLBT' '0.2' '1.5']
 ['MMAT' '0.2' '1']
 ['MMAT' '0.2' '1']
 ['MLBT' '0.2' '1.5']
 ['MMAT' '0.2' '1']
 ['MMAT' '0.2' '1']
 ['MLBT' '0.2' '1.5']
 ['MMAT' '0.2' '1']
 ['MMAT' '0.2' '1']
 ['MMAT' '0.2' '1']
 ['MMAT' '0.2' '1']
 ['MLBT' '0.2' '1.5']
 ['MMAT' '0.2' '1']
 ['MLBT' '0.2' '1.5']
 ['MLBT' '0.2' '1.5']
 ['MLBT' '0.2' '1.5']
 ['MLBT' '0.2' '1.5']
 ['MLBT' '0.2' '1.5']
 ['MLBT' '0.2' '1.5']
 ['MMAT' '0.2' '1']
 ['MMAT' '0.2' '1']
 ['MMAT' '0.2' '1']
 ['MMAT' '0.2' '1']
 ['MMAT' '0.2' '1']
 ['MLBT' '0.2' '1.5']
 ['MLBT' '0.2' '1.5']
 ['MLBT' '0.2' '1.5']
 ['MLBT' '0.2' '1.5']
 ['MLBT' '0.2' '1.5']
 ['MMAT' '0.2' '1']
 ['MLBT' '0.2' '1.5']
 ['MLBT' '0.2' '1.5']
 ['MMAT' '0.2' '1']
 ['MLBT' '0.2' '1.5']
 ['MMAT' '0.2' '1']
 ['MMAT' '0.2' '1']
 ['MMAT' '0.2' '1']
 ['MLBT' '0.2' '1.5']
 ['MLBT' '0.2' '1.5']
 ['MMAT' '0.2' '1']
 ['MLBT' '0.2' '1.5']
 ['MMAT' '0.2' '1']
 ['MLBT' '0.2' '1.5']
 ['MLBT' '0.2' '1.5']
 ['MLBT' '0.2' '1.5']
 ['MMAT' '0.2' '1']
 ['MMAT' '0.2' '1']
 ['MLBT' '0.2' '1.5']
 ['MMAT' '0.2' '1']
 ['MMAT' '0.2' '1']
 ['MMAT' '0.2' '1']
 ['MMAT' '0.2' '1']
 ['MLBT' '0.2' '1.5']
 ['MMAT' '0.2' '1']
 ['MLBT' '0.2' '1.5']
 ['MLBT' '0.2' '1.5']
 ['MLBT' '0.2' '1.5']
 ['MLBT' '0.2' '1.5']
 ['MMAT' '0.2' '1']
 ['MLBT' '0.2' '1.5']
 ['MLBT' '0.2' '1.5']
 ['MMAT' '0.2' '1']
 ['MLBT' '0.2' '1.5']
 ['MLBT' '0.2' '1.5']
 ['MLBT' '0.2' '1.5']
 ['MLBT' '0.2' '1.5']
 ['MMAT' '0.2' '1']
 ['MLBT' '0.2' '1.5']
 ['MLBT' '0.2' '1.5']
 ['MLBT' '0.2' '1.5']
 ['MMAT' '0.2' '1']
 ['MMAT' '0.2' '1']
 ['MLBT' '0.2' '1.5']
 ['MMAT' '0.2' '1']
 ['MLBT' '0.2' '1.5']
 ['MLBT' '0.2' '1.5']
 ['MMAT' '0.2' '1']
 ['MLBT' '0.2' '1.5']
 ['MLBT' '0.2' '1.5']
 ['MMAT' '0.2' '1']
 ['MMAT' '0.2' '1']
 ['MMAT' '0.2' '1']
 ['MLBT' '0.2' '1.5']
 ['MMAT' '0.2' '1']
 ['MLBT' '0.2' '1.5']
 ['MLBT' '0.2' '1.5']
 ['MLBT' '0.2' '1.5']
 ['MLBT' '0.2' '1.5']
 ['MLBT' '0.2' '1.5']
 ['MMAT' '0.2' '1']
 ['MMAT' '0.2' '1']]
shuffled_dataset y_test values:
 [['MMAT' '0.2' '1']
 ['MMAT' '0.2' '1']
 ['MMAT' '0.2' '1']
 ['MMAT' '0.2' '1']
 ['MMAT' '0.2' '1']
 ['MMAT' '0.2' '1']
 ['MMAT' '0.2' '1']
 ['MMAT' '0.2' '1']
 ['MMAT' '0.2' '1']]
