[NbConvertApp] Converting notebook jet-ml-deep-model-cnn-legacy-replica.ipynb to python
[NbConvertApp] Writing 19770 bytes to jet-ml-deep-model-cnn-legacy-replica.py
2023-03-02 14:43:34.700135: I tensorflow/core/platform/cpu_feature_guard.cc:142] Your CPU supports instructions that this TensorFlow binary was not compiled to use: SSE4.1 SSE4.2 AVX AVX2 AVX512F FMA
2023-03-02 14:43:34.730221: I tensorflow/core/platform/profile_utils/cpu_utils.cc:94] CPU Frequency: 2400000000 Hz
2023-03-02 14:43:34.731836: I tensorflow/compiler/xla/service/service.cc:168] XLA service 0x55e4b76de0e0 initialized for platform Host (this does not guarantee that XLA will be used). Devices:
2023-03-02 14:43:34.731910: I tensorflow/compiler/xla/service/service.cc:176]   StreamExecutor device (0): Host, Default Version
2023-03-02 14:43:34.736198: I tensorflow/stream_executor/platform/default/dso_loader.cc:44] Successfully opened dynamic library libcuda.so.1
2023-03-02 14:43:34.807006: I tensorflow/core/common_runtime/gpu/gpu_device.cc:1555] Found device 0 with properties: 
pciBusID: 0000:1d:00.0 name: Tesla V100-SXM2-16GB computeCapability: 7.0
coreClock: 1.53GHz coreCount: 80 deviceMemorySize: 15.77GiB deviceMemoryBandwidth: 836.37GiB/s
2023-03-02 14:43:34.847555: I tensorflow/stream_executor/platform/default/dso_loader.cc:44] Successfully opened dynamic library libcudart.so.10.1
2023-03-02 14:43:35.428234: I tensorflow/stream_executor/platform/default/dso_loader.cc:44] Successfully opened dynamic library libcublas.so.10
2023-03-02 14:43:35.758907: I tensorflow/stream_executor/platform/default/dso_loader.cc:44] Successfully opened dynamic library libcufft.so.10
2023-03-02 14:43:36.121366: I tensorflow/stream_executor/platform/default/dso_loader.cc:44] Successfully opened dynamic library libcurand.so.10
2023-03-02 14:43:36.456950: I tensorflow/stream_executor/platform/default/dso_loader.cc:44] Successfully opened dynamic library libcusolver.so.10
2023-03-02 14:43:36.755504: I tensorflow/stream_executor/platform/default/dso_loader.cc:44] Successfully opened dynamic library libcusparse.so.10
2023-03-02 14:43:37.862362: I tensorflow/stream_executor/platform/default/dso_loader.cc:44] Successfully opened dynamic library libcudnn.so.7
2023-03-02 14:43:37.864021: I tensorflow/core/common_runtime/gpu/gpu_device.cc:1697] Adding visible gpu devices: 0
2023-03-02 14:43:38.199745: I tensorflow/stream_executor/platform/default/dso_loader.cc:44] Successfully opened dynamic library libcudart.so.10.1
2023-03-02 14:43:38.354515: I tensorflow/core/common_runtime/gpu/gpu_device.cc:1096] Device interconnect StreamExecutor with strength 1 edge matrix:
2023-03-02 14:43:38.354566: I tensorflow/core/common_runtime/gpu/gpu_device.cc:1102]      0 
2023-03-02 14:43:38.354589: I tensorflow/core/common_runtime/gpu/gpu_device.cc:1115] 0:   N 
2023-03-02 14:43:38.356026: I tensorflow/core/common_runtime/gpu/gpu_device.cc:1241] Created TensorFlow device (/device:GPU:0 with 15049 MB memory) -> physical GPU (device: 0, name: Tesla V100-SXM2-16GB, pci bus id: 0000:1d:00.0, compute capability: 7.0)
2023-03-02 14:43:38.978828: I tensorflow/compiler/xla/service/service.cc:168] XLA service 0x55e4b8698a40 initialized for platform CUDA (this does not guarantee that XLA will be used). Devices:
2023-03-02 14:43:38.978938: I tensorflow/compiler/xla/service/service.cc:176]   StreamExecutor device (0): Tesla V100-SXM2-16GB, Compute Capability 7.0
2023-03-02 14:43:38.981338: I tensorflow/core/common_runtime/gpu/gpu_device.cc:1555] Found device 0 with properties: 
pciBusID: 0000:1d:00.0 name: Tesla V100-SXM2-16GB computeCapability: 7.0
coreClock: 1.53GHz coreCount: 80 deviceMemorySize: 15.77GiB deviceMemoryBandwidth: 836.37GiB/s
2023-03-02 14:43:38.981457: I tensorflow/stream_executor/platform/default/dso_loader.cc:44] Successfully opened dynamic library libcudart.so.10.1
2023-03-02 14:43:38.981508: I tensorflow/stream_executor/platform/default/dso_loader.cc:44] Successfully opened dynamic library libcublas.so.10
2023-03-02 14:43:38.981554: I tensorflow/stream_executor/platform/default/dso_loader.cc:44] Successfully opened dynamic library libcufft.so.10
2023-03-02 14:43:38.981605: I tensorflow/stream_executor/platform/default/dso_loader.cc:44] Successfully opened dynamic library libcurand.so.10
2023-03-02 14:43:38.981651: I tensorflow/stream_executor/platform/default/dso_loader.cc:44] Successfully opened dynamic library libcusolver.so.10
2023-03-02 14:43:38.981696: I tensorflow/stream_executor/platform/default/dso_loader.cc:44] Successfully opened dynamic library libcusparse.so.10
2023-03-02 14:43:38.981741: I tensorflow/stream_executor/platform/default/dso_loader.cc:44] Successfully opened dynamic library libcudnn.so.7
2023-03-02 14:43:38.983262: I tensorflow/core/common_runtime/gpu/gpu_device.cc:1697] Adding visible gpu devices: 0
2023-03-02 14:43:38.983332: I tensorflow/core/common_runtime/gpu/gpu_device.cc:1096] Device interconnect StreamExecutor with strength 1 edge matrix:
2023-03-02 14:43:38.983363: I tensorflow/core/common_runtime/gpu/gpu_device.cc:1102]      0 
2023-03-02 14:43:38.983392: I tensorflow/core/common_runtime/gpu/gpu_device.cc:1115] 0:   N 
2023-03-02 14:43:38.984956: I tensorflow/core/common_runtime/gpu/gpu_device.cc:1241] Created TensorFlow device (/device:GPU:0 with 15049 MB memory) -> physical GPU (device: 0, name: Tesla V100-SXM2-16GB, pci bus id: 0000:1d:00.0, compute capability: 7.0)
2023-03-02 14:44:39.383993: I tensorflow/core/common_runtime/gpu/gpu_device.cc:1555] Found device 0 with properties: 
pciBusID: 0000:1d:00.0 name: Tesla V100-SXM2-16GB computeCapability: 7.0
coreClock: 1.53GHz coreCount: 80 deviceMemorySize: 15.77GiB deviceMemoryBandwidth: 836.37GiB/s
2023-03-02 14:44:39.384089: I tensorflow/stream_executor/platform/default/dso_loader.cc:44] Successfully opened dynamic library libcudart.so.10.1
2023-03-02 14:44:39.384128: I tensorflow/stream_executor/platform/default/dso_loader.cc:44] Successfully opened dynamic library libcublas.so.10
2023-03-02 14:44:39.384171: I tensorflow/stream_executor/platform/default/dso_loader.cc:44] Successfully opened dynamic library libcufft.so.10
2023-03-02 14:44:39.384204: I tensorflow/stream_executor/platform/default/dso_loader.cc:44] Successfully opened dynamic library libcurand.so.10
2023-03-02 14:44:39.384229: I tensorflow/stream_executor/platform/default/dso_loader.cc:44] Successfully opened dynamic library libcusolver.so.10
2023-03-02 14:44:39.384259: I tensorflow/stream_executor/platform/default/dso_loader.cc:44] Successfully opened dynamic library libcusparse.so.10
2023-03-02 14:44:39.384290: I tensorflow/stream_executor/platform/default/dso_loader.cc:44] Successfully opened dynamic library libcudnn.so.7
2023-03-02 14:44:39.385093: I tensorflow/core/common_runtime/gpu/gpu_device.cc:1697] Adding visible gpu devices: 0
2023-03-02 14:44:39.386019: I tensorflow/core/common_runtime/gpu/gpu_device.cc:1555] Found device 0 with properties: 
pciBusID: 0000:1d:00.0 name: Tesla V100-SXM2-16GB computeCapability: 7.0
coreClock: 1.53GHz coreCount: 80 deviceMemorySize: 15.77GiB deviceMemoryBandwidth: 836.37GiB/s
2023-03-02 14:44:39.386071: I tensorflow/stream_executor/platform/default/dso_loader.cc:44] Successfully opened dynamic library libcudart.so.10.1
2023-03-02 14:44:39.386095: I tensorflow/stream_executor/platform/default/dso_loader.cc:44] Successfully opened dynamic library libcublas.so.10
2023-03-02 14:44:39.386115: I tensorflow/stream_executor/platform/default/dso_loader.cc:44] Successfully opened dynamic library libcufft.so.10
2023-03-02 14:44:39.386135: I tensorflow/stream_executor/platform/default/dso_loader.cc:44] Successfully opened dynamic library libcurand.so.10
2023-03-02 14:44:39.386155: I tensorflow/stream_executor/platform/default/dso_loader.cc:44] Successfully opened dynamic library libcusolver.so.10
2023-03-02 14:44:39.386175: I tensorflow/stream_executor/platform/default/dso_loader.cc:44] Successfully opened dynamic library libcusparse.so.10
2023-03-02 14:44:39.386195: I tensorflow/stream_executor/platform/default/dso_loader.cc:44] Successfully opened dynamic library libcudnn.so.7
2023-03-02 14:44:39.386960: I tensorflow/core/common_runtime/gpu/gpu_device.cc:1697] Adding visible gpu devices: 0
2023-03-02 14:44:39.387015: I tensorflow/core/common_runtime/gpu/gpu_device.cc:1096] Device interconnect StreamExecutor with strength 1 edge matrix:
2023-03-02 14:44:39.387031: I tensorflow/core/common_runtime/gpu/gpu_device.cc:1102]      0 
2023-03-02 14:44:39.387043: I tensorflow/core/common_runtime/gpu/gpu_device.cc:1115] 0:   N 
2023-03-02 14:44:39.387844: I tensorflow/core/common_runtime/gpu/gpu_device.cc:1241] Created TensorFlow device (/job:localhost/replica:0/task:0/device:GPU:0 with 15049 MB memory) -> physical GPU (device: 0, name: Tesla V100-SXM2-16GB, pci bus id: 0000:1d:00.0, compute capability: 7.0)
2023-03-02 14:44:52.668981: I tensorflow/stream_executor/platform/default/dso_loader.cc:44] Successfully opened dynamic library libcublas.so.10
2023-03-02 14:44:53.968689: I tensorflow/stream_executor/platform/default/dso_loader.cc:44] Successfully opened dynamic library libcudnn.so.7
2023-03-02 14:44:57.832752: W tensorflow/stream_executor/gpu/redzone_allocator.cc:312] Not found: ./bin/ptxas not found
Relying on driver to perform ptx compilation. This message will be only logged once.
