[NbConvertApp] Converting notebook jet_ml_pointnet_classifier_all_datasets.ipynb to python
[NbConvertApp] Writing 25700 bytes to jet_ml_pointnet_classifier_all_datasets.py
2024-01-29 02:02:15.768763: I tensorflow/core/platform/cpu_feature_guard.cc:151] This TensorFlow binary is optimized with oneAPI Deep Neural Network Library (oneDNN) to use the following CPU instructions in performance-critical operations:  AVX2 AVX512F FMA
To enable them in other operations, rebuild TensorFlow with the appropriate compiler flags.
2024-01-29 02:02:16.499673: I tensorflow/core/common_runtime/gpu/gpu_device.cc:1525] Created device /job:localhost/replica:0/task:0/device:GPU:0 with 14639 MB memory:  -> device: 0, name: Tesla V100-SXM2-16GB, pci bus id: 0000:1c:00.0, compute capability: 7.0
2024-01-29 02:03:50.836203: W tensorflow/core/common_runtime/bfc_allocator.cc:462] Allocator (GPU_0_bfc) ran out of memory trying to allocate 18.31GiB (rounded to 19660800000)requested by op _EagerConst
If the cause is memory fragmentation maybe the environment variable 'TF_GPU_ALLOCATOR=cuda_malloc_async' will improve the situation. 
Current allocation summary follows.
Current allocation summary follows.
2024-01-29 02:03:50.836340: I tensorflow/core/common_runtime/bfc_allocator.cc:1010] BFCAllocator dump for GPU_0_bfc
2024-01-29 02:03:50.836377: I tensorflow/core/common_runtime/bfc_allocator.cc:1017] Bin (256): 	Total Chunks: 63, Chunks in use: 63. 15.8KiB allocated for chunks. 15.8KiB in use in bin. 7.0KiB client-requested in use in bin.
2024-01-29 02:03:50.836399: I tensorflow/core/common_runtime/bfc_allocator.cc:1017] Bin (512): 	Total Chunks: 17, Chunks in use: 17. 8.5KiB allocated for chunks. 8.5KiB in use in bin. 8.2KiB client-requested in use in bin.
2024-01-29 02:03:50.836416: I tensorflow/core/common_runtime/bfc_allocator.cc:1017] Bin (1024): 	Total Chunks: 18, Chunks in use: 17. 18.2KiB allocated for chunks. 17.2KiB in use in bin. 17.0KiB client-requested in use in bin.
2024-01-29 02:03:50.836456: I tensorflow/core/common_runtime/bfc_allocator.cc:1017] Bin (2048): 	Total Chunks: 15, Chunks in use: 15. 31.8KiB allocated for chunks. 31.8KiB in use in bin. 30.0KiB client-requested in use in bin.
2024-01-29 02:03:50.836473: I tensorflow/core/common_runtime/bfc_allocator.cc:1017] Bin (4096): 	Total Chunks: 6, Chunks in use: 6. 27.2KiB allocated for chunks. 27.2KiB in use in bin. 24.5KiB client-requested in use in bin.
2024-01-29 02:03:50.836490: I tensorflow/core/common_runtime/bfc_allocator.cc:1017] Bin (8192): 	Total Chunks: 3, Chunks in use: 3. 24.0KiB allocated for chunks. 24.0KiB in use in bin. 24.0KiB client-requested in use in bin.
2024-01-29 02:03:50.836510: I tensorflow/core/common_runtime/bfc_allocator.cc:1017] Bin (16384): 	Total Chunks: 0, Chunks in use: 0. 0B allocated for chunks. 0B in use in bin. 0B client-requested in use in bin.
2024-01-29 02:03:50.836521: I tensorflow/core/common_runtime/bfc_allocator.cc:1017] Bin (32768): 	Total Chunks: 1, Chunks in use: 0. 33.2KiB allocated for chunks. 0B in use in bin. 0B client-requested in use in bin.
2024-01-29 02:03:50.836532: I tensorflow/core/common_runtime/bfc_allocator.cc:1017] Bin (65536): 	Total Chunks: 0, Chunks in use: 0. 0B allocated for chunks. 0B in use in bin. 0B client-requested in use in bin.
2024-01-29 02:03:50.836553: I tensorflow/core/common_runtime/bfc_allocator.cc:1017] Bin (131072): 	Total Chunks: 8, Chunks in use: 6. 1.25MiB allocated for chunks. 895.8KiB in use in bin. 768.0KiB client-requested in use in bin.
2024-01-29 02:03:50.836568: I tensorflow/core/common_runtime/bfc_allocator.cc:1017] Bin (262144): 	Total Chunks: 0, Chunks in use: 0. 0B allocated for chunks. 0B in use in bin. 0B client-requested in use in bin.
2024-01-29 02:03:50.836580: I tensorflow/core/common_runtime/bfc_allocator.cc:1017] Bin (524288): 	Total Chunks: 6, Chunks in use: 4. 3.00MiB allocated for chunks. 2.00MiB in use in bin. 2.00MiB client-requested in use in bin.
2024-01-29 02:03:50.836590: I tensorflow/core/common_runtime/bfc_allocator.cc:1017] Bin (1048576): 	Total Chunks: 0, Chunks in use: 0. 0B allocated for chunks. 0B in use in bin. 0B client-requested in use in bin.
2024-01-29 02:03:50.836607: I tensorflow/core/common_runtime/bfc_allocator.cc:1017] Bin (2097152): 	Total Chunks: 0, Chunks in use: 0. 0B allocated for chunks. 0B in use in bin. 0B client-requested in use in bin.
2024-01-29 02:03:50.836618: I tensorflow/core/common_runtime/bfc_allocator.cc:1017] Bin (4194304): 	Total Chunks: 0, Chunks in use: 0. 0B allocated for chunks. 0B in use in bin. 0B client-requested in use in bin.
2024-01-29 02:03:50.836628: I tensorflow/core/common_runtime/bfc_allocator.cc:1017] Bin (8388608): 	Total Chunks: 0, Chunks in use: 0. 0B allocated for chunks. 0B in use in bin. 0B client-requested in use in bin.
2024-01-29 02:03:50.836638: I tensorflow/core/common_runtime/bfc_allocator.cc:1017] Bin (16777216): 	Total Chunks: 0, Chunks in use: 0. 0B allocated for chunks. 0B in use in bin. 0B client-requested in use in bin.
2024-01-29 02:03:50.836648: I tensorflow/core/common_runtime/bfc_allocator.cc:1017] Bin (33554432): 	Total Chunks: 0, Chunks in use: 0. 0B allocated for chunks. 0B in use in bin. 0B client-requested in use in bin.
2024-01-29 02:03:50.836658: I tensorflow/core/common_runtime/bfc_allocator.cc:1017] Bin (67108864): 	Total Chunks: 0, Chunks in use: 0. 0B allocated for chunks. 0B in use in bin. 0B client-requested in use in bin.
2024-01-29 02:03:50.836668: I tensorflow/core/common_runtime/bfc_allocator.cc:1017] Bin (134217728): 	Total Chunks: 0, Chunks in use: 0. 0B allocated for chunks. 0B in use in bin. 0B client-requested in use in bin.
2024-01-29 02:03:50.836679: I tensorflow/core/common_runtime/bfc_allocator.cc:1017] Bin (268435456): 	Total Chunks: 1, Chunks in use: 0. 14.29GiB allocated for chunks. 0B in use in bin. 0B client-requested in use in bin.
2024-01-29 02:03:50.836699: I tensorflow/core/common_runtime/bfc_allocator.cc:1033] Bin for 18.31GiB was 256.00MiB, Chunk State: 
2024-01-29 02:03:50.836719: I tensorflow/core/common_runtime/bfc_allocator.cc:1039]   Size: 14.29GiB | Requested Size: 0B | in_use: 0 | bin_num: 20, prev:   Size: 512.0KiB | Requested Size: 512.0KiB | in_use: 1 | bin_num: -1
2024-01-29 02:03:50.836728: I tensorflow/core/common_runtime/bfc_allocator.cc:1046] Next region of size 15350759424
2024-01-29 02:03:50.836740: I tensorflow/core/common_runtime/bfc_allocator.cc:1066] InUse at 149b20000000 of size 1280 next 1
2024-01-29 02:03:50.836749: I tensorflow/core/common_runtime/bfc_allocator.cc:1066] InUse at 149b20000500 of size 256 next 2
2024-01-29 02:03:50.836758: I tensorflow/core/common_runtime/bfc_allocator.cc:1066] InUse at 149b20000600 of size 256 next 3
2024-01-29 02:03:50.836767: I tensorflow/core/common_runtime/bfc_allocator.cc:1066] InUse at 149b20000700 of size 256 next 4
2024-01-29 02:03:50.836776: I tensorflow/core/common_runtime/bfc_allocator.cc:1066] InUse at 149b20000800 of size 256 next 5
2024-01-29 02:03:50.836784: I tensorflow/core/common_runtime/bfc_allocator.cc:1066] InUse at 149b20000900 of size 256 next 6
2024-01-29 02:03:50.836794: I tensorflow/core/common_runtime/bfc_allocator.cc:1066] InUse at 149b20000a00 of size 256 next 7
2024-01-29 02:03:50.836802: I tensorflow/core/common_runtime/bfc_allocator.cc:1066] InUse at 149b20000b00 of size 256 next 8
2024-01-29 02:03:50.836811: I tensorflow/core/common_runtime/bfc_allocator.cc:1066] InUse at 149b20000c00 of size 256 next 11
2024-01-29 02:03:50.836820: I tensorflow/core/common_runtime/bfc_allocator.cc:1066] InUse at 149b20000d00 of size 256 next 12
2024-01-29 02:03:50.836828: I tensorflow/core/common_runtime/bfc_allocator.cc:1066] InUse at 149b20000e00 of size 256 next 9
2024-01-29 02:03:50.836843: I tensorflow/core/common_runtime/bfc_allocator.cc:1066] InUse at 149b20000f00 of size 512 next 10
2024-01-29 02:03:50.836852: I tensorflow/core/common_runtime/bfc_allocator.cc:1066] InUse at 149b20001100 of size 256 next 13
2024-01-29 02:03:50.836860: I tensorflow/core/common_runtime/bfc_allocator.cc:1066] InUse at 149b20001200 of size 256 next 14
2024-01-29 02:03:50.836869: I tensorflow/core/common_runtime/bfc_allocator.cc:1066] InUse at 149b20001300 of size 256 next 15
2024-01-29 02:03:50.836880: I tensorflow/core/common_runtime/bfc_allocator.cc:1066] InUse at 149b20001400 of size 256 next 16
2024-01-29 02:03:50.836888: I tensorflow/core/common_runtime/bfc_allocator.cc:1066] InUse at 149b20001500 of size 256 next 19
2024-01-29 02:03:50.836897: I tensorflow/core/common_runtime/bfc_allocator.cc:1066] InUse at 149b20001600 of size 256 next 20
2024-01-29 02:03:50.836906: I tensorflow/core/common_runtime/bfc_allocator.cc:1066] InUse at 149b20001700 of size 256 next 21
2024-01-29 02:03:50.836914: I tensorflow/core/common_runtime/bfc_allocator.cc:1066] InUse at 149b20001800 of size 256 next 22
2024-01-29 02:03:50.836923: I tensorflow/core/common_runtime/bfc_allocator.cc:1066] InUse at 149b20001900 of size 256 next 23
2024-01-29 02:03:50.836937: I tensorflow/core/common_runtime/bfc_allocator.cc:1066] InUse at 149b20001a00 of size 2048 next 24
2024-01-29 02:03:50.836946: I tensorflow/core/common_runtime/bfc_allocator.cc:1066] InUse at 149b20002200 of size 2048 next 27
2024-01-29 02:03:50.836955: I tensorflow/core/common_runtime/bfc_allocator.cc:1066] InUse at 149b20002a00 of size 2048 next 28
2024-01-29 02:03:50.836963: I tensorflow/core/common_runtime/bfc_allocator.cc:1066] InUse at 149b20003200 of size 2048 next 29
2024-01-29 02:03:50.836972: I tensorflow/core/common_runtime/bfc_allocator.cc:1066] InUse at 149b20003a00 of size 2048 next 30
2024-01-29 02:03:50.836981: I tensorflow/core/common_runtime/bfc_allocator.cc:1066] InUse at 149b20004200 of size 256 next 31
2024-01-29 02:03:50.836989: I tensorflow/core/common_runtime/bfc_allocator.cc:1066] InUse at 149b20004300 of size 256 next 32
2024-01-29 02:03:50.837003: I tensorflow/core/common_runtime/bfc_allocator.cc:1066] InUse at 149b20004400 of size 1024 next 33
2024-01-29 02:03:50.837012: I tensorflow/core/common_runtime/bfc_allocator.cc:1066] InUse at 149b20004800 of size 1024 next 36
2024-01-29 02:03:50.837021: I tensorflow/core/common_runtime/bfc_allocator.cc:1066] InUse at 149b20004c00 of size 1024 next 37
2024-01-29 02:03:50.837029: I tensorflow/core/common_runtime/bfc_allocator.cc:1066] InUse at 149b20005000 of size 1024 next 17
2024-01-29 02:03:50.837043: I tensorflow/core/common_runtime/bfc_allocator.cc:1066] InUse at 149b20005400 of size 8192 next 18
2024-01-29 02:03:50.837052: I tensorflow/core/common_runtime/bfc_allocator.cc:1066] InUse at 149b20007400 of size 1024 next 38
2024-01-29 02:03:50.837060: I tensorflow/core/common_runtime/bfc_allocator.cc:1066] InUse at 149b20007800 of size 256 next 39
2024-01-29 02:03:50.837069: I tensorflow/core/common_runtime/bfc_allocator.cc:1066] InUse at 149b20007900 of size 256 next 40
2024-01-29 02:03:50.837078: I tensorflow/core/common_runtime/bfc_allocator.cc:1066] Free  at 149b20007a00 of size 260608 next 26
2024-01-29 02:03:50.837087: I tensorflow/core/common_runtime/bfc_allocator.cc:1066] InUse at 149b20047400 of size 131072 next 25
2024-01-29 02:03:50.837095: I tensorflow/core/common_runtime/bfc_allocator.cc:1066] InUse at 149b20067400 of size 512 next 41
2024-01-29 02:03:50.837104: I tensorflow/core/common_runtime/bfc_allocator.cc:1066] InUse at 149b20067600 of size 512 next 44
2024-01-29 02:03:50.837113: I tensorflow/core/common_runtime/bfc_allocator.cc:1066] InUse at 149b20067800 of size 512 next 45
2024-01-29 02:03:50.837121: I tensorflow/core/common_runtime/bfc_allocator.cc:1066] InUse at 149b20067a00 of size 512 next 46
2024-01-29 02:03:50.837130: I tensorflow/core/common_runtime/bfc_allocator.cc:1066] InUse at 149b20067c00 of size 512 next 47
2024-01-29 02:03:50.837143: I tensorflow/core/common_runtime/bfc_allocator.cc:1066] InUse at 149b20067e00 of size 4608 next 48
2024-01-29 02:03:50.837152: I tensorflow/core/common_runtime/bfc_allocator.cc:1066] InUse at 149b20069000 of size 256 next 49
2024-01-29 02:03:50.837161: I tensorflow/core/common_runtime/bfc_allocator.cc:1066] InUse at 149b20069100 of size 256 next 50
2024-01-29 02:03:50.837170: I tensorflow/core/common_runtime/bfc_allocator.cc:1066] InUse at 149b20069200 of size 256 next 51
2024-01-29 02:03:50.837180: I tensorflow/core/common_runtime/bfc_allocator.cc:1066] InUse at 149b20069300 of size 256 next 54
2024-01-29 02:03:50.837189: I tensorflow/core/common_runtime/bfc_allocator.cc:1066] InUse at 149b20069400 of size 256 next 55
2024-01-29 02:03:50.837197: I tensorflow/core/common_runtime/bfc_allocator.cc:1066] InUse at 149b20069500 of size 256 next 52
2024-01-29 02:03:50.837206: I tensorflow/core/common_runtime/bfc_allocator.cc:1066] InUse at 149b20069600 of size 512 next 53
2024-01-29 02:03:50.837215: I tensorflow/core/common_runtime/bfc_allocator.cc:1066] InUse at 149b20069800 of size 256 next 56
2024-01-29 02:03:50.837223: I tensorflow/core/common_runtime/bfc_allocator.cc:1066] InUse at 149b20069900 of size 256 next 57
2024-01-29 02:03:50.837232: I tensorflow/core/common_runtime/bfc_allocator.cc:1066] InUse at 149b20069a00 of size 256 next 58
2024-01-29 02:03:50.837240: I tensorflow/core/common_runtime/bfc_allocator.cc:1066] InUse at 149b20069b00 of size 256 next 59
2024-01-29 02:03:50.837249: I tensorflow/core/common_runtime/bfc_allocator.cc:1066] InUse at 149b20069c00 of size 256 next 62
2024-01-29 02:03:50.837258: I tensorflow/core/common_runtime/bfc_allocator.cc:1066] InUse at 149b20069d00 of size 256 next 63
2024-01-29 02:03:50.837266: I tensorflow/core/common_runtime/bfc_allocator.cc:1066] InUse at 149b20069e00 of size 256 next 64
2024-01-29 02:03:50.837275: I tensorflow/core/common_runtime/bfc_allocator.cc:1066] InUse at 149b20069f00 of size 256 next 65
2024-01-29 02:03:50.837288: I tensorflow/core/common_runtime/bfc_allocator.cc:1066] InUse at 149b2006a000 of size 6912 next 60
2024-01-29 02:03:50.837302: I tensorflow/core/common_runtime/bfc_allocator.cc:1066] InUse at 149b2006bb00 of size 4096 next 61
2024-01-29 02:03:50.837311: I tensorflow/core/common_runtime/bfc_allocator.cc:1066] InUse at 149b2006cb00 of size 256 next 66
2024-01-29 02:03:50.837320: I tensorflow/core/common_runtime/bfc_allocator.cc:1066] InUse at 149b2006cc00 of size 256 next 69
2024-01-29 02:03:50.837329: I tensorflow/core/common_runtime/bfc_allocator.cc:1066] InUse at 149b2006cd00 of size 256 next 70
2024-01-29 02:03:50.837337: I tensorflow/core/common_runtime/bfc_allocator.cc:1066] InUse at 149b2006ce00 of size 256 next 71
2024-01-29 02:03:50.837346: I tensorflow/core/common_runtime/bfc_allocator.cc:1066] InUse at 149b2006cf00 of size 256 next 72
2024-01-29 02:03:50.837355: I tensorflow/core/common_runtime/bfc_allocator.cc:1066] InUse at 149b2006d000 of size 256 next 75
2024-01-29 02:03:50.837363: I tensorflow/core/common_runtime/bfc_allocator.cc:1066] InUse at 149b2006d100 of size 256 next 76
2024-01-29 02:03:50.837372: I tensorflow/core/common_runtime/bfc_allocator.cc:1066] InUse at 149b2006d200 of size 256 next 77
2024-01-29 02:03:50.837381: I tensorflow/core/common_runtime/bfc_allocator.cc:1066] InUse at 149b2006d300 of size 256 next 78
2024-01-29 02:03:50.837389: I tensorflow/core/common_runtime/bfc_allocator.cc:1066] InUse at 149b2006d400 of size 2048 next 81
2024-01-29 02:03:50.837403: I tensorflow/core/common_runtime/bfc_allocator.cc:1066] InUse at 149b2006dc00 of size 3840 next 67
2024-01-29 02:03:50.837412: I tensorflow/core/common_runtime/bfc_allocator.cc:1066] InUse at 149b2006eb00 of size 4096 next 68
2024-01-29 02:03:50.837421: I tensorflow/core/common_runtime/bfc_allocator.cc:1066] InUse at 149b2006fb00 of size 2048 next 82
2024-01-29 02:03:50.837433: I tensorflow/core/common_runtime/bfc_allocator.cc:1066] InUse at 149b20070300 of size 2048 next 83
2024-01-29 02:03:50.837442: I tensorflow/core/common_runtime/bfc_allocator.cc:1066] InUse at 149b20070b00 of size 2048 next 84
2024-01-29 02:03:50.837451: I tensorflow/core/common_runtime/bfc_allocator.cc:1066] InUse at 149b20071300 of size 1024 next 85
2024-01-29 02:03:50.837459: I tensorflow/core/common_runtime/bfc_allocator.cc:1066] InUse at 149b20071700 of size 1024 next 88
2024-01-29 02:03:50.837468: I tensorflow/core/common_runtime/bfc_allocator.cc:1066] InUse at 149b20071b00 of size 1024 next 89
2024-01-29 02:03:50.837477: I tensorflow/core/common_runtime/bfc_allocator.cc:1066] InUse at 149b20071f00 of size 1024 next 90
2024-01-29 02:03:50.837487: I tensorflow/core/common_runtime/bfc_allocator.cc:1066] InUse at 149b20072300 of size 1024 next 91
2024-01-29 02:03:50.837496: I tensorflow/core/common_runtime/bfc_allocator.cc:1066] InUse at 149b20072700 of size 512 next 93
2024-01-29 02:03:50.837505: I tensorflow/core/common_runtime/bfc_allocator.cc:1066] InUse at 149b20072900 of size 512 next 94
2024-01-29 02:03:50.837513: I tensorflow/core/common_runtime/bfc_allocator.cc:1066] InUse at 149b20072b00 of size 512 next 95
2024-01-29 02:03:50.837522: I tensorflow/core/common_runtime/bfc_allocator.cc:1066] InUse at 149b20072d00 of size 512 next 96
2024-01-29 02:03:50.837531: I tensorflow/core/common_runtime/bfc_allocator.cc:1066] InUse at 149b20072f00 of size 512 next 97
2024-01-29 02:03:50.837539: I tensorflow/core/common_runtime/bfc_allocator.cc:1066] InUse at 149b20073100 of size 256 next 100
2024-01-29 02:03:50.837548: I tensorflow/core/common_runtime/bfc_allocator.cc:1066] InUse at 149b20073200 of size 256 next 103
2024-01-29 02:03:50.837557: I tensorflow/core/common_runtime/bfc_allocator.cc:1066] InUse at 149b20073300 of size 256 next 104
2024-01-29 02:03:50.837565: I tensorflow/core/common_runtime/bfc_allocator.cc:1066] InUse at 149b20073400 of size 256 next 105
2024-01-29 02:03:50.837574: I tensorflow/core/common_runtime/bfc_allocator.cc:1066] InUse at 149b20073500 of size 256 next 106
2024-01-29 02:03:50.837582: I tensorflow/core/common_runtime/bfc_allocator.cc:1066] InUse at 149b20073600 of size 256 next 109
2024-01-29 02:03:50.837591: I tensorflow/core/common_runtime/bfc_allocator.cc:1066] InUse at 149b20073700 of size 256 next 110
2024-01-29 02:03:50.837600: I tensorflow/core/common_runtime/bfc_allocator.cc:1066] InUse at 149b20073800 of size 256 next 111
2024-01-29 02:03:50.837608: I tensorflow/core/common_runtime/bfc_allocator.cc:1066] InUse at 149b20073900 of size 256 next 112
2024-01-29 02:03:50.837617: I tensorflow/core/common_runtime/bfc_allocator.cc:1066] InUse at 149b20073a00 of size 256 next 74
2024-01-29 02:03:50.837626: I tensorflow/core/common_runtime/bfc_allocator.cc:1066] InUse at 149b20073b00 of size 8192 next 73
2024-01-29 02:03:50.837635: I tensorflow/core/common_runtime/bfc_allocator.cc:1066] InUse at 149b20075b00 of size 4096 next 99
2024-01-29 02:03:50.837643: I tensorflow/core/common_runtime/bfc_allocator.cc:1066] InUse at 149b20076b00 of size 2048 next 114
2024-01-29 02:03:50.837652: I tensorflow/core/common_runtime/bfc_allocator.cc:1066] InUse at 149b20077300 of size 2048 next 115
2024-01-29 02:03:50.837661: I tensorflow/core/common_runtime/bfc_allocator.cc:1066] InUse at 149b20077b00 of size 2048 next 116
2024-01-29 02:03:50.837669: I tensorflow/core/common_runtime/bfc_allocator.cc:1066] InUse at 149b20078300 of size 2048 next 102
2024-01-29 02:03:50.837678: I tensorflow/core/common_runtime/bfc_allocator.cc:1066] InUse at 149b20078b00 of size 4096 next 101
2024-01-29 02:03:50.837687: I tensorflow/core/common_runtime/bfc_allocator.cc:1066] InUse at 149b20079b00 of size 2048 next 117
2024-01-29 02:03:50.837695: I tensorflow/core/common_runtime/bfc_allocator.cc:1066] InUse at 149b2007a300 of size 1024 next 120
2024-01-29 02:03:50.837704: I tensorflow/core/common_runtime/bfc_allocator.cc:1066] InUse at 149b2007a700 of size 1024 next 121
2024-01-29 02:03:50.837712: I tensorflow/core/common_runtime/bfc_allocator.cc:1066] InUse at 149b2007ab00 of size 1024 next 122
2024-01-29 02:03:50.837721: I tensorflow/core/common_runtime/bfc_allocator.cc:1066] InUse at 149b2007af00 of size 1024 next 123
2024-01-29 02:03:50.837730: I tensorflow/core/common_runtime/bfc_allocator.cc:1066] InUse at 149b2007b300 of size 1024 next 124
2024-01-29 02:03:50.837738: I tensorflow/core/common_runtime/bfc_allocator.cc:1066] InUse at 149b2007b700 of size 512 next 125
2024-01-29 02:03:50.837747: I tensorflow/core/common_runtime/bfc_allocator.cc:1066] InUse at 149b2007b900 of size 512 next 108
2024-01-29 02:03:50.837756: I tensorflow/core/common_runtime/bfc_allocator.cc:1066] InUse at 149b2007bb00 of size 8192 next 107
2024-01-29 02:03:50.837766: I tensorflow/core/common_runtime/bfc_allocator.cc:1066] InUse at 149b2007db00 of size 512 next 126
2024-01-29 02:03:50.837775: I tensorflow/core/common_runtime/bfc_allocator.cc:1066] InUse at 149b2007dd00 of size 512 next 127
2024-01-29 02:03:50.837783: I tensorflow/core/common_runtime/bfc_allocator.cc:1066] InUse at 149b2007df00 of size 512 next 128
2024-01-29 02:03:50.837792: I tensorflow/core/common_runtime/bfc_allocator.cc:1066] InUse at 149b2007e100 of size 256 next 129
2024-01-29 02:03:50.837801: I tensorflow/core/common_runtime/bfc_allocator.cc:1066] InUse at 149b2007e200 of size 256 next 130
2024-01-29 02:03:50.837809: I tensorflow/core/common_runtime/bfc_allocator.cc:1066] InUse at 149b2007e300 of size 256 next 131
2024-01-29 02:03:50.837818: I tensorflow/core/common_runtime/bfc_allocator.cc:1066] InUse at 149b2007e400 of size 256 next 132
2024-01-29 02:03:50.837827: I tensorflow/core/common_runtime/bfc_allocator.cc:1066] InUse at 149b2007e500 of size 256 next 135
2024-01-29 02:03:50.837835: I tensorflow/core/common_runtime/bfc_allocator.cc:1066] InUse at 149b2007e600 of size 256 next 136
2024-01-29 02:03:50.837844: I tensorflow/core/common_runtime/bfc_allocator.cc:1066] InUse at 149b2007e700 of size 256 next 137
2024-01-29 02:03:50.837852: I tensorflow/core/common_runtime/bfc_allocator.cc:1066] Free  at 149b2007e800 of size 1024 next 133
2024-01-29 02:03:50.837861: I tensorflow/core/common_runtime/bfc_allocator.cc:1066] InUse at 149b2007ec00 of size 1024 next 134
2024-01-29 02:03:50.837870: I tensorflow/core/common_runtime/bfc_allocator.cc:1066] Free  at 149b2007f000 of size 34048 next 42
2024-01-29 02:03:50.837879: I tensorflow/core/common_runtime/bfc_allocator.cc:1066] InUse at 149b20087500 of size 131072 next 43
2024-01-29 02:03:50.837887: I tensorflow/core/common_runtime/bfc_allocator.cc:1066] Free  at 149b200a7500 of size 131072 next 80
2024-01-29 02:03:50.837896: I tensorflow/core/common_runtime/bfc_allocator.cc:1066] InUse at 149b200c7500 of size 131072 next 79
2024-01-29 02:03:50.837904: I tensorflow/core/common_runtime/bfc_allocator.cc:1066] InUse at 149b200e7500 of size 131072 next 92
2024-01-29 02:03:50.837913: I tensorflow/core/common_runtime/bfc_allocator.cc:1066] InUse at 149b20107500 of size 131072 next 113
2024-01-29 02:03:50.837926: I tensorflow/core/common_runtime/bfc_allocator.cc:1066] InUse at 149b20127500 of size 261888 next 35
2024-01-29 02:03:50.837942: I tensorflow/core/common_runtime/bfc_allocator.cc:1066] InUse at 149b20167400 of size 524288 next 34
2024-01-29 02:03:50.837951: I tensorflow/core/common_runtime/bfc_allocator.cc:1066] InUse at 149b201e7400 of size 524288 next 98
2024-01-29 02:03:50.837959: I tensorflow/core/common_runtime/bfc_allocator.cc:1066] Free  at 149b20267400 of size 524288 next 87
2024-01-29 02:03:50.837968: I tensorflow/core/common_runtime/bfc_allocator.cc:1066] InUse at 149b202e7400 of size 524288 next 86
2024-01-29 02:03:50.837977: I tensorflow/core/common_runtime/bfc_allocator.cc:1066] Free  at 149b20367400 of size 524288 next 119
2024-01-29 02:03:50.837985: I tensorflow/core/common_runtime/bfc_allocator.cc:1066] InUse at 149b203e7400 of size 524288 next 118
2024-01-29 02:03:50.838003: I tensorflow/core/common_runtime/bfc_allocator.cc:1066] Free  at 149b20467400 of size 15346142208 next 18446744073709551615
2024-01-29 02:03:50.838012: I tensorflow/core/common_runtime/bfc_allocator.cc:1071]      Summary of in-use Chunks by size: 
2024-01-29 02:03:50.838023: I tensorflow/core/common_runtime/bfc_allocator.cc:1074] 63 Chunks of size 256 totalling 15.8KiB
2024-01-29 02:03:50.838033: I tensorflow/core/common_runtime/bfc_allocator.cc:1074] 17 Chunks of size 512 totalling 8.5KiB
2024-01-29 02:03:50.838042: I tensorflow/core/common_runtime/bfc_allocator.cc:1074] 16 Chunks of size 1024 totalling 16.0KiB
2024-01-29 02:03:50.838052: I tensorflow/core/common_runtime/bfc_allocator.cc:1074] 1 Chunks of size 1280 totalling 1.2KiB
2024-01-29 02:03:50.838061: I tensorflow/core/common_runtime/bfc_allocator.cc:1074] 14 Chunks of size 2048 totalling 28.0KiB
2024-01-29 02:03:50.838073: I tensorflow/core/common_runtime/bfc_allocator.cc:1074] 1 Chunks of size 3840 totalling 3.8KiB
2024-01-29 02:03:50.838082: I tensorflow/core/common_runtime/bfc_allocator.cc:1074] 4 Chunks of size 4096 totalling 16.0KiB
2024-01-29 02:03:50.838091: I tensorflow/core/common_runtime/bfc_allocator.cc:1074] 1 Chunks of size 4608 totalling 4.5KiB
2024-01-29 02:03:50.838101: I tensorflow/core/common_runtime/bfc_allocator.cc:1074] 1 Chunks of size 6912 totalling 6.8KiB
2024-01-29 02:03:50.838110: I tensorflow/core/common_runtime/bfc_allocator.cc:1074] 3 Chunks of size 8192 totalling 24.0KiB
2024-01-29 02:03:50.838120: I tensorflow/core/common_runtime/bfc_allocator.cc:1074] 5 Chunks of size 131072 totalling 640.0KiB
2024-01-29 02:03:50.838130: I tensorflow/core/common_runtime/bfc_allocator.cc:1074] 1 Chunks of size 261888 totalling 255.8KiB
2024-01-29 02:03:50.838139: I tensorflow/core/common_runtime/bfc_allocator.cc:1074] 4 Chunks of size 524288 totalling 2.00MiB
2024-01-29 02:03:50.838148: I tensorflow/core/common_runtime/bfc_allocator.cc:1078] Sum Total of in-use chunks: 3.00MiB
2024-01-29 02:03:50.838157: I tensorflow/core/common_runtime/bfc_allocator.cc:1080] total_region_allocated_bytes_: 15350759424 memory_limit_: 15350759424 available bytes: 0 curr_region_allocation_bytes_: 30701518848
2024-01-29 02:03:50.838180: I tensorflow/core/common_runtime/bfc_allocator.cc:1086] Stats: 
Limit:                     15350759424
InUse:                         3141888
MaxInUse:                      3918080
NumAllocs:                         187
MaxAllocSize:                   524288
Reserved:                            0
PeakReserved:                        0
LargestFreeBlock:                    0

2024-01-29 02:03:50.838209: W tensorflow/core/common_runtime/bfc_allocator.cc:474] *___________________________________________________________________________________________________
Traceback (most recent call last):
  File "/wsu/home/gy/gy40/gy4065/hm.jetscapeml.source/jet-ml-pointnet/jet_ml_pointnet_classifier_all_datasets.py", line 789, in <module>
    train_and_evaluate_classifier_for_all_datasets(dataset_sizes,classifiers,simulation_path,n_epochs, monitor, k_folds)
  File "/wsu/home/gy/gy40/gy4065/hm.jetscapeml.source/jet-ml-pointnet/jet_ml_pointnet_classifier_all_datasets.py", line 717, in train_and_evaluate_classifier_for_all_datasets
    (x_train,  y_train,x_test,  y_test)=preprocess_dataset(dataset_x, dataset_y)
  File "/wsu/home/gy/gy40/gy4065/hm.jetscapeml.source/jet-ml-pointnet/jet_ml_pointnet_classifier_all_datasets.py", line 457, in preprocess_dataset
    train_dataset = tf.data.Dataset.from_tensor_slices((x_train_points, train_labels))
  File "/wsu/el7/pre-compiled/python/3.7/envs/tensorflow-gpu-v2.8/lib/python3.9/site-packages/tensorflow/python/data/ops/dataset_ops.py", line 793, in from_tensor_slices
    return TensorSliceDataset(tensors, name=name)
  File "/wsu/el7/pre-compiled/python/3.7/envs/tensorflow-gpu-v2.8/lib/python3.9/site-packages/tensorflow/python/data/ops/dataset_ops.py", line 4477, in __init__
    element = structure.normalize_element(element)
  File "/wsu/el7/pre-compiled/python/3.7/envs/tensorflow-gpu-v2.8/lib/python3.9/site-packages/tensorflow/python/data/util/structure.py", line 125, in normalize_element
    ops.convert_to_tensor(t, name="component_%d" % i, dtype=dtype))
  File "/wsu/el7/pre-compiled/python/3.7/envs/tensorflow-gpu-v2.8/lib/python3.9/site-packages/tensorflow/python/profiler/trace.py", line 183, in wrapped
    return func(*args, **kwargs)
  File "/wsu/el7/pre-compiled/python/3.7/envs/tensorflow-gpu-v2.8/lib/python3.9/site-packages/tensorflow/python/framework/ops.py", line 1695, in convert_to_tensor
    ret = conversion_func(value, dtype=dtype, name=name, as_ref=as_ref)
  File "/wsu/el7/pre-compiled/python/3.7/envs/tensorflow-gpu-v2.8/lib/python3.9/site-packages/tensorflow/python/framework/tensor_conversion_registry.py", line 48, in _default_conversion_function
    return constant_op.constant(value, dtype, name=name)
  File "/wsu/el7/pre-compiled/python/3.7/envs/tensorflow-gpu-v2.8/lib/python3.9/site-packages/tensorflow/python/framework/constant_op.py", line 267, in constant
    return _constant_impl(value, dtype, shape, name, verify_shape=False,
  File "/wsu/el7/pre-compiled/python/3.7/envs/tensorflow-gpu-v2.8/lib/python3.9/site-packages/tensorflow/python/framework/constant_op.py", line 279, in _constant_impl
    return _constant_eager_impl(ctx, value, dtype, shape, verify_shape)
  File "/wsu/el7/pre-compiled/python/3.7/envs/tensorflow-gpu-v2.8/lib/python3.9/site-packages/tensorflow/python/framework/constant_op.py", line 304, in _constant_eager_impl
    t = convert_to_eager_tensor(value, ctx, dtype)
  File "/wsu/el7/pre-compiled/python/3.7/envs/tensorflow-gpu-v2.8/lib/python3.9/site-packages/tensorflow/python/framework/constant_op.py", line 102, in convert_to_eager_tensor
    return ops.EagerTensor(value, ctx.device_name, dtype)
tensorflow.python.framework.errors_impl.InternalError: Failed copying input tensor from /job:localhost/replica:0/task:0/device:CPU:0 to /job:localhost/replica:0/task:0/device:GPU:0 in order to run _EagerConst: Dst tensor is not initialized.
