Converting notebook to script
Running dataset step-8-dataset-concat-shuffler for CONFIG_NUMBER 8, q0=2.5, alpha_s=0.3
Defaulting to user installation because normal site-packages is not writeable
Requirement already satisfied: pickle5 in /wsu/home/gy/gy40/gy4065/.local/lib/python3.7/site-packages (0.0.12)
Defaulting to user installation because normal site-packages is not writeable
Requirement already satisfied: pickle5 in /wsu/home/gy/gy40/gy4065/.local/lib/python3.7/site-packages (0.0.12)
Loading/Installing Package => Begin


Installing pickle5
Installed pickle5


########################################################################
Checking the running platforms

Installing pickle5
Installed pickle5

Python version: 3.7.3
OS: Linux
OS version: 5.15.80-200.el7.x86_64
running on Colab: False
Dataset Directory Path: /wsu/home/gy/gy40/gy4065/hm.jetscapeml.data/
Simulation Results Path: /wsu/home/gy/gy40/gy4065/hm.jetscapeml.data/simulation_results/
Dataset Directory Path: /wsu/home/gy/gy40/gy4065/hm.jetscapeml.data/
Simulation Directory Path: /wsu/home/gy/gy40/gy4065/hm.jetscapeml.data/simulation_results/
########################################################################


Loading/Installing Package => End


data_size:  600000
configuration_number:  8
alpha_s:  0.3
q0:  2.5
Tokenized Arguments:
data_size
configuration_number
alpha_s
q0

Tokenized Values:
data_size: 600000
configuration_number: 8
alpha_s: 0.3
q0: 2.5
Test: Loading dataset MATTER side and Printing Y side to make sure, 3 colums are
Loading dataset_mvac

########################################################################
Loading separate datasets
Loading Dataset from /wsu/home/gy/gy40/gy4065/hm.jetscapeml.data/simulation_results/config-08-MMAT-alpha_s-0.3-q0-1-simulationsize600000-dataset.pkl
dataset.x_train: <class 'numpy.ndarray'> 552960000 (540000, 32, 32)
dataset.x_test: <class 'numpy.ndarray'> 61440000 (60000, 32, 32)
dataset.y_train: <class 'numpy.ndarray'> 1620000 (540000, 3)
dataset.y_test: <class 'numpy.ndarray'> 180000 (60000, 3)
Sample dataset.y_test
[['MMAT' '0.3' '1']
 ['MMAT' '0.3' '1']
 ['MMAT' '0.3' '1']
 ['MMAT' '0.3' '1']
 ['MMAT' '0.3' '1']
 ['MMAT' '0.3' '1']
 ['MMAT' '0.3' '1']
 ['MMAT' '0.3' '1']
 ['MMAT' '0.3' '1']]

########################################################################
Loading dataset_mlbt

########################################################################
Loading separate datasets
Loading Dataset from /wsu/home/gy/gy40/gy4065/hm.jetscapeml.data/simulation_results/config-08-MLBT-alpha_s-0.3-q0-2.5-simulationsize600000-dataset.pkl
dataset.x_train: <class 'numpy.ndarray'> 552960000 (540000, 32, 32)
dataset.x_test: <class 'numpy.ndarray'> 61440000 (60000, 32, 32)
dataset.y_train: <class 'numpy.ndarray'> 1620000 (540000, 3)
dataset.y_test: <class 'numpy.ndarray'> 180000 (60000, 3)
Sample dataset.y_test
[['MLBT' '0.3' '2.5']
 ['MLBT' '0.3' '2.5']
 ['MLBT' '0.3' '2.5']
 ['MLBT' '0.3' '2.5']
 ['MLBT' '0.3' '2.5']
 ['MLBT' '0.3' '2.5']
 ['MLBT' '0.3' '2.5']
 ['MLBT' '0.3' '2.5']
 ['MLBT' '0.3' '2.5']]

########################################################################
indices [ 494834  325379  408273  400823  543212  417068  583019  768330 1069002
   99178  448579  871690  843867  648845  927231   10178  771855  818399
  383839  347391  174813  244724   96421  529596  957279  707810  675387
  610204  831079  986604    5735   95722  703969 1017621  618111  908153
   34998  114640   11031  387489  997075  952818  909175  312808 1033968
  807875  417294  524530  868646  851884 1011032  778709   86110  956730
  264034  203564  229800  366745  553602  234751  809712 1007949  555800
  646659  808995  432418  853058  218777  217571  920603  218870  396389
  227709  530642  177158  531957  872494  283898  169415  108162  587694
  287879 1015110   63182  309400  514190  308713   97928  850575   86807
  396873  195268   83444   23433  628711  938194  397841  285452  434437]
merged_dataset x_train shape: (1080000, 32, 32)
merged_dataset x_test shape: (120000, 32, 32)
merged_dataset y_train shape: (1080000, 3)
merged_dataset y_test shape: (120000, 3)
merged_dataset y_train values:
 [['MMAT' '0.3' '1']
 ['MMAT' '0.3' '1']
 ['MMAT' '0.3' '1']
 ['MMAT' '0.3' '1']
 ['MLBT' '0.3' '2.5']
 ['MMAT' '0.3' '1']
 ['MLBT' '0.3' '2.5']
 ['MLBT' '0.3' '2.5']
 ['MLBT' '0.3' '2.5']
 ['MMAT' '0.3' '1']
 ['MMAT' '0.3' '1']
 ['MLBT' '0.3' '2.5']
 ['MLBT' '0.3' '2.5']
 ['MLBT' '0.3' '2.5']
 ['MLBT' '0.3' '2.5']
 ['MMAT' '0.3' '1']
 ['MLBT' '0.3' '2.5']
 ['MLBT' '0.3' '2.5']
 ['MMAT' '0.3' '1']
 ['MMAT' '0.3' '1']
 ['MMAT' '0.3' '1']
 ['MMAT' '0.3' '1']
 ['MMAT' '0.3' '1']
 ['MMAT' '0.3' '1']
 ['MLBT' '0.3' '2.5']
 ['MLBT' '0.3' '2.5']
 ['MLBT' '0.3' '2.5']
 ['MLBT' '0.3' '2.5']
 ['MLBT' '0.3' '2.5']
 ['MLBT' '0.3' '2.5']
 ['MMAT' '0.3' '1']
 ['MMAT' '0.3' '1']
 ['MLBT' '0.3' '2.5']
 ['MLBT' '0.3' '2.5']
 ['MLBT' '0.3' '2.5']
 ['MLBT' '0.3' '2.5']
 ['MMAT' '0.3' '1']
 ['MMAT' '0.3' '1']
 ['MMAT' '0.3' '1']
 ['MMAT' '0.3' '1']
 ['MLBT' '0.3' '2.5']
 ['MLBT' '0.3' '2.5']
 ['MLBT' '0.3' '2.5']
 ['MMAT' '0.3' '1']
 ['MLBT' '0.3' '2.5']
 ['MLBT' '0.3' '2.5']
 ['MMAT' '0.3' '1']
 ['MMAT' '0.3' '1']
 ['MLBT' '0.3' '2.5']
 ['MLBT' '0.3' '2.5']
 ['MLBT' '0.3' '2.5']
 ['MLBT' '0.3' '2.5']
 ['MMAT' '0.3' '1']
 ['MLBT' '0.3' '2.5']
 ['MMAT' '0.3' '1']
 ['MMAT' '0.3' '1']
 ['MMAT' '0.3' '1']
 ['MMAT' '0.3' '1']
 ['MLBT' '0.3' '2.5']
 ['MMAT' '0.3' '1']
 ['MLBT' '0.3' '2.5']
 ['MLBT' '0.3' '2.5']
 ['MLBT' '0.3' '2.5']
 ['MLBT' '0.3' '2.5']
 ['MLBT' '0.3' '2.5']
 ['MMAT' '0.3' '1']
 ['MLBT' '0.3' '2.5']
 ['MMAT' '0.3' '1']
 ['MMAT' '0.3' '1']
 ['MLBT' '0.3' '2.5']
 ['MMAT' '0.3' '1']
 ['MMAT' '0.3' '1']
 ['MMAT' '0.3' '1']
 ['MMAT' '0.3' '1']
 ['MMAT' '0.3' '1']
 ['MMAT' '0.3' '1']
 ['MLBT' '0.3' '2.5']
 ['MMAT' '0.3' '1']
 ['MMAT' '0.3' '1']
 ['MMAT' '0.3' '1']
 ['MLBT' '0.3' '2.5']
 ['MMAT' '0.3' '1']
 ['MLBT' '0.3' '2.5']
 ['MMAT' '0.3' '1']
 ['MMAT' '0.3' '1']
 ['MMAT' '0.3' '1']
 ['MMAT' '0.3' '1']
 ['MMAT' '0.3' '1']
 ['MLBT' '0.3' '2.5']
 ['MMAT' '0.3' '1']
 ['MMAT' '0.3' '1']
 ['MMAT' '0.3' '1']
 ['MMAT' '0.3' '1']
 ['MMAT' '0.3' '1']
 ['MLBT' '0.3' '2.5']
 ['MLBT' '0.3' '2.5']
 ['MMAT' '0.3' '1']
 ['MMAT' '0.3' '1']
 ['MMAT' '0.3' '1']]
merged_dataset y_test values:
 [['MMAT' '0.3' '1']
 ['MMAT' '0.3' '1']
 ['MMAT' '0.3' '1']
 ['MMAT' '0.3' '1']
 ['MMAT' '0.3' '1']
 ['MMAT' '0.3' '1']
 ['MMAT' '0.3' '1']
 ['MMAT' '0.3' '1']
 ['MMAT' '0.3' '1']]
Save merged dataset as  /wsu/home/gy/gy40/gy4065/hm.jetscapeml.data/simulation_results/config_08_alpha_0.3_q0_2.5_MMAT_MLBT_size_1200000_shuffled.pkl
Merged dataset saved as: /wsu/home/gy/gy40/gy4065/hm.jetscapeml.data/simulation_results/config_08_alpha_0.3_q0_2.5_MMAT_MLBT_size_1200000_shuffled.pkl
