[NbConvertApp] Converting notebook jet-ml-deep-model-cnn-legacy-replica.ipynb to python
[NbConvertApp] Writing 19023 bytes to jet-ml-deep-model-cnn-legacy-replica.py
2023-02-19 15:26:18.151214: I tensorflow/core/platform/cpu_feature_guard.cc:142] Your CPU supports instructions that this TensorFlow binary was not compiled to use: SSE4.1 SSE4.2 AVX AVX2 FMA
2023-02-19 15:26:18.220253: I tensorflow/core/platform/profile_utils/cpu_utils.cc:94] CPU Frequency: 2400070000 Hz
2023-02-19 15:26:18.220854: I tensorflow/compiler/xla/service/service.cc:168] XLA service 0x5652ac0b6540 initialized for platform Host (this does not guarantee that XLA will be used). Devices:
2023-02-19 15:26:18.220893: I tensorflow/compiler/xla/service/service.cc:176]   StreamExecutor device (0): Host, Default Version
2023-02-19 15:26:18.224378: I tensorflow/stream_executor/platform/default/dso_loader.cc:44] Successfully opened dynamic library libcuda.so.1
2023-02-19 15:26:18.363709: I tensorflow/core/common_runtime/gpu/gpu_device.cc:1555] Found device 0 with properties: 
pciBusID: 0000:81:00.0 name: Tesla K40m computeCapability: 3.5
coreClock: 0.745GHz coreCount: 15 deviceMemorySize: 11.17GiB deviceMemoryBandwidth: 268.58GiB/s
2023-02-19 15:26:18.541499: I tensorflow/stream_executor/platform/default/dso_loader.cc:44] Successfully opened dynamic library libcudart.so.10.1
2023-02-19 15:26:23.622608: I tensorflow/stream_executor/platform/default/dso_loader.cc:44] Successfully opened dynamic library libcublas.so.10
2023-02-19 15:26:25.240645: I tensorflow/stream_executor/platform/default/dso_loader.cc:44] Successfully opened dynamic library libcufft.so.10
2023-02-19 15:26:27.161244: I tensorflow/stream_executor/platform/default/dso_loader.cc:44] Successfully opened dynamic library libcurand.so.10
2023-02-19 15:26:31.771621: I tensorflow/stream_executor/platform/default/dso_loader.cc:44] Successfully opened dynamic library libcusolver.so.10
2023-02-19 15:26:32.318518: I tensorflow/stream_executor/platform/default/dso_loader.cc:44] Successfully opened dynamic library libcusparse.so.10
2023-02-19 15:26:37.923189: I tensorflow/stream_executor/platform/default/dso_loader.cc:44] Successfully opened dynamic library libcudnn.so.7
2023-02-19 15:26:37.927303: I tensorflow/core/common_runtime/gpu/gpu_device.cc:1697] Adding visible gpu devices: 0
2023-02-19 15:26:38.174341: I tensorflow/stream_executor/platform/default/dso_loader.cc:44] Successfully opened dynamic library libcudart.so.10.1
2023-02-19 15:26:38.252711: I tensorflow/core/common_runtime/gpu/gpu_device.cc:1096] Device interconnect StreamExecutor with strength 1 edge matrix:
2023-02-19 15:26:38.252761: I tensorflow/core/common_runtime/gpu/gpu_device.cc:1102]      0 
2023-02-19 15:26:38.252785: I tensorflow/core/common_runtime/gpu/gpu_device.cc:1115] 0:   N 
2023-02-19 15:26:38.256878: I tensorflow/core/common_runtime/gpu/gpu_device.cc:1241] Created TensorFlow device (/device:GPU:0 with 10806 MB memory) -> physical GPU (device: 0, name: Tesla K40m, pci bus id: 0000:81:00.0, compute capability: 3.5)
2023-02-19 15:26:38.478426: I tensorflow/compiler/xla/service/service.cc:168] XLA service 0x5652acacc180 initialized for platform CUDA (this does not guarantee that XLA will be used). Devices:
2023-02-19 15:26:38.478480: I tensorflow/compiler/xla/service/service.cc:176]   StreamExecutor device (0): Tesla K40m, Compute Capability 3.5
2023-02-19 15:26:38.481437: I tensorflow/core/common_runtime/gpu/gpu_device.cc:1555] Found device 0 with properties: 
pciBusID: 0000:81:00.0 name: Tesla K40m computeCapability: 3.5
coreClock: 0.745GHz coreCount: 15 deviceMemorySize: 11.17GiB deviceMemoryBandwidth: 268.58GiB/s
2023-02-19 15:26:38.481536: I tensorflow/stream_executor/platform/default/dso_loader.cc:44] Successfully opened dynamic library libcudart.so.10.1
2023-02-19 15:26:38.481587: I tensorflow/stream_executor/platform/default/dso_loader.cc:44] Successfully opened dynamic library libcublas.so.10
2023-02-19 15:26:38.481633: I tensorflow/stream_executor/platform/default/dso_loader.cc:44] Successfully opened dynamic library libcufft.so.10
2023-02-19 15:26:38.481686: I tensorflow/stream_executor/platform/default/dso_loader.cc:44] Successfully opened dynamic library libcurand.so.10
2023-02-19 15:26:38.481732: I tensorflow/stream_executor/platform/default/dso_loader.cc:44] Successfully opened dynamic library libcusolver.so.10
2023-02-19 15:26:38.481776: I tensorflow/stream_executor/platform/default/dso_loader.cc:44] Successfully opened dynamic library libcusparse.so.10
2023-02-19 15:26:38.481820: I tensorflow/stream_executor/platform/default/dso_loader.cc:44] Successfully opened dynamic library libcudnn.so.7
2023-02-19 15:26:38.485679: I tensorflow/core/common_runtime/gpu/gpu_device.cc:1697] Adding visible gpu devices: 0
2023-02-19 15:26:38.485734: I tensorflow/core/common_runtime/gpu/gpu_device.cc:1096] Device interconnect StreamExecutor with strength 1 edge matrix:
2023-02-19 15:26:38.485757: I tensorflow/core/common_runtime/gpu/gpu_device.cc:1102]      0 
2023-02-19 15:26:38.485776: I tensorflow/core/common_runtime/gpu/gpu_device.cc:1115] 0:   N 
2023-02-19 15:26:38.489379: I tensorflow/core/common_runtime/gpu/gpu_device.cc:1241] Created TensorFlow device (/device:GPU:0 with 10806 MB memory) -> physical GPU (device: 0, name: Tesla K40m, pci bus id: 0000:81:00.0, compute capability: 3.5)
