[NbConvertApp] Converting notebook jet-ml-deep-model-cnn-legacy-replica.ipynb to python
[NbConvertApp] Writing 19770 bytes to jet-ml-deep-model-cnn-legacy-replica.py
2023-02-25 10:41:16.687374: I tensorflow/core/platform/cpu_feature_guard.cc:142] Your CPU supports instructions that this TensorFlow binary was not compiled to use: SSE4.1 SSE4.2 AVX AVX2 AVX512F FMA
2023-02-25 10:41:16.708013: I tensorflow/core/platform/profile_utils/cpu_utils.cc:94] CPU Frequency: 2400000000 Hz
2023-02-25 10:41:16.709436: I tensorflow/compiler/xla/service/service.cc:168] XLA service 0x560530b92070 initialized for platform Host (this does not guarantee that XLA will be used). Devices:
2023-02-25 10:41:16.709494: I tensorflow/compiler/xla/service/service.cc:176]   StreamExecutor device (0): Host, Default Version
2023-02-25 10:41:16.712202: I tensorflow/stream_executor/platform/default/dso_loader.cc:44] Successfully opened dynamic library libcuda.so.1
2023-02-25 10:41:16.757979: I tensorflow/core/common_runtime/gpu/gpu_device.cc:1555] Found device 0 with properties: 
pciBusID: 0000:1d:00.0 name: Tesla V100-SXM2-16GB computeCapability: 7.0
coreClock: 1.53GHz coreCount: 80 deviceMemorySize: 15.77GiB deviceMemoryBandwidth: 836.37GiB/s
2023-02-25 10:41:16.795145: I tensorflow/stream_executor/platform/default/dso_loader.cc:44] Successfully opened dynamic library libcudart.so.10.1
2023-02-25 10:41:17.232931: I tensorflow/stream_executor/platform/default/dso_loader.cc:44] Successfully opened dynamic library libcublas.so.10
2023-02-25 10:41:17.419628: I tensorflow/stream_executor/platform/default/dso_loader.cc:44] Successfully opened dynamic library libcufft.so.10
2023-02-25 10:41:17.544588: I tensorflow/stream_executor/platform/default/dso_loader.cc:44] Successfully opened dynamic library libcurand.so.10
2023-02-25 10:41:18.054261: I tensorflow/stream_executor/platform/default/dso_loader.cc:44] Successfully opened dynamic library libcusolver.so.10
2023-02-25 10:41:18.183199: I tensorflow/stream_executor/platform/default/dso_loader.cc:44] Successfully opened dynamic library libcusparse.so.10
2023-02-25 10:41:18.874495: I tensorflow/stream_executor/platform/default/dso_loader.cc:44] Successfully opened dynamic library libcudnn.so.7
2023-02-25 10:41:18.878491: I tensorflow/core/common_runtime/gpu/gpu_device.cc:1697] Adding visible gpu devices: 0
2023-02-25 10:41:18.884178: I tensorflow/stream_executor/platform/default/dso_loader.cc:44] Successfully opened dynamic library libcudart.so.10.1
2023-02-25 10:41:19.015114: I tensorflow/core/common_runtime/gpu/gpu_device.cc:1096] Device interconnect StreamExecutor with strength 1 edge matrix:
2023-02-25 10:41:19.015172: I tensorflow/core/common_runtime/gpu/gpu_device.cc:1102]      0 
2023-02-25 10:41:19.015195: I tensorflow/core/common_runtime/gpu/gpu_device.cc:1115] 0:   N 
2023-02-25 10:41:19.016766: I tensorflow/core/common_runtime/gpu/gpu_device.cc:1241] Created TensorFlow device (/device:GPU:0 with 15049 MB memory) -> physical GPU (device: 0, name: Tesla V100-SXM2-16GB, pci bus id: 0000:1d:00.0, compute capability: 7.0)
2023-02-25 10:41:19.023751: I tensorflow/compiler/xla/service/service.cc:168] XLA service 0x560531b4b4e0 initialized for platform CUDA (this does not guarantee that XLA will be used). Devices:
2023-02-25 10:41:19.023781: I tensorflow/compiler/xla/service/service.cc:176]   StreamExecutor device (0): Tesla V100-SXM2-16GB, Compute Capability 7.0
2023-02-25 10:41:19.025880: I tensorflow/core/common_runtime/gpu/gpu_device.cc:1555] Found device 0 with properties: 
pciBusID: 0000:1d:00.0 name: Tesla V100-SXM2-16GB computeCapability: 7.0
coreClock: 1.53GHz coreCount: 80 deviceMemorySize: 15.77GiB deviceMemoryBandwidth: 836.37GiB/s
2023-02-25 10:41:19.025969: I tensorflow/stream_executor/platform/default/dso_loader.cc:44] Successfully opened dynamic library libcudart.so.10.1
2023-02-25 10:41:19.026004: I tensorflow/stream_executor/platform/default/dso_loader.cc:44] Successfully opened dynamic library libcublas.so.10
2023-02-25 10:41:19.026040: I tensorflow/stream_executor/platform/default/dso_loader.cc:44] Successfully opened dynamic library libcufft.so.10
2023-02-25 10:41:19.026075: I tensorflow/stream_executor/platform/default/dso_loader.cc:44] Successfully opened dynamic library libcurand.so.10
2023-02-25 10:41:19.026099: I tensorflow/stream_executor/platform/default/dso_loader.cc:44] Successfully opened dynamic library libcusolver.so.10
2023-02-25 10:41:19.026129: I tensorflow/stream_executor/platform/default/dso_loader.cc:44] Successfully opened dynamic library libcusparse.so.10
2023-02-25 10:41:19.026154: I tensorflow/stream_executor/platform/default/dso_loader.cc:44] Successfully opened dynamic library libcudnn.so.7
2023-02-25 10:41:19.026941: I tensorflow/core/common_runtime/gpu/gpu_device.cc:1697] Adding visible gpu devices: 0
2023-02-25 10:41:19.026983: I tensorflow/core/common_runtime/gpu/gpu_device.cc:1096] Device interconnect StreamExecutor with strength 1 edge matrix:
2023-02-25 10:41:19.026997: I tensorflow/core/common_runtime/gpu/gpu_device.cc:1102]      0 
2023-02-25 10:41:19.027009: I tensorflow/core/common_runtime/gpu/gpu_device.cc:1115] 0:   N 
2023-02-25 10:41:19.027805: I tensorflow/core/common_runtime/gpu/gpu_device.cc:1241] Created TensorFlow device (/device:GPU:0 with 15049 MB memory) -> physical GPU (device: 0, name: Tesla V100-SXM2-16GB, pci bus id: 0000:1d:00.0, compute capability: 7.0)
2023-02-25 10:42:01.044913: I tensorflow/core/common_runtime/gpu/gpu_device.cc:1555] Found device 0 with properties: 
pciBusID: 0000:1d:00.0 name: Tesla V100-SXM2-16GB computeCapability: 7.0
coreClock: 1.53GHz coreCount: 80 deviceMemorySize: 15.77GiB deviceMemoryBandwidth: 836.37GiB/s
2023-02-25 10:42:01.045040: I tensorflow/stream_executor/platform/default/dso_loader.cc:44] Successfully opened dynamic library libcudart.so.10.1
2023-02-25 10:42:01.045065: I tensorflow/stream_executor/platform/default/dso_loader.cc:44] Successfully opened dynamic library libcublas.so.10
2023-02-25 10:42:01.045096: I tensorflow/stream_executor/platform/default/dso_loader.cc:44] Successfully opened dynamic library libcufft.so.10
2023-02-25 10:42:01.045116: I tensorflow/stream_executor/platform/default/dso_loader.cc:44] Successfully opened dynamic library libcurand.so.10
2023-02-25 10:42:01.045133: I tensorflow/stream_executor/platform/default/dso_loader.cc:44] Successfully opened dynamic library libcusolver.so.10
2023-02-25 10:42:01.045152: I tensorflow/stream_executor/platform/default/dso_loader.cc:44] Successfully opened dynamic library libcusparse.so.10
2023-02-25 10:42:01.045172: I tensorflow/stream_executor/platform/default/dso_loader.cc:44] Successfully opened dynamic library libcudnn.so.7
2023-02-25 10:42:01.045780: I tensorflow/core/common_runtime/gpu/gpu_device.cc:1697] Adding visible gpu devices: 0
2023-02-25 10:42:01.046650: I tensorflow/core/common_runtime/gpu/gpu_device.cc:1555] Found device 0 with properties: 
pciBusID: 0000:1d:00.0 name: Tesla V100-SXM2-16GB computeCapability: 7.0
coreClock: 1.53GHz coreCount: 80 deviceMemorySize: 15.77GiB deviceMemoryBandwidth: 836.37GiB/s
2023-02-25 10:42:01.046700: I tensorflow/stream_executor/platform/default/dso_loader.cc:44] Successfully opened dynamic library libcudart.so.10.1
2023-02-25 10:42:01.046716: I tensorflow/stream_executor/platform/default/dso_loader.cc:44] Successfully opened dynamic library libcublas.so.10
2023-02-25 10:42:01.046731: I tensorflow/stream_executor/platform/default/dso_loader.cc:44] Successfully opened dynamic library libcufft.so.10
2023-02-25 10:42:01.046746: I tensorflow/stream_executor/platform/default/dso_loader.cc:44] Successfully opened dynamic library libcurand.so.10
2023-02-25 10:42:01.046760: I tensorflow/stream_executor/platform/default/dso_loader.cc:44] Successfully opened dynamic library libcusolver.so.10
2023-02-25 10:42:01.046774: I tensorflow/stream_executor/platform/default/dso_loader.cc:44] Successfully opened dynamic library libcusparse.so.10
2023-02-25 10:42:01.046788: I tensorflow/stream_executor/platform/default/dso_loader.cc:44] Successfully opened dynamic library libcudnn.so.7
2023-02-25 10:42:01.047361: I tensorflow/core/common_runtime/gpu/gpu_device.cc:1697] Adding visible gpu devices: 0
2023-02-25 10:42:01.047422: I tensorflow/core/common_runtime/gpu/gpu_device.cc:1096] Device interconnect StreamExecutor with strength 1 edge matrix:
2023-02-25 10:42:01.047434: I tensorflow/core/common_runtime/gpu/gpu_device.cc:1102]      0 
2023-02-25 10:42:01.047444: I tensorflow/core/common_runtime/gpu/gpu_device.cc:1115] 0:   N 
2023-02-25 10:42:01.048151: I tensorflow/core/common_runtime/gpu/gpu_device.cc:1241] Created TensorFlow device (/job:localhost/replica:0/task:0/device:GPU:0 with 15049 MB memory) -> physical GPU (device: 0, name: Tesla V100-SXM2-16GB, pci bus id: 0000:1d:00.0, compute capability: 7.0)
2023-02-25 10:42:12.319120: I tensorflow/stream_executor/platform/default/dso_loader.cc:44] Successfully opened dynamic library libcublas.so.10
2023-02-25 10:42:13.212258: I tensorflow/stream_executor/platform/default/dso_loader.cc:44] Successfully opened dynamic library libcudnn.so.7
2023-02-25 10:42:17.132613: W tensorflow/stream_executor/gpu/redzone_allocator.cc:312] Not found: ./bin/ptxas not found
Relying on driver to perform ptx compilation. This message will be only logged once.
