[Info] ------------------------------[0m
[Info] | ... JetScape Framework ... |[0m
[Info] ------------------------------[0m
[Info] [0m
[Info] *--------------------------------------------------------------*[0m
[Info] |                                                              |[0m
[Info] |                  /\                                          |[0m
[Info] |                 /  \                                         |[0m
[Info] |                / |  \                                        |[0m
[Info] |               /  |   \              /\                       |[0m
[Info] |              /   |    \          /\/  \                      |[0m
[Info] |             / \  |  /  \      /\/   |  \/\                   |[0m
[Info] |            /   \ | /    \    /    % | %   \                  |[0m
[Info] |         __/     \|/      \__/      %|%     \/\__             |[0m
[Info] |                                                              |[0m
[Info] |                          JETSCAPE                            |[0m
[Info] |                                                              |[0m
[Info] |     The Jet Energy-loss Tomography with a Statistically      |[0m
[Info] |       and Computationally Advanced Program Envelope          |[0m
[Info] |                     http://jetscape.org                      |[0m
[Info] |                                                              |[0m
[Info] | Please cite arXiv:1903.07706 if you use this package for     |[0m
[Info] | scientific work.                                             |[0m
[Info] |                                                              |[0m
[Info] | JETSCAPE is provided without warranty under the terms        |[0m
[Info] | of the GNU GPLv3. It uses xxx code(s).                       |[0m
[Info] | See COPYING file for details.                                |[0m
[Info] |                                                              |[0m
[Info] *--------------------------------------------------------------*[0m
[Info] 91MB  [1m[31mIntialize JetScape ...[0m
[Info] 91MB  Created JetScapeXML Instance[0m
[Info] 91MB  Open XML Master file : ../config/jetscape_master.xml[0m
[Info] 92MB  Open XML User file : ../config/jetscape_user_06.xml[0m
[Info] 92MB  ================================================================[0m
[Info] 92MB  nEvents = 15000[0m
[Info] 92MB  Reuse Hydro:  true [0m
[Info] 92MB  nReuseHydro: 500000[0m
[Info] 92MB  JetScapeTaskSupport found seed 0, using one engine for all and reseeding to 1075048824[0m
[Info] 92MB  Intialize CausalLiquefier ...[0m
[Info] 92MB  Created liquefier.[0m
[Info] 92MB  JetScape::DetermineTaskList() -- Initial state: Added InitialFromFile to task list.[0m
[Info] 92MB  JetScape::DetermineTaskList() -- Hard Process: Added PGun to task list.[0m
[Info] 92MB  JetScape::DetermineTaskList() -- PreDynamics: Added NullPreDynamics to task list.[0m
[Info] 92MB  JetScape::DetermineTaskList() -- Hydro: Added hydro_from_file to task list.[0m
[Info] 92MB  Set ID to: Hydro from file[0m
[Info] 92MB  JetScape::DetermineTaskList() -- Added liquefier to Eloss.[0m
[Info] 92MB  JetScape::DetermineTaskList() -- Eloss: Added Matter to Eloss list.[0m
[Info] 92MB  JetScape::DetermineTaskList() -- Added PartonPrinter to task list.[0m
[Info] 92MB  JetScape::DetermineTaskList() -- Hadronization: Added liquefier to ColorlessHadronization[0m
[Info] 92MB  JetScape::DetermineTaskList() -- JetHadronization: Added ColorlessHadronization to task list.[0m
[Info] 92MB  JetScape::DetermineTaskList() -- Added HadronPrinter to task list.[0m
[Info] 92MB  ================================================================[0m
[Info] 92MB  Found 8 Modules Initialize them ... [0m
[Info] 92MB  Set Hydro,JetEnergylossManager and IS Pointers for SignalManager to create Signal/Slots[0m
[Info] 92MB  Created JetScapeSignalManager Instance[0m
[Info] 92MB  Calling JetScape InitTasks()...[0m
[Info] 92MB  Intialize InitialState ... InitialFromFile ...[0m
[Info] 92MB  x range for bulk evolution = [-15, 15][0m
[Info] 92MB  Intialize HardProcess : PGun ...[0m
[Info] 92MB  Parton Gun with fixed pT = 100[0m
[Info] 92MB  Parton Gun with parID = 21[0m
[Info] 92MB  Use hybrid hadronization? 0[0m
[Info] 92MB  Intialize PreequilibriumDynamics : NullPreDynamics ...[0m
[Info] 92MB  Intialize FluidDynamics : Hydro from file ...[0m
[Info] 92MB  Intialize JetEnergyLoss Manager ...[0m
[Info] 92MB  Found 1 Eloss Manager Tasks/Modules Initialize them ... [0m
[Info] 92MB  Intialize JetEnergyLoss ...[0m
[Info] 92MB  Eloss shower with deltaT = 0.1 and maxT = 200[0m
[Info] 92MB  Found 1 Eloss Tasks/Modules Initialize them ... [0m
[Info] 92MB  Intialize Matter ...[0m
[Info] 92MB  [35mMATTER input parameter[0m
[Info] 92MB  [35muse hybrid hadronization later? 0[0m
[Info] 92MB  [35mmatter shower on: 1[0m
[Info] 92MB  [35min_vac: 0  brick_med: 0  recoil_on: 1, tStart =0.6[0m
[Info] 92MB  [35mQ0: 1 vir_factor: 0.25  qhat0: -2 alphas: 0.4, QhatParametrizationType=1  qhatA: 10 qhatB:  10  qhatC: 1 qhatD:  0 hydro_Tc: 0.16 brick_length: 5[0m
[Info] 92MB  Running alphas will be used as 4*pi/(9.0*log(2*enerLoc*tempLoc/LambdaQCDS))[0m
[Info] 92MB  [35mReminder: download LBT tables first and cmake .. if recoil is switched on in MATTER.[0m
Erro openning HQ data file!
Erro openning data file distB.dat!
Erro openning data file distF.dat!
[Info] 92MB  Connect JetEnergyLossManager Signal to Hard Process ...[0m
[Info] 92MB  Intialize PartonPrinter ...[0m
[Info] 92MB  Intialize Hadronization Manager ...[0m
[Info] 92MB  Found 1 Hadronization Manager Tasks/Modules Initialize them ... [0m
[Info] 92MB  Found 1 Hadronization Tasks/Modules Initialize them ... [0m
[Info] 92MB  Weak decays are turned on[0m

 *-------  PYTHIA Flag + Mode + Parm + Word + FVec + MVec + PVec + WVec Settings (changes only)  ------------------* 
 |                                                                                                                 | 
 | Name                                          |                      Now |      Default         Min         Max | 
 |                                               |                          |                                      | 
 | Next:numberShowEvent                          |                        0 |            1           0             | 
 | Next:numberShowInfo                           |                        0 |            1           0             | 
 | Next:numberShowProcess                        |                        0 |            1           0             | 
 | ParticleDecays:limitTau0                      |                       on |          off                         | 
 | PartonLevel:FSR                               |                      off |           on                         | 
 | ProcessLevel:all                              |                      off |           on                         | 
 |                                                                                                                 | 
 *-------  End PYTHIA Flag + Mode + Parm + Word + FVec + MVec + PVec + WVec Settings  -----------------------------* 

 --------  PYTHIA Particle Data Table (changed only)  ------------------------------------------------------------------------------
 
      id   name            antiName         spn chg col      m0        mWidth      mMin       mMax       tau0    res dec ext vis wid
             no onMode   bRatio   meMode     products 

 no particle data has been changed from its default value 

 --------  End PYTHIA Particle Data Table  -----------------------------------------------------------------------------------------

[Info] 93MB  Connect HadronizationManager Signal to Energy Loss ...[0m
[Info] 93MB  [1m[31mRun JetScape ...[0m
[Info] 93MB  [1m[31mNumber of Events = 15000[0m
[Info] 93MB  [1m[31mRun Event # = 0[0m
[Info] 93MB  clear initial condition vectors[0m
[Info] 93MB  Read initial condition from file[0m
[Info] 93MB  External initial profile path is../../JETSCAPE-Hydro-Profiles/event-0/initial.hdf5[0m
[Info] 93MB  event_group=/event_0[0m
[Info] 93MB  Read initial state configurations from file[0m
[Info] 94MB  xmax = 15[0m
[Info] 94MB  Read number of binary collisions from file[0m
[Info] 97MB  Read initial entropy density distribution from file[0m
[Info] 114MB  read in a VISHNew hydro event from file ../../JETSCAPE-Hydro-Profiles//event-0/JetData.h5[0m
-----------------------------------------
-----------hydro grid info---------------
-----------------------------------------
XL = -96
XH = 96
DX = 0.2 fm
YL = -96
YH = 96
DY = 0.2 fm
Tau0 = 0.1 fm
dTau = 0.1 fm
Number of Frames: 150
Taumax = 15 fm
Read in viscous information?  No!
-----------------------------------------
[Info] 2557MB  [1m[31mRun Event # = 10[0m
[Info] 2557MB  [1m[31mRun Event # = 20[0m
