[NbConvertApp] Converting notebook jet-ml-deep-model-cnn-legacy-replica.ipynb to python
[NbConvertApp] Writing 18885 bytes to jet-ml-deep-model-cnn-legacy-replica.py
2023-02-17 16:02:14.452246: I tensorflow/core/platform/cpu_feature_guard.cc:142] Your CPU supports instructions that this TensorFlow binary was not compiled to use: SSE4.1 SSE4.2 AVX AVX2 AVX512F FMA
2023-02-17 16:02:14.480548: I tensorflow/core/platform/profile_utils/cpu_utils.cc:94] CPU Frequency: 2400000000 Hz
2023-02-17 16:02:14.482099: I tensorflow/compiler/xla/service/service.cc:168] XLA service 0x55a5ba9dba70 initialized for platform Host (this does not guarantee that XLA will be used). Devices:
2023-02-17 16:02:14.482169: I tensorflow/compiler/xla/service/service.cc:176]   StreamExecutor device (0): Host, Default Version
2023-02-17 16:02:14.486384: I tensorflow/stream_executor/platform/default/dso_loader.cc:44] Successfully opened dynamic library libcuda.so.1
2023-02-17 16:02:14.535864: I tensorflow/core/common_runtime/gpu/gpu_device.cc:1555] Found device 0 with properties: 
pciBusID: 0000:1a:00.0 name: Tesla V100-SXM2-16GB computeCapability: 7.0
coreClock: 1.53GHz coreCount: 80 deviceMemorySize: 15.77GiB deviceMemoryBandwidth: 836.37GiB/s
2023-02-17 16:02:14.571278: I tensorflow/stream_executor/platform/default/dso_loader.cc:44] Successfully opened dynamic library libcudart.so.10.1
2023-02-17 16:02:14.935549: I tensorflow/stream_executor/platform/default/dso_loader.cc:44] Successfully opened dynamic library libcublas.so.10
2023-02-17 16:02:15.170917: I tensorflow/stream_executor/platform/default/dso_loader.cc:44] Successfully opened dynamic library libcufft.so.10
2023-02-17 16:02:15.349349: I tensorflow/stream_executor/platform/default/dso_loader.cc:44] Successfully opened dynamic library libcurand.so.10
2023-02-17 16:02:15.736179: I tensorflow/stream_executor/platform/default/dso_loader.cc:44] Successfully opened dynamic library libcusolver.so.10
2023-02-17 16:02:15.872094: I tensorflow/stream_executor/platform/default/dso_loader.cc:44] Successfully opened dynamic library libcusparse.so.10
2023-02-17 16:02:16.644510: I tensorflow/stream_executor/platform/default/dso_loader.cc:44] Successfully opened dynamic library libcudnn.so.7
2023-02-17 16:02:16.646017: I tensorflow/core/common_runtime/gpu/gpu_device.cc:1697] Adding visible gpu devices: 0
2023-02-17 16:02:16.649457: I tensorflow/stream_executor/platform/default/dso_loader.cc:44] Successfully opened dynamic library libcudart.so.10.1
2023-02-17 16:02:16.767133: I tensorflow/core/common_runtime/gpu/gpu_device.cc:1096] Device interconnect StreamExecutor with strength 1 edge matrix:
2023-02-17 16:02:16.767194: I tensorflow/core/common_runtime/gpu/gpu_device.cc:1102]      0 
2023-02-17 16:02:16.767214: I tensorflow/core/common_runtime/gpu/gpu_device.cc:1115] 0:   N 
2023-02-17 16:02:16.768540: I tensorflow/core/common_runtime/gpu/gpu_device.cc:1241] Created TensorFlow device (/device:GPU:0 with 15049 MB memory) -> physical GPU (device: 0, name: Tesla V100-SXM2-16GB, pci bus id: 0000:1a:00.0, compute capability: 7.0)
2023-02-17 16:02:16.773484: I tensorflow/compiler/xla/service/service.cc:168] XLA service 0x55a5bb9963d0 initialized for platform CUDA (this does not guarantee that XLA will be used). Devices:
2023-02-17 16:02:16.773516: I tensorflow/compiler/xla/service/service.cc:176]   StreamExecutor device (0): Tesla V100-SXM2-16GB, Compute Capability 7.0
2023-02-17 16:02:16.774813: I tensorflow/core/common_runtime/gpu/gpu_device.cc:1555] Found device 0 with properties: 
pciBusID: 0000:1a:00.0 name: Tesla V100-SXM2-16GB computeCapability: 7.0
coreClock: 1.53GHz coreCount: 80 deviceMemorySize: 15.77GiB deviceMemoryBandwidth: 836.37GiB/s
2023-02-17 16:02:16.774893: I tensorflow/stream_executor/platform/default/dso_loader.cc:44] Successfully opened dynamic library libcudart.so.10.1
2023-02-17 16:02:16.774915: I tensorflow/stream_executor/platform/default/dso_loader.cc:44] Successfully opened dynamic library libcublas.so.10
2023-02-17 16:02:16.774933: I tensorflow/stream_executor/platform/default/dso_loader.cc:44] Successfully opened dynamic library libcufft.so.10
2023-02-17 16:02:16.774956: I tensorflow/stream_executor/platform/default/dso_loader.cc:44] Successfully opened dynamic library libcurand.so.10
2023-02-17 16:02:16.774974: I tensorflow/stream_executor/platform/default/dso_loader.cc:44] Successfully opened dynamic library libcusolver.so.10
2023-02-17 16:02:16.774992: I tensorflow/stream_executor/platform/default/dso_loader.cc:44] Successfully opened dynamic library libcusparse.so.10
2023-02-17 16:02:16.775010: I tensorflow/stream_executor/platform/default/dso_loader.cc:44] Successfully opened dynamic library libcudnn.so.7
2023-02-17 16:02:16.775683: I tensorflow/core/common_runtime/gpu/gpu_device.cc:1697] Adding visible gpu devices: 0
2023-02-17 16:02:16.775716: I tensorflow/core/common_runtime/gpu/gpu_device.cc:1096] Device interconnect StreamExecutor with strength 1 edge matrix:
2023-02-17 16:02:16.775729: I tensorflow/core/common_runtime/gpu/gpu_device.cc:1102]      0 
2023-02-17 16:02:16.775741: I tensorflow/core/common_runtime/gpu/gpu_device.cc:1115] 0:   N 
2023-02-17 16:02:16.776435: I tensorflow/core/common_runtime/gpu/gpu_device.cc:1241] Created TensorFlow device (/device:GPU:0 with 15049 MB memory) -> physical GPU (device: 0, name: Tesla V100-SXM2-16GB, pci bus id: 0000:1a:00.0, compute capability: 7.0)
2023-02-17 16:03:09.025661: I tensorflow/core/common_runtime/gpu/gpu_device.cc:1555] Found device 0 with properties: 
pciBusID: 0000:1a:00.0 name: Tesla V100-SXM2-16GB computeCapability: 7.0
coreClock: 1.53GHz coreCount: 80 deviceMemorySize: 15.77GiB deviceMemoryBandwidth: 836.37GiB/s
2023-02-17 16:03:09.025790: I tensorflow/stream_executor/platform/default/dso_loader.cc:44] Successfully opened dynamic library libcudart.so.10.1
2023-02-17 16:03:09.025814: I tensorflow/stream_executor/platform/default/dso_loader.cc:44] Successfully opened dynamic library libcublas.so.10
2023-02-17 16:03:09.025838: I tensorflow/stream_executor/platform/default/dso_loader.cc:44] Successfully opened dynamic library libcufft.so.10
2023-02-17 16:03:09.025857: I tensorflow/stream_executor/platform/default/dso_loader.cc:44] Successfully opened dynamic library libcurand.so.10
2023-02-17 16:03:09.025874: I tensorflow/stream_executor/platform/default/dso_loader.cc:44] Successfully opened dynamic library libcusolver.so.10
2023-02-17 16:03:09.025902: I tensorflow/stream_executor/platform/default/dso_loader.cc:44] Successfully opened dynamic library libcusparse.so.10
2023-02-17 16:03:09.025922: I tensorflow/stream_executor/platform/default/dso_loader.cc:44] Successfully opened dynamic library libcudnn.so.7
2023-02-17 16:03:09.026534: I tensorflow/core/common_runtime/gpu/gpu_device.cc:1697] Adding visible gpu devices: 0
2023-02-17 16:03:09.027354: I tensorflow/core/common_runtime/gpu/gpu_device.cc:1555] Found device 0 with properties: 
pciBusID: 0000:1a:00.0 name: Tesla V100-SXM2-16GB computeCapability: 7.0
coreClock: 1.53GHz coreCount: 80 deviceMemorySize: 15.77GiB deviceMemoryBandwidth: 836.37GiB/s
2023-02-17 16:03:09.027403: I tensorflow/stream_executor/platform/default/dso_loader.cc:44] Successfully opened dynamic library libcudart.so.10.1
2023-02-17 16:03:09.027421: I tensorflow/stream_executor/platform/default/dso_loader.cc:44] Successfully opened dynamic library libcublas.so.10
2023-02-17 16:03:09.027435: I tensorflow/stream_executor/platform/default/dso_loader.cc:44] Successfully opened dynamic library libcufft.so.10
2023-02-17 16:03:09.027450: I tensorflow/stream_executor/platform/default/dso_loader.cc:44] Successfully opened dynamic library libcurand.so.10
2023-02-17 16:03:09.027465: I tensorflow/stream_executor/platform/default/dso_loader.cc:44] Successfully opened dynamic library libcusolver.so.10
2023-02-17 16:03:09.027479: I tensorflow/stream_executor/platform/default/dso_loader.cc:44] Successfully opened dynamic library libcusparse.so.10
2023-02-17 16:03:09.027494: I tensorflow/stream_executor/platform/default/dso_loader.cc:44] Successfully opened dynamic library libcudnn.so.7
2023-02-17 16:03:09.028060: I tensorflow/core/common_runtime/gpu/gpu_device.cc:1697] Adding visible gpu devices: 0
2023-02-17 16:03:09.028107: I tensorflow/core/common_runtime/gpu/gpu_device.cc:1096] Device interconnect StreamExecutor with strength 1 edge matrix:
2023-02-17 16:03:09.028118: I tensorflow/core/common_runtime/gpu/gpu_device.cc:1102]      0 
2023-02-17 16:03:09.028127: I tensorflow/core/common_runtime/gpu/gpu_device.cc:1115] 0:   N 
2023-02-17 16:03:09.028737: I tensorflow/core/common_runtime/gpu/gpu_device.cc:1241] Created TensorFlow device (/job:localhost/replica:0/task:0/device:GPU:0 with 15049 MB memory) -> physical GPU (device: 0, name: Tesla V100-SXM2-16GB, pci bus id: 0000:1a:00.0, compute capability: 7.0)
2023-02-17 16:04:14.769760: I tensorflow/stream_executor/platform/default/dso_loader.cc:44] Successfully opened dynamic library libcublas.so.10
2023-02-17 16:04:28.309275: I tensorflow/stream_executor/platform/default/dso_loader.cc:44] Successfully opened dynamic library libcudnn.so.7
2023-02-17 16:04:54.486197: W tensorflow/stream_executor/gpu/redzone_allocator.cc:312] Not found: ./bin/ptxas not found
Relying on driver to perform ptx compilation. This message will be only logged once.
/wsu/home/gy/gy40/gy4065/.local/lib/python3.7/site-packages/sklearn/metrics/_classification.py:1318: UndefinedMetricWarning: Precision and F-score are ill-defined and being set to 0.0 in labels with no predicted samples. Use `zero_division` parameter to control this behavior.
  _warn_prf(average, modifier, msg_start, len(result))
/wsu/home/gy/gy40/gy4065/.local/lib/python3.7/site-packages/sklearn/metrics/_classification.py:1318: UndefinedMetricWarning: Precision and F-score are ill-defined and being set to 0.0 in labels with no predicted samples. Use `zero_division` parameter to control this behavior.
  _warn_prf(average, modifier, msg_start, len(result))
/wsu/home/gy/gy40/gy4065/.local/lib/python3.7/site-packages/sklearn/metrics/_classification.py:1318: UndefinedMetricWarning: Precision and F-score are ill-defined and being set to 0.0 in labels with no predicted samples. Use `zero_division` parameter to control this behavior.
  _warn_prf(average, modifier, msg_start, len(result))
