[NbConvertApp] Converting notebook jet-ml-deep-model-cnn-legacy-replica.ipynb to python
[NbConvertApp] Writing 19055 bytes to jet-ml-deep-model-cnn-legacy-replica.py
2023-02-17 19:47:15.544360: I tensorflow/core/platform/cpu_feature_guard.cc:142] Your CPU supports instructions that this TensorFlow binary was not compiled to use: SSE4.1 SSE4.2 AVX AVX2 AVX512F FMA
2023-02-17 19:47:15.569552: I tensorflow/core/platform/profile_utils/cpu_utils.cc:94] CPU Frequency: 2400000000 Hz
2023-02-17 19:47:15.572092: I tensorflow/compiler/xla/service/service.cc:168] XLA service 0x55b7cd0557a0 initialized for platform Host (this does not guarantee that XLA will be used). Devices:
2023-02-17 19:47:15.572148: I tensorflow/compiler/xla/service/service.cc:176]   StreamExecutor device (0): Host, Default Version
2023-02-17 19:47:15.574816: I tensorflow/stream_executor/platform/default/dso_loader.cc:44] Successfully opened dynamic library libcuda.so.1
2023-02-17 19:47:15.618482: I tensorflow/core/common_runtime/gpu/gpu_device.cc:1555] Found device 0 with properties: 
pciBusID: 0000:1a:00.0 name: Tesla V100-SXM2-16GB computeCapability: 7.0
coreClock: 1.53GHz coreCount: 80 deviceMemorySize: 15.77GiB deviceMemoryBandwidth: 836.37GiB/s
2023-02-17 19:47:15.619483: I tensorflow/stream_executor/platform/default/dso_loader.cc:44] Successfully opened dynamic library libcudart.so.10.1
2023-02-17 19:47:15.624705: I tensorflow/stream_executor/platform/default/dso_loader.cc:44] Successfully opened dynamic library libcublas.so.10
2023-02-17 19:47:15.629162: I tensorflow/stream_executor/platform/default/dso_loader.cc:44] Successfully opened dynamic library libcufft.so.10
2023-02-17 19:47:15.629811: I tensorflow/stream_executor/platform/default/dso_loader.cc:44] Successfully opened dynamic library libcurand.so.10
2023-02-17 19:47:15.634776: I tensorflow/stream_executor/platform/default/dso_loader.cc:44] Successfully opened dynamic library libcusolver.so.10
2023-02-17 19:47:15.636980: I tensorflow/stream_executor/platform/default/dso_loader.cc:44] Successfully opened dynamic library libcusparse.so.10
2023-02-17 19:47:15.646270: I tensorflow/stream_executor/platform/default/dso_loader.cc:44] Successfully opened dynamic library libcudnn.so.7
2023-02-17 19:47:15.647204: I tensorflow/core/common_runtime/gpu/gpu_device.cc:1697] Adding visible gpu devices: 0
2023-02-17 19:47:15.647266: I tensorflow/stream_executor/platform/default/dso_loader.cc:44] Successfully opened dynamic library libcudart.so.10.1
2023-02-17 19:47:15.745023: I tensorflow/core/common_runtime/gpu/gpu_device.cc:1096] Device interconnect StreamExecutor with strength 1 edge matrix:
2023-02-17 19:47:15.745068: I tensorflow/core/common_runtime/gpu/gpu_device.cc:1102]      0 
2023-02-17 19:47:15.745086: I tensorflow/core/common_runtime/gpu/gpu_device.cc:1115] 0:   N 
2023-02-17 19:47:15.746281: I tensorflow/core/common_runtime/gpu/gpu_device.cc:1241] Created TensorFlow device (/device:GPU:0 with 15049 MB memory) -> physical GPU (device: 0, name: Tesla V100-SXM2-16GB, pci bus id: 0000:1a:00.0, compute capability: 7.0)
2023-02-17 19:47:15.749364: I tensorflow/compiler/xla/service/service.cc:168] XLA service 0x55b7ce010230 initialized for platform CUDA (this does not guarantee that XLA will be used). Devices:
2023-02-17 19:47:15.749391: I tensorflow/compiler/xla/service/service.cc:176]   StreamExecutor device (0): Tesla V100-SXM2-16GB, Compute Capability 7.0
2023-02-17 19:47:15.750954: I tensorflow/core/common_runtime/gpu/gpu_device.cc:1555] Found device 0 with properties: 
pciBusID: 0000:1a:00.0 name: Tesla V100-SXM2-16GB computeCapability: 7.0
coreClock: 1.53GHz coreCount: 80 deviceMemorySize: 15.77GiB deviceMemoryBandwidth: 836.37GiB/s
2023-02-17 19:47:15.751018: I tensorflow/stream_executor/platform/default/dso_loader.cc:44] Successfully opened dynamic library libcudart.so.10.1
2023-02-17 19:47:15.751037: I tensorflow/stream_executor/platform/default/dso_loader.cc:44] Successfully opened dynamic library libcublas.so.10
2023-02-17 19:47:15.751054: I tensorflow/stream_executor/platform/default/dso_loader.cc:44] Successfully opened dynamic library libcufft.so.10
2023-02-17 19:47:15.751073: I tensorflow/stream_executor/platform/default/dso_loader.cc:44] Successfully opened dynamic library libcurand.so.10
2023-02-17 19:47:15.751091: I tensorflow/stream_executor/platform/default/dso_loader.cc:44] Successfully opened dynamic library libcusolver.so.10
2023-02-17 19:47:15.751107: I tensorflow/stream_executor/platform/default/dso_loader.cc:44] Successfully opened dynamic library libcusparse.so.10
2023-02-17 19:47:15.751123: I tensorflow/stream_executor/platform/default/dso_loader.cc:44] Successfully opened dynamic library libcudnn.so.7
2023-02-17 19:47:15.751750: I tensorflow/core/common_runtime/gpu/gpu_device.cc:1697] Adding visible gpu devices: 0
2023-02-17 19:47:15.751778: I tensorflow/core/common_runtime/gpu/gpu_device.cc:1096] Device interconnect StreamExecutor with strength 1 edge matrix:
2023-02-17 19:47:15.751789: I tensorflow/core/common_runtime/gpu/gpu_device.cc:1102]      0 
2023-02-17 19:47:15.751799: I tensorflow/core/common_runtime/gpu/gpu_device.cc:1115] 0:   N 
2023-02-17 19:47:15.752432: I tensorflow/core/common_runtime/gpu/gpu_device.cc:1241] Created TensorFlow device (/device:GPU:0 with 15049 MB memory) -> physical GPU (device: 0, name: Tesla V100-SXM2-16GB, pci bus id: 0000:1a:00.0, compute capability: 7.0)
Traceback (most recent call last):
  File "jet-ml-deep-model-cnn-legacy-replica.py", line 477, in <module>
    history, train_time = train_network(train_set, val_set, n_epochs, lr, batch_size, monitor)
  File "jet-ml-deep-model-cnn-legacy-replica.py", line 457, in train_network
    model = CNN_model(input_shape, lr, dropout1, dropout2)
  File "jet-ml-deep-model-cnn-legacy-replica.py", line 418, in CNN_model
    model.add(Rescaling(1./max_x))
NameError: name 'Rescaling' is not defined
