Converting notebook to script
Setting up python version and conda shell
Activating conda environment
Running dataset step-9-all-config-cocatenate-shuffler
Defaulting to user installation because normal site-packages is not writeable
Requirement already satisfied: pickle5 in /wsu/home/gy/gy40/gy4065/.local/lib/python3.7/site-packages (0.0.12)
Defaulting to user installation because normal site-packages is not writeable
Requirement already satisfied: pickle5 in /wsu/home/gy/gy40/gy4065/.local/lib/python3.7/site-packages (0.0.12)
Loading/Installing Package => Begin


Installing pickle5
Installed pickle5


########################################################################
Checking the running platforms

Installing pickle5
Installed pickle5

Python version: 3.7.3
OS: Linux
OS version: 5.15.80-200.el7.x86_64
running on Colab: False
Dataset Directory Path: /wsu/home/gy/gy40/gy4065/hm.jetscapeml.data/
Simulation Results Path: /wsu/home/gy/gy40/gy4065/hm.jetscapeml.data/simulation_results/
Dataset Directory Path: /wsu/home/gy/gy40/gy4065/hm.jetscapeml.data/
Simulation Directory Path: /wsu/home/gy/gy40/gy4065/hm.jetscapeml.data/simulation_results/
########################################################################


Loading/Installing Package => End


Tokenized Arguments:

Tokenized Values:
Building required params for the loading/saving the dataset file
Loading all config dataset
dataset.x_train: <class 'numpy.ndarray'> 9953270784 (9719991, 32, 32)
dataset.x_test: <class 'numpy.ndarray'> 1105920000 (1080000, 32, 32)
dataset.y_train: <class 'numpy.ndarray'> 29159973 (9719991, 3)
dataset.y_test: <class 'numpy.ndarray'> 3240000 (1080000, 3)
dataset y_train values:
 [['MMAT' '0.2' '1']
 ['MMAT' '0.2' '1']
 ['MLBT' '0.2' '1.5']
 ['MLBT' '0.2' '1.5']
 ['MMAT' '0.2' '1']
 ['MLBT' '0.2' '1.5']
 ['MLBT' '0.2' '1.5']
 ['MMAT' '0.2' '1']
 ['MLBT' '0.2' '1.5']
 ['MMAT' '0.2' '1']
 ['MMAT' '0.2' '1']
 ['MLBT' '0.2' '1.5']
 ['MMAT' '0.2' '1']
 ['MMAT' '0.2' '1']
 ['MLBT' '0.2' '1.5']
 ['MMAT' '0.2' '1']
 ['MMAT' '0.2' '1']
 ['MMAT' '0.2' '1']
 ['MMAT' '0.2' '1']
 ['MLBT' '0.2' '1.5']
 ['MMAT' '0.2' '1']
 ['MLBT' '0.2' '1.5']
 ['MLBT' '0.2' '1.5']
 ['MLBT' '0.2' '1.5']
 ['MLBT' '0.2' '1.5']
 ['MLBT' '0.2' '1.5']
 ['MLBT' '0.2' '1.5']
 ['MMAT' '0.2' '1']
 ['MMAT' '0.2' '1']
 ['MMAT' '0.2' '1']
 ['MMAT' '0.2' '1']
 ['MMAT' '0.2' '1']
 ['MLBT' '0.2' '1.5']
 ['MLBT' '0.2' '1.5']
 ['MLBT' '0.2' '1.5']
 ['MLBT' '0.2' '1.5']
 ['MLBT' '0.2' '1.5']
 ['MMAT' '0.2' '1']
 ['MLBT' '0.2' '1.5']
 ['MLBT' '0.2' '1.5']
 ['MMAT' '0.2' '1']
 ['MLBT' '0.2' '1.5']
 ['MMAT' '0.2' '1']
 ['MMAT' '0.2' '1']
 ['MMAT' '0.2' '1']
 ['MLBT' '0.2' '1.5']
 ['MLBT' '0.2' '1.5']
 ['MMAT' '0.2' '1']
 ['MLBT' '0.2' '1.5']
 ['MMAT' '0.2' '1']
 ['MLBT' '0.2' '1.5']
 ['MLBT' '0.2' '1.5']
 ['MLBT' '0.2' '1.5']
 ['MMAT' '0.2' '1']
 ['MMAT' '0.2' '1']
 ['MLBT' '0.2' '1.5']
 ['MMAT' '0.2' '1']
 ['MMAT' '0.2' '1']
 ['MMAT' '0.2' '1']
 ['MMAT' '0.2' '1']
 ['MLBT' '0.2' '1.5']
 ['MMAT' '0.2' '1']
 ['MLBT' '0.2' '1.5']
 ['MLBT' '0.2' '1.5']
 ['MLBT' '0.2' '1.5']
 ['MLBT' '0.2' '1.5']
 ['MMAT' '0.2' '1']
 ['MLBT' '0.2' '1.5']
 ['MLBT' '0.2' '1.5']
 ['MMAT' '0.2' '1']
 ['MLBT' '0.2' '1.5']
 ['MLBT' '0.2' '1.5']
 ['MLBT' '0.2' '1.5']
 ['MLBT' '0.2' '1.5']
 ['MMAT' '0.2' '1']
 ['MLBT' '0.2' '1.5']
 ['MLBT' '0.2' '1.5']
 ['MLBT' '0.2' '1.5']
 ['MMAT' '0.2' '1']
 ['MMAT' '0.2' '1']
 ['MLBT' '0.2' '1.5']
 ['MMAT' '0.2' '1']
 ['MLBT' '0.2' '1.5']
 ['MLBT' '0.2' '1.5']
 ['MMAT' '0.2' '1']
 ['MLBT' '0.2' '1.5']
 ['MLBT' '0.2' '1.5']
 ['MMAT' '0.2' '1']
 ['MMAT' '0.2' '1']
 ['MMAT' '0.2' '1']
 ['MLBT' '0.2' '1.5']
 ['MMAT' '0.2' '1']
 ['MLBT' '0.2' '1.5']
 ['MLBT' '0.2' '1.5']
 ['MLBT' '0.2' '1.5']
 ['MLBT' '0.2' '1.5']
 ['MLBT' '0.2' '1.5']
 ['MMAT' '0.2' '1']
 ['MMAT' '0.2' '1']]
dataset y_test values:
 [['MMAT' '0.2' '1']
 ['MMAT' '0.2' '1']
 ['MMAT' '0.2' '1']
 ['MMAT' '0.2' '1']
 ['MMAT' '0.2' '1']
 ['MMAT' '0.2' '1']
 ['MMAT' '0.2' '1']
 ['MMAT' '0.2' '1']
 ['MMAT' '0.2' '1']]
indices [8903793 6727332 3226526 2825044 8456692 2322951 1833015 9469362 6436190
 4084935 7414185 3109235 3277556 7011749 9688227 5346973 8162221 6943395
 7159828 1477476 7440563 3637511 1423845 6927243 3912284 6502582 4536785
 7051896 1753590 5137072 9491217 2454585 3766515 9620953 6463343 3674471
 3015659  985215 2556028 2222005  174582 5007463 9151783 7610607  569103
 2028454 3702280 4370898 7693598 7594012 2028673 2229135 2661357 7079846
 2931877 9207614 8925594 8826498 7161630 7472829 6625406 3811788 6016811
 2788138 6685869 6727817 4348571 6328973 8643717 8228044 9296976 1153947
 8456507  137545 6273983  466504 4416125 8724054 3321644 3351275 3724873
 6958664 8877516 4549028  935750 8890992 4648888 3019367 5004448 6890169
 5570077 4050027 8869128 5873545 6584121 5362132 8772682 4275111 6963645]
shuffled_dataset x_train shape: (9719991, 32, 32)
shuffled_dataset x_test shape: (1080000, 32, 32)
shuffled_dataset y_train shape: (9719991, 3)
shuffled_dataset y_test shape: (1080000, 3)
shuffled_dataset y_train values:
 [['MLBT' '0.4' '2.5']
 ['MLBT' '0.2' '2.5']
 ['MMAT' '0.4' '1']
 ['MMAT' '0.4' '1']
 ['MMAT' '0.3' '1']
 ['MMAT' '0.4' '1']
 ['MMAT' '0.3' '1']
 ['MLBT' '0.4' '2.5']
 ['MLBT' '0.4' '2.0']
 ['MMAT' '0.2' '1']
 ['MLBT' '0.2' '2.5']
 ['MMAT' '0.4' '1']
 ['MMAT' '0.2' '1']
 ['MMAT' '0.2' '1']
 ['MLBT' '0.4' '2.5']
 ['MMAT' '0.3' '1']
 ['MMAT' '0.3' '1']
 ['MLBT' '0.2' '2.5']
 ['MLBT' '0.2' '2.5']
 ['MLBT' '0.3' '1.5']
 ['MMAT' '0.2' '1']
 ['MMAT' '0.2' '1']
 ['MLBT' '0.3' '1.5']
 ['MMAT' '0.2' '1']
 ['MLBT' '0.2' '2.0']
 ['MMAT' '0.2' '1']
 ['MLBT' '0.3' '2.0']
 ['MMAT' '0.2' '1']
 ['MMAT' '0.3' '1']
 ['MLBT' '0.3' '2.0']
 ['MMAT' '0.4' '1']
 ['MLBT' '0.4' '1.5']
 ['MLBT' '0.2' '2.0']
 ['MMAT' '0.4' '1']
 ['MLBT' '0.4' '2.0']
 ['MMAT' '0.2' '1']
 ['MMAT' '0.4' '1']
 ['MLBT' '0.2' '1.5']
 ['MMAT' '0.4' '1']
 ['MLBT' '0.4' '1.5']
 ['MMAT' '0.2' '1']
 ['MMAT' '0.3' '1']
 ['MLBT' '0.4' '2.5']
 ['MMAT' '0.3' '1']
 ['MMAT' '0.2' '1']
 ['MMAT' '0.3' '1']
 ['MLBT' '0.2' '2.0']
 ['MLBT' '0.3' '2.0']
 ['MMAT' '0.3' '1']
 ['MMAT' '0.3' '1']
 ['MMAT' '0.3' '1']
 ['MMAT' '0.4' '1']
 ['MMAT' '0.4' '1']
 ['MLBT' '0.2' '2.5']
 ['MLBT' '0.4' '1.5']
 ['MMAT' '0.4' '1']
 ['MMAT' '0.4' '1']
 ['MLBT' '0.4' '2.5']
 ['MMAT' '0.2' '1']
 ['MLBT' '0.2' '2.5']
 ['MMAT' '0.2' '1']
 ['MMAT' '0.2' '1']
 ['MLBT' '0.4' '2.0']
 ['MMAT' '0.4' '1']
 ['MLBT' '0.2' '2.5']
 ['MMAT' '0.2' '1']
 ['MMAT' '0.3' '1']
 ['MMAT' '0.4' '1']
 ['MLBT' '0.4' '2.5']
 ['MLBT' '0.3' '2.5']
 ['MMAT' '0.4' '1']
 ['MLBT' '0.3' '1.5']
 ['MMAT' '0.3' '1']
 ['MMAT' '0.2' '1']
 ['MMAT' '0.4' '1']
 ['MLBT' '0.2' '1.5']
 ['MMAT' '0.3' '1']
 ['MLBT' '0.4' '2.5']
 ['MLBT' '0.2' '2.0']
 ['MMAT' '0.2' '1']
 ['MMAT' '0.2' '1']
 ['MMAT' '0.2' '1']
 ['MMAT' '0.4' '1']
 ['MMAT' '0.3' '1']
 ['MMAT' '0.2' '1']
 ['MLBT' '0.4' '2.5']
 ['MMAT' '0.3' '1']
 ['MLBT' '0.4' '1.5']
 ['MLBT' '0.3' '2.0']
 ['MMAT' '0.2' '1']
 ['MLBT' '0.4' '2.0']
 ['MLBT' '0.2' '2.0']
 ['MMAT' '0.4' '1']
 ['MMAT' '0.4' '1']
 ['MLBT' '0.2' '2.5']
 ['MMAT' '0.3' '1']
 ['MMAT' '0.4' '1']
 ['MLBT' '0.2' '2.0']
 ['MMAT' '0.2' '1']]
shuffled_dataset y_test values:
 [['MMAT' '0.2' '1']
 ['MMAT' '0.2' '1']
 ['MMAT' '0.2' '1']
 ['MMAT' '0.2' '1']
 ['MMAT' '0.2' '1']
 ['MMAT' '0.2' '1']
 ['MMAT' '0.2' '1']
 ['MMAT' '0.2' '1']
 ['MMAT' '0.2' '1']]
Saving Shuffled dataset
