Converting notebook to script
Setting up python version and conda shell
Activating conda environment
Running simulation
Defaulting to user installation because normal site-packages is not writeable
Requirement already satisfied: pickle5 in /wsu/home/gy/gy40/gy4065/.local/lib/python3.7/site-packages (0.0.12)
Loading/Installing Package => Begin


Installing pickle5
Installed pickle5


########################################################################
Checking the running platforms

Python version: 3.7.3
OS: Linux
OS version: 5.15.80-200.el7.x86_64
running on Colab: False
Dataset Directory Path: /wsu/home/gy/gy40/gy4065/hm.jetscapeml.data/
Simulation Results Path: /wsu/home/gy/gy40/gy4065/hm.jetscapeml.data/simulation_results/
Dataset Directory Path: /wsu/home/gy/gy40/gy4065/hm.jetscapeml.data/
Simulation Directory Path: /wsu/home/gy/gy40/gy4065/hm.jetscapeml.data/simulation_results/
########################################################################


Loading/Installing Package => End


Tokenized Arguments:

Tokenized Values:
y_class_label_items: ['MMAT', 'MLBT']
alpha_s_items: [0.2, 0.3, 0.4]
q0_items: [1.5, 2.0, 2.5]
Building required params for the loading the dataset file
dataset_file_name: /wsu/home/gy/gy40/gy4065/hm.jetscapeml.data/simulation_results/jet_ml_benchmark_config_01_to_09_alpha_0.2_0.3_0.4_q0_1.5_2.0_2.5_MMAT_MLBT_size_10800000_shuffled.pkl
Loading the processed dataset
dataset.x_train: <class 'numpy.ndarray'> 9953270784 (9719991, 32, 32)
dataset.x_test: <class 'numpy.ndarray'> 1105920000 (1080000, 32, 32)
dataset.y_train: <class 'numpy.ndarray'> 38879964 (9719991, 4)
dataset.y_test: <class 'numpy.ndarray'> 4320000 (1080000, 4)
Loaded the processed dataset
Shape of x_train_processed: (8747991, 32, 32)
Shape of y_train_processed: (8747991, 4)
Shape of x_val_processed: (972000, 32, 32)
Shape of y_val_processed: (972000, 4)
Shape of x_test: (1080000, 32, 32)
Shape of y_test_processed: (1080000, 4)
