Converting notebook to script
Running dataset step-8-dataset-concat-shuffler for CONFIG_NUMBER 2, q0=1.5, alpha_s=0.3
Defaulting to user installation because normal site-packages is not writeable
Requirement already satisfied: pickle5 in /wsu/home/gy/gy40/gy4065/.local/lib/python3.7/site-packages (0.0.12)
Defaulting to user installation because normal site-packages is not writeable
Requirement already satisfied: pickle5 in /wsu/home/gy/gy40/gy4065/.local/lib/python3.7/site-packages (0.0.12)
Loading/Installing Package => Begin


Installing pickle5
Installed pickle5


########################################################################
Checking the running platforms

Installing pickle5
Installed pickle5

Python version: 3.7.3
OS: Linux
OS version: 5.15.80-200.el7.x86_64
running on Colab: False
Dataset Directory Path: /wsu/home/gy/gy40/gy4065/hm.jetscapeml.data/
Simulation Results Path: /wsu/home/gy/gy40/gy4065/hm.jetscapeml.data/simulation_results/
Dataset Directory Path: /wsu/home/gy/gy40/gy4065/hm.jetscapeml.data/
Simulation Directory Path: /wsu/home/gy/gy40/gy4065/hm.jetscapeml.data/simulation_results/
########################################################################


Loading/Installing Package => End


data_size:  600000
configuration_number:  2
alpha_s:  0.3
q0:  1.5
Tokenized Arguments:
data_size
configuration_number
alpha_s
q0

Tokenized Values:
data_size: 600000
configuration_number: 2
alpha_s: 0.3
q0: 1.5
Test: Loading dataset MATTER side and Printing Y side to make sure, 3 colums are
Loading dataset_mvac

########################################################################
Loading separate datasets
Loading Dataset from /wsu/home/gy/gy40/gy4065/hm.jetscapeml.data/simulation_results/config-02-MMAT-alpha_s-0.3-q0-1-simulationsize600000-dataset.pkl
dataset.x_train: <class 'numpy.ndarray'> 552960000 (540000, 32, 32)
dataset.x_test: <class 'numpy.ndarray'> 61440000 (60000, 32, 32)
dataset.y_train: <class 'numpy.ndarray'> 1620000 (540000, 3)
dataset.y_test: <class 'numpy.ndarray'> 180000 (60000, 3)
Sample dataset.y_test
[['MMAT' '0.3' '1']
 ['MMAT' '0.3' '1']
 ['MMAT' '0.3' '1']
 ['MMAT' '0.3' '1']
 ['MMAT' '0.3' '1']
 ['MMAT' '0.3' '1']
 ['MMAT' '0.3' '1']
 ['MMAT' '0.3' '1']
 ['MMAT' '0.3' '1']]

########################################################################
Loading dataset_mlbt

########################################################################
Loading separate datasets
Loading Dataset from /wsu/home/gy/gy40/gy4065/hm.jetscapeml.data/simulation_results/config-02-MLBT-alpha_s-0.3-q0-1.5-simulationsize600000-dataset.pkl
dataset.x_train: <class 'numpy.ndarray'> 552960000 (540000, 32, 32)
dataset.x_test: <class 'numpy.ndarray'> 61440000 (60000, 32, 32)
dataset.y_train: <class 'numpy.ndarray'> 1620000 (540000, 3)
dataset.y_test: <class 'numpy.ndarray'> 180000 (60000, 3)
Sample dataset.y_test
[['MLBT' '0.3' '1.5']
 ['MLBT' '0.3' '1.5']
 ['MLBT' '0.3' '1.5']
 ['MLBT' '0.3' '1.5']
 ['MLBT' '0.3' '1.5']
 ['MLBT' '0.3' '1.5']
 ['MLBT' '0.3' '1.5']
 ['MLBT' '0.3' '1.5']
 ['MLBT' '0.3' '1.5']]

########################################################################
indices [ 846952  909308  582263  821822  182474    2532  177915  598065  248024
  970873   33699  397744   33355  502649  900546  804696  697801  924926
   67068  937117 1047855  967866  421534  680817  742953  332894   81426
  922949  847335   87934 1035279  666999   49195  804077  368898  151586
  176570  458911  596150  973472   57819  843743  554958  698210  126775
  199317  404675  109795 1043911   92849 1050132  896328  460038  594958
  811705  236351   43775  812048  967540  304233   63569  300150  844559
  165034  546335   37258 1037234  409271  255580  881295  717822  978757
   60843  981597   48915  174605  327035  491543  486843  776007   54841
  847345  888792  240178  624288  976917  355952  973303  820536  857515
  965403  988331  585810  244169  830942  772832  808292  554330   73041]
merged_dataset x_train shape: (1080000, 32, 32)
merged_dataset x_test shape: (120000, 32, 32)
merged_dataset y_train shape: (1080000, 3)
merged_dataset y_test shape: (120000, 3)
merged_dataset y_train values:
 [['MLBT' '0.3' '1.5']
 ['MLBT' '0.3' '1.5']
 ['MLBT' '0.3' '1.5']
 ['MLBT' '0.3' '1.5']
 ['MMAT' '0.3' '1']
 ['MMAT' '0.3' '1']
 ['MMAT' '0.3' '1']
 ['MLBT' '0.3' '1.5']
 ['MMAT' '0.3' '1']
 ['MLBT' '0.3' '1.5']
 ['MMAT' '0.3' '1']
 ['MMAT' '0.3' '1']
 ['MMAT' '0.3' '1']
 ['MMAT' '0.3' '1']
 ['MLBT' '0.3' '1.5']
 ['MLBT' '0.3' '1.5']
 ['MLBT' '0.3' '1.5']
 ['MLBT' '0.3' '1.5']
 ['MMAT' '0.3' '1']
 ['MLBT' '0.3' '1.5']
 ['MLBT' '0.3' '1.5']
 ['MLBT' '0.3' '1.5']
 ['MMAT' '0.3' '1']
 ['MLBT' '0.3' '1.5']
 ['MLBT' '0.3' '1.5']
 ['MMAT' '0.3' '1']
 ['MMAT' '0.3' '1']
 ['MLBT' '0.3' '1.5']
 ['MLBT' '0.3' '1.5']
 ['MMAT' '0.3' '1']
 ['MLBT' '0.3' '1.5']
 ['MLBT' '0.3' '1.5']
 ['MMAT' '0.3' '1']
 ['MLBT' '0.3' '1.5']
 ['MMAT' '0.3' '1']
 ['MMAT' '0.3' '1']
 ['MMAT' '0.3' '1']
 ['MMAT' '0.3' '1']
 ['MLBT' '0.3' '1.5']
 ['MLBT' '0.3' '1.5']
 ['MMAT' '0.3' '1']
 ['MLBT' '0.3' '1.5']
 ['MLBT' '0.3' '1.5']
 ['MLBT' '0.3' '1.5']
 ['MMAT' '0.3' '1']
 ['MMAT' '0.3' '1']
 ['MMAT' '0.3' '1']
 ['MMAT' '0.3' '1']
 ['MLBT' '0.3' '1.5']
 ['MMAT' '0.3' '1']
 ['MLBT' '0.3' '1.5']
 ['MLBT' '0.3' '1.5']
 ['MMAT' '0.3' '1']
 ['MLBT' '0.3' '1.5']
 ['MLBT' '0.3' '1.5']
 ['MMAT' '0.3' '1']
 ['MMAT' '0.3' '1']
 ['MLBT' '0.3' '1.5']
 ['MLBT' '0.3' '1.5']
 ['MMAT' '0.3' '1']
 ['MMAT' '0.3' '1']
 ['MMAT' '0.3' '1']
 ['MLBT' '0.3' '1.5']
 ['MMAT' '0.3' '1']
 ['MLBT' '0.3' '1.5']
 ['MMAT' '0.3' '1']
 ['MLBT' '0.3' '1.5']
 ['MMAT' '0.3' '1']
 ['MMAT' '0.3' '1']
 ['MLBT' '0.3' '1.5']
 ['MLBT' '0.3' '1.5']
 ['MLBT' '0.3' '1.5']
 ['MMAT' '0.3' '1']
 ['MLBT' '0.3' '1.5']
 ['MMAT' '0.3' '1']
 ['MMAT' '0.3' '1']
 ['MMAT' '0.3' '1']
 ['MMAT' '0.3' '1']
 ['MMAT' '0.3' '1']
 ['MLBT' '0.3' '1.5']
 ['MMAT' '0.3' '1']
 ['MLBT' '0.3' '1.5']
 ['MLBT' '0.3' '1.5']
 ['MMAT' '0.3' '1']
 ['MLBT' '0.3' '1.5']
 ['MLBT' '0.3' '1.5']
 ['MMAT' '0.3' '1']
 ['MLBT' '0.3' '1.5']
 ['MLBT' '0.3' '1.5']
 ['MLBT' '0.3' '1.5']
 ['MLBT' '0.3' '1.5']
 ['MLBT' '0.3' '1.5']
 ['MLBT' '0.3' '1.5']
 ['MMAT' '0.3' '1']
 ['MLBT' '0.3' '1.5']
 ['MLBT' '0.3' '1.5']
 ['MLBT' '0.3' '1.5']
 ['MLBT' '0.3' '1.5']
 ['MMAT' '0.3' '1']]
merged_dataset y_test values:
 [['MMAT' '0.3' '1']
 ['MMAT' '0.3' '1']
 ['MMAT' '0.3' '1']
 ['MMAT' '0.3' '1']
 ['MMAT' '0.3' '1']
 ['MMAT' '0.3' '1']
 ['MMAT' '0.3' '1']
 ['MMAT' '0.3' '1']
 ['MMAT' '0.3' '1']]
Save merged dataset as  /wsu/home/gy/gy40/gy4065/hm.jetscapeml.data/simulation_results/config_02_alpha_0.3_q0_1.5_MMAT_MLBT_size_1200000_shuffled.npz
Merged dataset saved as: /wsu/home/gy/gy40/gy4065/hm.jetscapeml.data/simulation_results/config_02_alpha_0.3_q0_1.5_MMAT_MLBT_size_1200000_shuffled.npz
