Converting notebook to script
Running dataset step-8-dataset-concat-shuffler for CONFIG_NUMBER 5, q0=2.0, alpha_s=0.3
Defaulting to user installation because normal site-packages is not writeable
Requirement already satisfied: pickle5 in /wsu/home/gy/gy40/gy4065/.local/lib/python3.7/site-packages (0.0.12)
Defaulting to user installation because normal site-packages is not writeable
Requirement already satisfied: pickle5 in /wsu/home/gy/gy40/gy4065/.local/lib/python3.7/site-packages (0.0.12)
Loading/Installing Package => Begin


Installing pickle5
Installed pickle5


########################################################################
Checking the running platforms

Installing pickle5
Installed pickle5

Python version: 3.7.3
OS: Linux
OS version: 5.15.80-200.el7.x86_64
running on Colab: False
Dataset Directory Path: /wsu/home/gy/gy40/gy4065/hm.jetscapeml.data/
Simulation Results Path: /wsu/home/gy/gy40/gy4065/hm.jetscapeml.data/simulation_results/
Dataset Directory Path: /wsu/home/gy/gy40/gy4065/hm.jetscapeml.data/
Simulation Directory Path: /wsu/home/gy/gy40/gy4065/hm.jetscapeml.data/simulation_results/
########################################################################


Loading/Installing Package => End


data_size:  600000
configuration_number:  5
alpha_s:  0.3
q0:  2.0
Tokenized Arguments:
data_size
configuration_number
alpha_s
q0

Tokenized Values:
data_size: 600000
configuration_number: 5
alpha_s: 0.3
q0: 2.0
Test: Loading dataset MATTER side and Printing Y side to make sure, 3 colums are
Loading dataset_mvac

########################################################################
Loading separate datasets
Loading Dataset from /wsu/home/gy/gy40/gy4065/hm.jetscapeml.data/simulation_results/config-05-MMAT-alpha_s-0.3-q0-1-simulationsize600000-dataset.pkl
dataset.x_train: <class 'numpy.ndarray'> 552960000 (540000, 32, 32)
dataset.x_test: <class 'numpy.ndarray'> 61440000 (60000, 32, 32)
dataset.y_train: <class 'numpy.ndarray'> 1620000 (540000, 3)
dataset.y_test: <class 'numpy.ndarray'> 180000 (60000, 3)
Sample dataset.y_test
[['MMAT' '0.3' '1']
 ['MMAT' '0.3' '1']
 ['MMAT' '0.3' '1']
 ['MMAT' '0.3' '1']
 ['MMAT' '0.3' '1']
 ['MMAT' '0.3' '1']
 ['MMAT' '0.3' '1']
 ['MMAT' '0.3' '1']
 ['MMAT' '0.3' '1']]

########################################################################
Loading dataset_mlbt

########################################################################
Loading separate datasets
Loading Dataset from /wsu/home/gy/gy40/gy4065/hm.jetscapeml.data/simulation_results/config-05-MLBT-alpha_s-0.3-q0-2.0-simulationsize600000-dataset.pkl
dataset.x_train: <class 'numpy.ndarray'> 552950784 (539991, 32, 32)
dataset.x_test: <class 'numpy.ndarray'> 61440000 (60000, 32, 32)
dataset.y_train: <class 'numpy.ndarray'> 1620000 (540000, 3)
dataset.y_test: <class 'numpy.ndarray'> 180000 (60000, 3)
Sample dataset.y_test
[['MLBT' '0.3' '2.0']
 ['MLBT' '0.3' '2.0']
 ['MLBT' '0.3' '2.0']
 ['MLBT' '0.3' '2.0']
 ['MLBT' '0.3' '2.0']
 ['MLBT' '0.3' '2.0']
 ['MLBT' '0.3' '2.0']
 ['MLBT' '0.3' '2.0']
 ['MLBT' '0.3' '2.0']]

########################################################################
indices [ 378769  232696  601259  727185   85796  811505 1034732  764129   78847
 1003838  666671  260530  427244  161893  236633    7333  784905   45915
 1046569  335857  177107   74441  780714  200089   40894  602650 1006920
  259610 1006350 1022716  773424  849536  239039  402179  109584  444644
  552850  506749 1072194   52577  754250  705582  681867  699653  617659
  170946 1025790  152969  505808  779459   62056  624001 1051797  853673
   30120  180151  938691 1003142  397386  301548   90714  968989  866760
   48236  144127  467761  407877  232144  744863 1004328  994355  798980
  437718   83798  976451  345687 1053069  645162 1026828   98880  521961
  850749  784092  248274  962081  954836  449050  519728 1065737  705549
  532563  502005  625936  547489  822353   63148  155917   68164   87517]
merged_dataset x_train shape: (1079991, 32, 32)
merged_dataset x_test shape: (120000, 32, 32)
merged_dataset y_train shape: (1079991, 3)
merged_dataset y_test shape: (120000, 3)
merged_dataset y_train values:
 [['MMAT' '0.3' '1']
 ['MMAT' '0.3' '1']
 ['MLBT' '0.3' '2.0']
 ['MLBT' '0.3' '2.0']
 ['MMAT' '0.3' '1']
 ['MLBT' '0.3' '2.0']
 ['MLBT' '0.3' '2.0']
 ['MLBT' '0.3' '2.0']
 ['MMAT' '0.3' '1']
 ['MLBT' '0.3' '2.0']
 ['MLBT' '0.3' '2.0']
 ['MMAT' '0.3' '1']
 ['MMAT' '0.3' '1']
 ['MMAT' '0.3' '1']
 ['MMAT' '0.3' '1']
 ['MMAT' '0.3' '1']
 ['MLBT' '0.3' '2.0']
 ['MMAT' '0.3' '1']
 ['MLBT' '0.3' '2.0']
 ['MMAT' '0.3' '1']
 ['MMAT' '0.3' '1']
 ['MMAT' '0.3' '1']
 ['MLBT' '0.3' '2.0']
 ['MMAT' '0.3' '1']
 ['MMAT' '0.3' '1']
 ['MLBT' '0.3' '2.0']
 ['MLBT' '0.3' '2.0']
 ['MMAT' '0.3' '1']
 ['MLBT' '0.3' '2.0']
 ['MLBT' '0.3' '2.0']
 ['MLBT' '0.3' '2.0']
 ['MLBT' '0.3' '2.0']
 ['MMAT' '0.3' '1']
 ['MMAT' '0.3' '1']
 ['MMAT' '0.3' '1']
 ['MMAT' '0.3' '1']
 ['MLBT' '0.3' '2.0']
 ['MMAT' '0.3' '1']
 ['MLBT' '0.3' '2.0']
 ['MMAT' '0.3' '1']
 ['MLBT' '0.3' '2.0']
 ['MLBT' '0.3' '2.0']
 ['MLBT' '0.3' '2.0']
 ['MLBT' '0.3' '2.0']
 ['MLBT' '0.3' '2.0']
 ['MMAT' '0.3' '1']
 ['MLBT' '0.3' '2.0']
 ['MMAT' '0.3' '1']
 ['MMAT' '0.3' '1']
 ['MLBT' '0.3' '2.0']
 ['MMAT' '0.3' '1']
 ['MLBT' '0.3' '2.0']
 ['MLBT' '0.3' '2.0']
 ['MLBT' '0.3' '2.0']
 ['MMAT' '0.3' '1']
 ['MMAT' '0.3' '1']
 ['MLBT' '0.3' '2.0']
 ['MLBT' '0.3' '2.0']
 ['MMAT' '0.3' '1']
 ['MMAT' '0.3' '1']
 ['MMAT' '0.3' '1']
 ['MLBT' '0.3' '2.0']
 ['MLBT' '0.3' '2.0']
 ['MMAT' '0.3' '1']
 ['MMAT' '0.3' '1']
 ['MMAT' '0.3' '1']
 ['MMAT' '0.3' '1']
 ['MMAT' '0.3' '1']
 ['MLBT' '0.3' '2.0']
 ['MLBT' '0.3' '2.0']
 ['MLBT' '0.3' '2.0']
 ['MLBT' '0.3' '2.0']
 ['MMAT' '0.3' '1']
 ['MMAT' '0.3' '1']
 ['MLBT' '0.3' '2.0']
 ['MMAT' '0.3' '1']
 ['MLBT' '0.3' '2.0']
 ['MLBT' '0.3' '2.0']
 ['MLBT' '0.3' '2.0']
 ['MMAT' '0.3' '1']
 ['MMAT' '0.3' '1']
 ['MLBT' '0.3' '2.0']
 ['MLBT' '0.3' '2.0']
 ['MMAT' '0.3' '1']
 ['MLBT' '0.3' '2.0']
 ['MLBT' '0.3' '2.0']
 ['MMAT' '0.3' '1']
 ['MMAT' '0.3' '1']
 ['MLBT' '0.3' '2.0']
 ['MLBT' '0.3' '2.0']
 ['MMAT' '0.3' '1']
 ['MMAT' '0.3' '1']
 ['MLBT' '0.3' '2.0']
 ['MLBT' '0.3' '2.0']
 ['MLBT' '0.3' '2.0']
 ['MMAT' '0.3' '1']
 ['MMAT' '0.3' '1']
 ['MMAT' '0.3' '1']
 ['MMAT' '0.3' '1']]
merged_dataset y_test values:
 [['MMAT' '0.3' '1']
 ['MMAT' '0.3' '1']
 ['MMAT' '0.3' '1']
 ['MMAT' '0.3' '1']
 ['MMAT' '0.3' '1']
 ['MMAT' '0.3' '1']
 ['MMAT' '0.3' '1']
 ['MMAT' '0.3' '1']
 ['MMAT' '0.3' '1']]
Save merged dataset as  /wsu/home/gy/gy40/gy4065/hm.jetscapeml.data/simulation_results/config_05_alpha_0.3_q0_2.0_MMAT_MLBT_size_1199991_shuffled.npz
Merged dataset saved as: /wsu/home/gy/gy40/gy4065/hm.jetscapeml.data/simulation_results/config_05_alpha_0.3_q0_2.0_MMAT_MLBT_size_1199991_shuffled.npz
