Converting notebook to script
Running dataset step-8-dataset-concat-shuffler for CONFIG_NUMBER 5, q0=2.0, alpha_s=0.3
Defaulting to user installation because normal site-packages is not writeable
Requirement already satisfied: pickle5 in /wsu/home/gy/gy40/gy4065/.local/lib/python3.7/site-packages (0.0.12)
Defaulting to user installation because normal site-packages is not writeable
Requirement already satisfied: pickle5 in /wsu/home/gy/gy40/gy4065/.local/lib/python3.7/site-packages (0.0.12)
Loading/Installing Package => Begin


Installing pickle5
Installed pickle5


########################################################################
Checking the running platforms

Installing pickle5
Installed pickle5

Python version: 3.7.3
OS: Linux
OS version: 5.15.80-200.el7.x86_64
running on Colab: False
Dataset Directory Path: /wsu/home/gy/gy40/gy4065/hm.jetscapeml.data/
Simulation Results Path: /wsu/home/gy/gy40/gy4065/hm.jetscapeml.data/simulation_results/
Dataset Directory Path: /wsu/home/gy/gy40/gy4065/hm.jetscapeml.data/
Simulation Directory Path: /wsu/home/gy/gy40/gy4065/hm.jetscapeml.data/simulation_results/
########################################################################


Loading/Installing Package => End


data_size:  600000
configuration_number:  5
alpha_s:  0.3
q0:  2.0
Tokenized Arguments:
data_size
configuration_number
alpha_s
q0

Tokenized Values:
data_size: 600000
configuration_number: 5
alpha_s: 0.3
q0: 2.0
Test: Loading dataset MATTER side and Printing Y side to make sure, 3 colums are
Loading dataset_mvac

########################################################################
Loading separate datasets
Loading Dataset from /wsu/home/gy/gy40/gy4065/hm.jetscapeml.data/simulation_results/config-05-MMAT-alpha_s-0.3-q0-1-simulationsize600000-dataset.pkl
dataset.x_train: <class 'numpy.ndarray'> 552960000 (540000, 32, 32)
dataset.x_test: <class 'numpy.ndarray'> 61440000 (60000, 32, 32)
dataset.y_train: <class 'numpy.ndarray'> 1620000 (540000, 3)
dataset.y_test: <class 'numpy.ndarray'> 180000 (60000, 3)
Sample dataset.y_test
[['MMAT' '0.3' '1']
 ['MMAT' '0.3' '1']
 ['MMAT' '0.3' '1']
 ['MMAT' '0.3' '1']
 ['MMAT' '0.3' '1']
 ['MMAT' '0.3' '1']
 ['MMAT' '0.3' '1']
 ['MMAT' '0.3' '1']
 ['MMAT' '0.3' '1']]

########################################################################
Loading dataset_mlbt

########################################################################
Loading separate datasets
Loading Dataset from /wsu/home/gy/gy40/gy4065/hm.jetscapeml.data/simulation_results/config-05-MLBT-alpha_s-0.3-q0-2.0-simulationsize600000-dataset.pkl
dataset.x_train: <class 'numpy.ndarray'> 552950784 (539991, 32, 32)
dataset.x_test: <class 'numpy.ndarray'> 61440000 (60000, 32, 32)
dataset.y_train: <class 'numpy.ndarray'> 1620000 (540000, 3)
dataset.y_test: <class 'numpy.ndarray'> 180000 (60000, 3)
Sample dataset.y_test
[['MLBT' '0.3' '2.0']
 ['MLBT' '0.3' '2.0']
 ['MLBT' '0.3' '2.0']
 ['MLBT' '0.3' '2.0']
 ['MLBT' '0.3' '2.0']
 ['MLBT' '0.3' '2.0']
 ['MLBT' '0.3' '2.0']
 ['MLBT' '0.3' '2.0']
 ['MLBT' '0.3' '2.0']]

########################################################################
indices [ 741153    9103  658201  153174  815747 1052955  436422  347398  967595
  745369  715169   63127  944886  485956  365670   26438  972028  792017
  954816  566108   91077  487747  130634  572095 1033652  943741 1019732
  563904  338437  436814  208654  906903  570095  392679  471963  492993
  425845 1031032  321269  113844  270832  975122  108300  720201  989988
  479838  617636  276040  842322   27992  306175   95798  620476 1042942
  322627 1038302  811243  926722 1021663  719314  512479   92122  904170
  234368  168537  564044  460650  160014 1030822  978512  571906  636013
  361439  749665   63731  265206  675952  361860  815748  106252  720723
  251456  617840  548542  856857  912391  549046 1079235  585770  422243
  306255  927374  823793  255814  910561  654146  936590  674160  476146]
merged_dataset x_train shape: (1079991, 32, 32)
merged_dataset x_test shape: (120000, 32, 32)
merged_dataset y_train shape: (1079991, 3)
merged_dataset y_test shape: (120000, 3)
merged_dataset y_train values:
 [['MLBT' '0.3' '2.0']
 ['MMAT' '0.3' '1']
 ['MLBT' '0.3' '2.0']
 ['MMAT' '0.3' '1']
 ['MLBT' '0.3' '2.0']
 ['MLBT' '0.3' '2.0']
 ['MMAT' '0.3' '1']
 ['MMAT' '0.3' '1']
 ['MLBT' '0.3' '2.0']
 ['MLBT' '0.3' '2.0']
 ['MLBT' '0.3' '2.0']
 ['MMAT' '0.3' '1']
 ['MLBT' '0.3' '2.0']
 ['MMAT' '0.3' '1']
 ['MMAT' '0.3' '1']
 ['MMAT' '0.3' '1']
 ['MLBT' '0.3' '2.0']
 ['MLBT' '0.3' '2.0']
 ['MLBT' '0.3' '2.0']
 ['MLBT' '0.3' '2.0']
 ['MMAT' '0.3' '1']
 ['MMAT' '0.3' '1']
 ['MMAT' '0.3' '1']
 ['MLBT' '0.3' '2.0']
 ['MLBT' '0.3' '2.0']
 ['MLBT' '0.3' '2.0']
 ['MLBT' '0.3' '2.0']
 ['MLBT' '0.3' '2.0']
 ['MMAT' '0.3' '1']
 ['MMAT' '0.3' '1']
 ['MMAT' '0.3' '1']
 ['MLBT' '0.3' '2.0']
 ['MLBT' '0.3' '2.0']
 ['MMAT' '0.3' '1']
 ['MMAT' '0.3' '1']
 ['MMAT' '0.3' '1']
 ['MMAT' '0.3' '1']
 ['MLBT' '0.3' '2.0']
 ['MMAT' '0.3' '1']
 ['MMAT' '0.3' '1']
 ['MMAT' '0.3' '1']
 ['MLBT' '0.3' '2.0']
 ['MMAT' '0.3' '1']
 ['MLBT' '0.3' '2.0']
 ['MLBT' '0.3' '2.0']
 ['MMAT' '0.3' '1']
 ['MLBT' '0.3' '2.0']
 ['MMAT' '0.3' '1']
 ['MLBT' '0.3' '2.0']
 ['MMAT' '0.3' '1']
 ['MMAT' '0.3' '1']
 ['MMAT' '0.3' '1']
 ['MLBT' '0.3' '2.0']
 ['MLBT' '0.3' '2.0']
 ['MMAT' '0.3' '1']
 ['MLBT' '0.3' '2.0']
 ['MLBT' '0.3' '2.0']
 ['MLBT' '0.3' '2.0']
 ['MLBT' '0.3' '2.0']
 ['MLBT' '0.3' '2.0']
 ['MMAT' '0.3' '1']
 ['MMAT' '0.3' '1']
 ['MLBT' '0.3' '2.0']
 ['MMAT' '0.3' '1']
 ['MMAT' '0.3' '1']
 ['MLBT' '0.3' '2.0']
 ['MMAT' '0.3' '1']
 ['MMAT' '0.3' '1']
 ['MLBT' '0.3' '2.0']
 ['MLBT' '0.3' '2.0']
 ['MLBT' '0.3' '2.0']
 ['MLBT' '0.3' '2.0']
 ['MMAT' '0.3' '1']
 ['MLBT' '0.3' '2.0']
 ['MMAT' '0.3' '1']
 ['MMAT' '0.3' '1']
 ['MLBT' '0.3' '2.0']
 ['MMAT' '0.3' '1']
 ['MLBT' '0.3' '2.0']
 ['MMAT' '0.3' '1']
 ['MLBT' '0.3' '2.0']
 ['MMAT' '0.3' '1']
 ['MLBT' '0.3' '2.0']
 ['MLBT' '0.3' '2.0']
 ['MLBT' '0.3' '2.0']
 ['MLBT' '0.3' '2.0']
 ['MLBT' '0.3' '2.0']
 ['MLBT' '0.3' '2.0']
 ['MLBT' '0.3' '2.0']
 ['MMAT' '0.3' '1']
 ['MMAT' '0.3' '1']
 ['MLBT' '0.3' '2.0']
 ['MLBT' '0.3' '2.0']
 ['MMAT' '0.3' '1']
 ['MLBT' '0.3' '2.0']
 ['MLBT' '0.3' '2.0']
 ['MLBT' '0.3' '2.0']
 ['MLBT' '0.3' '2.0']
 ['MMAT' '0.3' '1']]
merged_dataset y_test values:
 [['MMAT' '0.3' '1']
 ['MMAT' '0.3' '1']
 ['MMAT' '0.3' '1']
 ['MMAT' '0.3' '1']
 ['MMAT' '0.3' '1']
 ['MMAT' '0.3' '1']
 ['MMAT' '0.3' '1']
 ['MMAT' '0.3' '1']
 ['MMAT' '0.3' '1']]
Save merged dataset as  /wsu/home/gy/gy40/gy4065/hm.jetscapeml.data/simulation_results/config_05_alpha_0.3_q0_2.0_MMAT_MLBT_size_1199991_shuffled.pkl
Merged dataset saved as: /wsu/home/gy/gy40/gy4065/hm.jetscapeml.data/simulation_results/config_05_alpha_0.3_q0_2.0_MMAT_MLBT_size_1199991_shuffled.pkl
