Converting notebook to script
Running dataset step-8-dataset-concat-shuffler for CONFIG_NUMBER 2, q0=1.5, alpha_s=0.3
Defaulting to user installation because normal site-packages is not writeable
Requirement already satisfied: pickle5 in /wsu/home/gy/gy40/gy4065/.local/lib/python3.7/site-packages (0.0.12)
Defaulting to user installation because normal site-packages is not writeable
Requirement already satisfied: pickle5 in /wsu/home/gy/gy40/gy4065/.local/lib/python3.7/site-packages (0.0.12)
Loading/Installing Package => Begin


Installing pickle5
Installed pickle5


########################################################################
Checking the running platforms

Installing pickle5
Installed pickle5

Python version: 3.7.3
OS: Linux
OS version: 5.15.80-200.el7.x86_64
running on Colab: False
Dataset Directory Path: /wsu/home/gy/gy40/gy4065/hm.jetscapeml.data/
Simulation Results Path: /wsu/home/gy/gy40/gy4065/hm.jetscapeml.data/simulation_results/
Dataset Directory Path: /wsu/home/gy/gy40/gy4065/hm.jetscapeml.data/
Simulation Directory Path: /wsu/home/gy/gy40/gy4065/hm.jetscapeml.data/simulation_results/
########################################################################


Loading/Installing Package => End


data_size:  600000
configuration_number:  2
alpha_s:  0.3
q0:  1.5
Tokenized Arguments:
data_size
configuration_number
alpha_s
q0

Tokenized Values:
data_size: 600000
configuration_number: 2
alpha_s: 0.3
q0: 1.5
Test: Loading dataset MATTER side and Printing Y side to make sure, 3 colums are
Loading dataset_mvac

########################################################################
Loading separate datasets
Loading Dataset from /wsu/home/gy/gy40/gy4065/hm.jetscapeml.data/simulation_results/config-02-MMAT-alpha_s-0.3-q0-1-simulationsize600000-dataset.pkl
dataset.x_train: <class 'numpy.ndarray'> 552960000 (540000, 32, 32)
dataset.x_test: <class 'numpy.ndarray'> 61440000 (60000, 32, 32)
dataset.y_train: <class 'numpy.ndarray'> 1620000 (540000, 3)
dataset.y_test: <class 'numpy.ndarray'> 180000 (60000, 3)
Sample dataset.y_test
[['MMAT' '0.3' '1']
 ['MMAT' '0.3' '1']
 ['MMAT' '0.3' '1']
 ['MMAT' '0.3' '1']
 ['MMAT' '0.3' '1']
 ['MMAT' '0.3' '1']
 ['MMAT' '0.3' '1']
 ['MMAT' '0.3' '1']
 ['MMAT' '0.3' '1']]

########################################################################
Loading dataset_mlbt

########################################################################
Loading separate datasets
Loading Dataset from /wsu/home/gy/gy40/gy4065/hm.jetscapeml.data/simulation_results/config-02-MLBT-alpha_s-0.3-q0-1.5-simulationsize600000-dataset.pkl
dataset.x_train: <class 'numpy.ndarray'> 552960000 (540000, 32, 32)
dataset.x_test: <class 'numpy.ndarray'> 61440000 (60000, 32, 32)
dataset.y_train: <class 'numpy.ndarray'> 1620000 (540000, 3)
dataset.y_test: <class 'numpy.ndarray'> 180000 (60000, 3)
Sample dataset.y_test
[['MLBT' '0.3' '1.5']
 ['MLBT' '0.3' '1.5']
 ['MLBT' '0.3' '1.5']
 ['MLBT' '0.3' '1.5']
 ['MLBT' '0.3' '1.5']
 ['MLBT' '0.3' '1.5']
 ['MLBT' '0.3' '1.5']
 ['MLBT' '0.3' '1.5']
 ['MLBT' '0.3' '1.5']]

########################################################################
indices [ 940840  963016  510357  776260  641522  655561   36565  646754  694659
   34182  260995  717676  678511  456882  740838   91999  527488  496403
  878190    3115  638896  393466  891539  286646  289482  872679  592124
  144476  195546  291071  361120  954068 1025124  893790  791463  107770
 1058342   46694  139459  975444  417058  746176  209167  280950  694460
  355925 1011133  775481  805663 1026559  296113  335885  716726  733583
  224772  300200  153328  634153  474179  246964  975570  618120  511622
   87146 1038125  544280  568112  268485  595508   64391   45564 1078853
    1054  297729  685122  588846  300438  823035  587033   13255  574923
  930782 1069783  300131  155228  775251  676454  747537   10248  901502
  727251  593860  849809 1060630  659698  562923  356892  729378  804076]
merged_dataset x_train shape: (1080000, 32, 32)
merged_dataset x_test shape: (120000, 32, 32)
merged_dataset y_train shape: (1080000, 3)
merged_dataset y_test shape: (120000, 3)
merged_dataset y_train values:
 [['MLBT' '0.3' '1.5']
 ['MLBT' '0.3' '1.5']
 ['MMAT' '0.3' '1']
 ['MLBT' '0.3' '1.5']
 ['MLBT' '0.3' '1.5']
 ['MLBT' '0.3' '1.5']
 ['MMAT' '0.3' '1']
 ['MLBT' '0.3' '1.5']
 ['MLBT' '0.3' '1.5']
 ['MMAT' '0.3' '1']
 ['MMAT' '0.3' '1']
 ['MLBT' '0.3' '1.5']
 ['MLBT' '0.3' '1.5']
 ['MMAT' '0.3' '1']
 ['MLBT' '0.3' '1.5']
 ['MMAT' '0.3' '1']
 ['MMAT' '0.3' '1']
 ['MMAT' '0.3' '1']
 ['MLBT' '0.3' '1.5']
 ['MMAT' '0.3' '1']
 ['MLBT' '0.3' '1.5']
 ['MMAT' '0.3' '1']
 ['MLBT' '0.3' '1.5']
 ['MMAT' '0.3' '1']
 ['MMAT' '0.3' '1']
 ['MLBT' '0.3' '1.5']
 ['MLBT' '0.3' '1.5']
 ['MMAT' '0.3' '1']
 ['MMAT' '0.3' '1']
 ['MMAT' '0.3' '1']
 ['MMAT' '0.3' '1']
 ['MLBT' '0.3' '1.5']
 ['MLBT' '0.3' '1.5']
 ['MLBT' '0.3' '1.5']
 ['MLBT' '0.3' '1.5']
 ['MMAT' '0.3' '1']
 ['MLBT' '0.3' '1.5']
 ['MMAT' '0.3' '1']
 ['MMAT' '0.3' '1']
 ['MLBT' '0.3' '1.5']
 ['MMAT' '0.3' '1']
 ['MLBT' '0.3' '1.5']
 ['MMAT' '0.3' '1']
 ['MMAT' '0.3' '1']
 ['MLBT' '0.3' '1.5']
 ['MMAT' '0.3' '1']
 ['MLBT' '0.3' '1.5']
 ['MLBT' '0.3' '1.5']
 ['MLBT' '0.3' '1.5']
 ['MLBT' '0.3' '1.5']
 ['MMAT' '0.3' '1']
 ['MMAT' '0.3' '1']
 ['MLBT' '0.3' '1.5']
 ['MLBT' '0.3' '1.5']
 ['MMAT' '0.3' '1']
 ['MMAT' '0.3' '1']
 ['MMAT' '0.3' '1']
 ['MLBT' '0.3' '1.5']
 ['MMAT' '0.3' '1']
 ['MMAT' '0.3' '1']
 ['MLBT' '0.3' '1.5']
 ['MLBT' '0.3' '1.5']
 ['MMAT' '0.3' '1']
 ['MMAT' '0.3' '1']
 ['MLBT' '0.3' '1.5']
 ['MLBT' '0.3' '1.5']
 ['MLBT' '0.3' '1.5']
 ['MMAT' '0.3' '1']
 ['MLBT' '0.3' '1.5']
 ['MMAT' '0.3' '1']
 ['MMAT' '0.3' '1']
 ['MLBT' '0.3' '1.5']
 ['MMAT' '0.3' '1']
 ['MMAT' '0.3' '1']
 ['MLBT' '0.3' '1.5']
 ['MLBT' '0.3' '1.5']
 ['MMAT' '0.3' '1']
 ['MLBT' '0.3' '1.5']
 ['MLBT' '0.3' '1.5']
 ['MMAT' '0.3' '1']
 ['MLBT' '0.3' '1.5']
 ['MLBT' '0.3' '1.5']
 ['MLBT' '0.3' '1.5']
 ['MMAT' '0.3' '1']
 ['MMAT' '0.3' '1']
 ['MLBT' '0.3' '1.5']
 ['MLBT' '0.3' '1.5']
 ['MLBT' '0.3' '1.5']
 ['MMAT' '0.3' '1']
 ['MLBT' '0.3' '1.5']
 ['MLBT' '0.3' '1.5']
 ['MLBT' '0.3' '1.5']
 ['MLBT' '0.3' '1.5']
 ['MLBT' '0.3' '1.5']
 ['MLBT' '0.3' '1.5']
 ['MLBT' '0.3' '1.5']
 ['MMAT' '0.3' '1']
 ['MLBT' '0.3' '1.5']
 ['MLBT' '0.3' '1.5']]
merged_dataset y_test values:
 [['MMAT' '0.3' '1']
 ['MMAT' '0.3' '1']
 ['MMAT' '0.3' '1']
 ['MMAT' '0.3' '1']
 ['MMAT' '0.3' '1']
 ['MMAT' '0.3' '1']
 ['MMAT' '0.3' '1']
 ['MMAT' '0.3' '1']
 ['MMAT' '0.3' '1']]
Save merged dataset as  /wsu/home/gy/gy40/gy4065/hm.jetscapeml.data/simulation_results/config_02_alpha_0.3_q0_1.5_MMAT_MLBT_size_1200000_shuffled.pkl
Merged dataset saved as: /wsu/home/gy/gy40/gy4065/hm.jetscapeml.data/simulation_results/config_02_alpha_0.3_q0_1.5_MMAT_MLBT_size_1200000_shuffled.pkl
