Converting notebook to script
Running dataset step-8-dataset-concat-shuffler for CONFIG_NUMBER 6, q0=2.0, alpha_s=0.4
Defaulting to user installation because normal site-packages is not writeable
Requirement already satisfied: pickle5 in /wsu/home/gy/gy40/gy4065/.local/lib/python3.7/site-packages (0.0.12)
Defaulting to user installation because normal site-packages is not writeable
Requirement already satisfied: pickle5 in /wsu/home/gy/gy40/gy4065/.local/lib/python3.7/site-packages (0.0.12)
Loading/Installing Package => Begin


Installing pickle5
Installed pickle5


########################################################################
Checking the running platforms

Installing pickle5
Installed pickle5

Python version: 3.7.3
OS: Linux
OS version: 5.15.80-200.el7.x86_64
running on Colab: False
Dataset Directory Path: /wsu/home/gy/gy40/gy4065/hm.jetscapeml.data/
Simulation Results Path: /wsu/home/gy/gy40/gy4065/hm.jetscapeml.data/simulation_results/
Dataset Directory Path: /wsu/home/gy/gy40/gy4065/hm.jetscapeml.data/
Simulation Directory Path: /wsu/home/gy/gy40/gy4065/hm.jetscapeml.data/simulation_results/
########################################################################


Loading/Installing Package => End


data_size:  600000
configuration_number:  6
alpha_s:  0.4
q0:  2.0
Tokenized Arguments:
data_size
configuration_number
alpha_s
q0

Tokenized Values:
data_size: 600000
configuration_number: 6
alpha_s: 0.4
q0: 2.0
Test: Loading dataset MATTER side and Printing Y side to make sure, 3 colums are
Loading dataset_mvac

########################################################################
Loading separate datasets
Loading Dataset from /wsu/home/gy/gy40/gy4065/hm.jetscapeml.data/simulation_results/config-06-MMAT-alpha_s-0.4-q0-1-simulationsize600000-dataset.pkl
dataset.x_train: <class 'numpy.ndarray'> 552960000 (540000, 32, 32)
dataset.x_test: <class 'numpy.ndarray'> 61440000 (60000, 32, 32)
dataset.y_train: <class 'numpy.ndarray'> 1620000 (540000, 3)
dataset.y_test: <class 'numpy.ndarray'> 180000 (60000, 3)
Sample dataset.y_test
[['MMAT' '0.4' '1']
 ['MMAT' '0.4' '1']
 ['MMAT' '0.4' '1']
 ['MMAT' '0.4' '1']
 ['MMAT' '0.4' '1']
 ['MMAT' '0.4' '1']
 ['MMAT' '0.4' '1']
 ['MMAT' '0.4' '1']
 ['MMAT' '0.4' '1']]

########################################################################
Loading dataset_mlbt

########################################################################
Loading separate datasets
Loading Dataset from /wsu/home/gy/gy40/gy4065/hm.jetscapeml.data/simulation_results/config-06-MLBT-alpha_s-0.4-q0-2.0-simulationsize600000-dataset.pkl
dataset.x_train: <class 'numpy.ndarray'> 552960000 (540000, 32, 32)
dataset.x_test: <class 'numpy.ndarray'> 61440000 (60000, 32, 32)
dataset.y_train: <class 'numpy.ndarray'> 1620000 (540000, 3)
dataset.y_test: <class 'numpy.ndarray'> 180000 (60000, 3)
Sample dataset.y_test
[['MLBT' '0.4' '2.0']
 ['MLBT' '0.4' '2.0']
 ['MLBT' '0.4' '2.0']
 ['MLBT' '0.4' '2.0']
 ['MLBT' '0.4' '2.0']
 ['MLBT' '0.4' '2.0']
 ['MLBT' '0.4' '2.0']
 ['MLBT' '0.4' '2.0']
 ['MLBT' '0.4' '2.0']]

########################################################################
indices [  97591   52283  957075  614558  123503   20517  600668  722192  941788
 1070482  567945   50406   55789  303118  304988  851149  957950  635475
  619775 1078386  844392  729656  531480  507020   54222  779538  333739
   78580  565857  969956  892070  954025  993546  343537   66187   58186
  177785  992018 1051331  534485  940575  749100  561371  917485  103354
   87703  731875  459531  975129  704798  622660  903723  544209  695220
  196678 1039701  553146  587055 1010321  446943  967469  831750  569698
  215742  954795  735444  458402  632303 1020397  110850 1040688  787100
  194478   99963  727257  639362  977947  551027  771925   56229  115233
   20141  717823  922850  224197  203264  796550  819767  354857  360668
  661812 1036509  445544  554663  243283  781732  998927  193143  573667]
merged_dataset x_train shape: (1080000, 32, 32)
merged_dataset x_test shape: (120000, 32, 32)
merged_dataset y_train shape: (1080000, 3)
merged_dataset y_test shape: (120000, 3)
merged_dataset y_train values:
 [['MMAT' '0.4' '1']
 ['MMAT' '0.4' '1']
 ['MLBT' '0.4' '2.0']
 ['MLBT' '0.4' '2.0']
 ['MMAT' '0.4' '1']
 ['MMAT' '0.4' '1']
 ['MLBT' '0.4' '2.0']
 ['MLBT' '0.4' '2.0']
 ['MLBT' '0.4' '2.0']
 ['MLBT' '0.4' '2.0']
 ['MLBT' '0.4' '2.0']
 ['MMAT' '0.4' '1']
 ['MMAT' '0.4' '1']
 ['MMAT' '0.4' '1']
 ['MMAT' '0.4' '1']
 ['MLBT' '0.4' '2.0']
 ['MLBT' '0.4' '2.0']
 ['MLBT' '0.4' '2.0']
 ['MLBT' '0.4' '2.0']
 ['MLBT' '0.4' '2.0']
 ['MLBT' '0.4' '2.0']
 ['MLBT' '0.4' '2.0']
 ['MMAT' '0.4' '1']
 ['MMAT' '0.4' '1']
 ['MMAT' '0.4' '1']
 ['MLBT' '0.4' '2.0']
 ['MMAT' '0.4' '1']
 ['MMAT' '0.4' '1']
 ['MLBT' '0.4' '2.0']
 ['MLBT' '0.4' '2.0']
 ['MLBT' '0.4' '2.0']
 ['MLBT' '0.4' '2.0']
 ['MLBT' '0.4' '2.0']
 ['MMAT' '0.4' '1']
 ['MMAT' '0.4' '1']
 ['MMAT' '0.4' '1']
 ['MMAT' '0.4' '1']
 ['MLBT' '0.4' '2.0']
 ['MLBT' '0.4' '2.0']
 ['MMAT' '0.4' '1']
 ['MLBT' '0.4' '2.0']
 ['MLBT' '0.4' '2.0']
 ['MLBT' '0.4' '2.0']
 ['MLBT' '0.4' '2.0']
 ['MMAT' '0.4' '1']
 ['MMAT' '0.4' '1']
 ['MLBT' '0.4' '2.0']
 ['MMAT' '0.4' '1']
 ['MLBT' '0.4' '2.0']
 ['MLBT' '0.4' '2.0']
 ['MLBT' '0.4' '2.0']
 ['MLBT' '0.4' '2.0']
 ['MLBT' '0.4' '2.0']
 ['MLBT' '0.4' '2.0']
 ['MMAT' '0.4' '1']
 ['MLBT' '0.4' '2.0']
 ['MLBT' '0.4' '2.0']
 ['MLBT' '0.4' '2.0']
 ['MLBT' '0.4' '2.0']
 ['MMAT' '0.4' '1']
 ['MLBT' '0.4' '2.0']
 ['MLBT' '0.4' '2.0']
 ['MLBT' '0.4' '2.0']
 ['MMAT' '0.4' '1']
 ['MLBT' '0.4' '2.0']
 ['MLBT' '0.4' '2.0']
 ['MMAT' '0.4' '1']
 ['MLBT' '0.4' '2.0']
 ['MLBT' '0.4' '2.0']
 ['MMAT' '0.4' '1']
 ['MLBT' '0.4' '2.0']
 ['MLBT' '0.4' '2.0']
 ['MMAT' '0.4' '1']
 ['MMAT' '0.4' '1']
 ['MLBT' '0.4' '2.0']
 ['MLBT' '0.4' '2.0']
 ['MLBT' '0.4' '2.0']
 ['MLBT' '0.4' '2.0']
 ['MLBT' '0.4' '2.0']
 ['MMAT' '0.4' '1']
 ['MMAT' '0.4' '1']
 ['MMAT' '0.4' '1']
 ['MLBT' '0.4' '2.0']
 ['MLBT' '0.4' '2.0']
 ['MMAT' '0.4' '1']
 ['MMAT' '0.4' '1']
 ['MLBT' '0.4' '2.0']
 ['MLBT' '0.4' '2.0']
 ['MMAT' '0.4' '1']
 ['MMAT' '0.4' '1']
 ['MLBT' '0.4' '2.0']
 ['MLBT' '0.4' '2.0']
 ['MMAT' '0.4' '1']
 ['MLBT' '0.4' '2.0']
 ['MMAT' '0.4' '1']
 ['MLBT' '0.4' '2.0']
 ['MLBT' '0.4' '2.0']
 ['MMAT' '0.4' '1']
 ['MLBT' '0.4' '2.0']]
merged_dataset y_test values:
 [['MMAT' '0.4' '1']
 ['MMAT' '0.4' '1']
 ['MMAT' '0.4' '1']
 ['MMAT' '0.4' '1']
 ['MMAT' '0.4' '1']
 ['MMAT' '0.4' '1']
 ['MMAT' '0.4' '1']
 ['MMAT' '0.4' '1']
 ['MMAT' '0.4' '1']]
Save merged dataset as  /wsu/home/gy/gy40/gy4065/hm.jetscapeml.data/simulation_results/config_06_alpha_0.4_q0_2.0_MMAT_MLBT_size_1200000_shuffled.pkl
Merged dataset saved as: /wsu/home/gy/gy40/gy4065/hm.jetscapeml.data/simulation_results/config_06_alpha_0.4_q0_2.0_MMAT_MLBT_size_1200000_shuffled.pkl
