Converting notebook to script
Running dataset step-8-dataset-concat-shuffler for CONFIG_NUMBER 9, q0=2.5, alpha_s=0.4
Defaulting to user installation because normal site-packages is not writeable
Requirement already satisfied: pickle5 in /wsu/home/gy/gy40/gy4065/.local/lib/python3.7/site-packages (0.0.12)
Defaulting to user installation because normal site-packages is not writeable
Requirement already satisfied: pickle5 in /wsu/home/gy/gy40/gy4065/.local/lib/python3.7/site-packages (0.0.12)
Loading/Installing Package => Begin


Installing pickle5
Installed pickle5


########################################################################
Checking the running platforms

Installing pickle5
Installed pickle5

Python version: 3.7.3
OS: Linux
OS version: 5.15.80-200.el7.x86_64
running on Colab: False
Dataset Directory Path: /wsu/home/gy/gy40/gy4065/hm.jetscapeml.data/
Simulation Results Path: /wsu/home/gy/gy40/gy4065/hm.jetscapeml.data/simulation_results/
Dataset Directory Path: /wsu/home/gy/gy40/gy4065/hm.jetscapeml.data/
Simulation Directory Path: /wsu/home/gy/gy40/gy4065/hm.jetscapeml.data/simulation_results/
########################################################################


Loading/Installing Package => End


data_size:  600000
configuration_number:  9
alpha_s:  0.4
q0:  2.5
Tokenized Arguments:
data_size
configuration_number
alpha_s
q0

Tokenized Values:
data_size: 600000
configuration_number: 9
alpha_s: 0.4
q0: 2.5
Test: Loading dataset MATTER side and Printing Y side to make sure, 3 colums are
Loading dataset_mvac

########################################################################
Loading separate datasets
Loading Dataset from /wsu/home/gy/gy40/gy4065/hm.jetscapeml.data/simulation_results/config-09-MMAT-alpha_s-0.4-q0-1-simulationsize600000-dataset.pkl
dataset.x_train: <class 'numpy.ndarray'> 552960000 (540000, 32, 32)
dataset.x_test: <class 'numpy.ndarray'> 61440000 (60000, 32, 32)
dataset.y_train: <class 'numpy.ndarray'> 1620000 (540000, 3)
dataset.y_test: <class 'numpy.ndarray'> 180000 (60000, 3)
Sample dataset.y_test
[['MMAT' '0.4' '1']
 ['MMAT' '0.4' '1']
 ['MMAT' '0.4' '1']
 ['MMAT' '0.4' '1']
 ['MMAT' '0.4' '1']
 ['MMAT' '0.4' '1']
 ['MMAT' '0.4' '1']
 ['MMAT' '0.4' '1']
 ['MMAT' '0.4' '1']]

########################################################################
Loading dataset_mlbt

########################################################################
Loading separate datasets
Loading Dataset from /wsu/home/gy/gy40/gy4065/hm.jetscapeml.data/simulation_results/config-09-MLBT-alpha_s-0.4-q0-2.5-simulationsize600000-dataset.pkl
dataset.x_train: <class 'numpy.ndarray'> 552960000 (540000, 32, 32)
dataset.x_test: <class 'numpy.ndarray'> 61440000 (60000, 32, 32)
dataset.y_train: <class 'numpy.ndarray'> 1620000 (540000, 3)
dataset.y_test: <class 'numpy.ndarray'> 180000 (60000, 3)
Sample dataset.y_test
[['MLBT' '0.4' '2.5']
 ['MLBT' '0.4' '2.5']
 ['MLBT' '0.4' '2.5']
 ['MLBT' '0.4' '2.5']
 ['MLBT' '0.4' '2.5']
 ['MLBT' '0.4' '2.5']
 ['MLBT' '0.4' '2.5']
 ['MLBT' '0.4' '2.5']
 ['MLBT' '0.4' '2.5']]

########################################################################
indices [ 965267  394562  601243  733759  264949 1056090 1064427  901351  455991
  861861  818510 1018763  695205  980905  951805   39573 1007684  978652
  732147  522504  765785  297208   91781  446998  248146  614575  336619
 1053960  503773  967200  863993  157409  522192  810829  321488  939324
  273722  362653  687408  754344  549052   89167  188016  802090  433929
  277207  797610 1002129  929473  617125  389080  927101  530091  535347
  373397  751296  328397  589170  770712  847252  549976 1000124  904867
  158269  704880   96345  381569  680139  559550  253868  849032   40239
  519915  689476  510256  758938  221171  618249  699055  477032  204831
  292237  965149  458784  404764  523803  125555  935113  403373  582331
  723756  668890  987219  785776  307784  417263  651364  584379  142819]
merged_dataset x_train shape: (1080000, 32, 32)
merged_dataset x_test shape: (120000, 32, 32)
merged_dataset y_train shape: (1080000, 3)
merged_dataset y_test shape: (120000, 3)
merged_dataset y_train values:
 [['MLBT' '0.4' '2.5']
 ['MMAT' '0.4' '1']
 ['MLBT' '0.4' '2.5']
 ['MLBT' '0.4' '2.5']
 ['MMAT' '0.4' '1']
 ['MLBT' '0.4' '2.5']
 ['MLBT' '0.4' '2.5']
 ['MLBT' '0.4' '2.5']
 ['MMAT' '0.4' '1']
 ['MLBT' '0.4' '2.5']
 ['MLBT' '0.4' '2.5']
 ['MLBT' '0.4' '2.5']
 ['MLBT' '0.4' '2.5']
 ['MLBT' '0.4' '2.5']
 ['MLBT' '0.4' '2.5']
 ['MMAT' '0.4' '1']
 ['MLBT' '0.4' '2.5']
 ['MLBT' '0.4' '2.5']
 ['MLBT' '0.4' '2.5']
 ['MMAT' '0.4' '1']
 ['MLBT' '0.4' '2.5']
 ['MMAT' '0.4' '1']
 ['MMAT' '0.4' '1']
 ['MMAT' '0.4' '1']
 ['MMAT' '0.4' '1']
 ['MLBT' '0.4' '2.5']
 ['MMAT' '0.4' '1']
 ['MLBT' '0.4' '2.5']
 ['MMAT' '0.4' '1']
 ['MLBT' '0.4' '2.5']
 ['MLBT' '0.4' '2.5']
 ['MMAT' '0.4' '1']
 ['MMAT' '0.4' '1']
 ['MLBT' '0.4' '2.5']
 ['MMAT' '0.4' '1']
 ['MLBT' '0.4' '2.5']
 ['MMAT' '0.4' '1']
 ['MMAT' '0.4' '1']
 ['MLBT' '0.4' '2.5']
 ['MLBT' '0.4' '2.5']
 ['MLBT' '0.4' '2.5']
 ['MMAT' '0.4' '1']
 ['MMAT' '0.4' '1']
 ['MLBT' '0.4' '2.5']
 ['MMAT' '0.4' '1']
 ['MMAT' '0.4' '1']
 ['MLBT' '0.4' '2.5']
 ['MLBT' '0.4' '2.5']
 ['MLBT' '0.4' '2.5']
 ['MLBT' '0.4' '2.5']
 ['MMAT' '0.4' '1']
 ['MLBT' '0.4' '2.5']
 ['MMAT' '0.4' '1']
 ['MMAT' '0.4' '1']
 ['MMAT' '0.4' '1']
 ['MLBT' '0.4' '2.5']
 ['MMAT' '0.4' '1']
 ['MLBT' '0.4' '2.5']
 ['MLBT' '0.4' '2.5']
 ['MLBT' '0.4' '2.5']
 ['MLBT' '0.4' '2.5']
 ['MLBT' '0.4' '2.5']
 ['MLBT' '0.4' '2.5']
 ['MMAT' '0.4' '1']
 ['MLBT' '0.4' '2.5']
 ['MMAT' '0.4' '1']
 ['MMAT' '0.4' '1']
 ['MLBT' '0.4' '2.5']
 ['MLBT' '0.4' '2.5']
 ['MMAT' '0.4' '1']
 ['MLBT' '0.4' '2.5']
 ['MMAT' '0.4' '1']
 ['MMAT' '0.4' '1']
 ['MLBT' '0.4' '2.5']
 ['MMAT' '0.4' '1']
 ['MLBT' '0.4' '2.5']
 ['MMAT' '0.4' '1']
 ['MLBT' '0.4' '2.5']
 ['MLBT' '0.4' '2.5']
 ['MMAT' '0.4' '1']
 ['MMAT' '0.4' '1']
 ['MMAT' '0.4' '1']
 ['MLBT' '0.4' '2.5']
 ['MMAT' '0.4' '1']
 ['MMAT' '0.4' '1']
 ['MMAT' '0.4' '1']
 ['MMAT' '0.4' '1']
 ['MLBT' '0.4' '2.5']
 ['MMAT' '0.4' '1']
 ['MLBT' '0.4' '2.5']
 ['MLBT' '0.4' '2.5']
 ['MLBT' '0.4' '2.5']
 ['MLBT' '0.4' '2.5']
 ['MLBT' '0.4' '2.5']
 ['MMAT' '0.4' '1']
 ['MMAT' '0.4' '1']
 ['MLBT' '0.4' '2.5']
 ['MLBT' '0.4' '2.5']
 ['MMAT' '0.4' '1']]
merged_dataset y_test values:
 [['MMAT' '0.4' '1']
 ['MMAT' '0.4' '1']
 ['MMAT' '0.4' '1']
 ['MMAT' '0.4' '1']
 ['MMAT' '0.4' '1']
 ['MMAT' '0.4' '1']
 ['MMAT' '0.4' '1']
 ['MMAT' '0.4' '1']
 ['MMAT' '0.4' '1']]
Save merged dataset as  /wsu/home/gy/gy40/gy4065/hm.jetscapeml.data/simulation_results/config_09_alpha_0.4_q0_2.5_MMAT_MLBT_size_1200000_shuffled.npz
Merged dataset saved as: /wsu/home/gy/gy40/gy4065/hm.jetscapeml.data/simulation_results/config_09_alpha_0.4_q0_2.5_MMAT_MLBT_size_1200000_shuffled.npz
